                                      1 ;--------------------------------------------------------
                                      2 ; File Created by SDCC : free open source ANSI-C Compiler
                                      3 ; Version 3.6.3 #9771 (MINGW32)
                                      4 ;--------------------------------------------------------
                                      5 	.module HardwareSerial
                                      6 	.optsdcc -mstm8
                                      7 	
                                      8 ;--------------------------------------------------------
                                      9 ; Public variables in this module
                                     10 ;--------------------------------------------------------
                                     11 	.globl _HardwareSerial_peek
                                     12 	.globl _UART1_DeInit
                                     13 	.globl _CLK_GetClockFreq
                                     14 	.globl _UART1_RX_IRQHandler
                                     15 	.globl _UART1_TX_IRQHandler
                                     16 	.globl _HardwareSerial
                                     17 	.globl _HardwareSerial_begin
                                     18 	.globl _HardwareSerial_begin_config
                                     19 	.globl _HardwareSerial_end
                                     20 	.globl _HardwareSerial_available
                                     21 	.globl _HardwareSerial_read
                                     22 	.globl _HardwareSerial_flush
                                     23 	.globl _HardwareSerial_write
                                     24 ;--------------------------------------------------------
                                     25 ; ram data
                                     26 ;--------------------------------------------------------
                                     27 	.area DATA
      000000                         28 _rx_buffer:
      000000                         29 	.ds 20
      000014                         30 _tx_buffer:
      000014                         31 	.ds 20
      000028                         32 _transmitting:
      000028                         33 	.ds 1
      000029                         34 _initialized:
      000029                         35 	.ds 1
                                     36 ;--------------------------------------------------------
                                     37 ; ram data
                                     38 ;--------------------------------------------------------
                                     39 	.area INITIALIZED
                                     40 ;--------------------------------------------------------
                                     41 ; absolute external ram data
                                     42 ;--------------------------------------------------------
                                     43 	.area DABS (ABS)
                                     44 ;--------------------------------------------------------
                                     45 ; global & static initialisations
                                     46 ;--------------------------------------------------------
                                     47 	.area HOME
                                     48 	.area GSINIT
                                     49 	.area GSFINAL
                                     50 	.area GSINIT
                                     51 ;--------------------------------------------------------
                                     52 ; Home
                                     53 ;--------------------------------------------------------
                                     54 	.area HOME
                                     55 	.area HOME
                                     56 ;--------------------------------------------------------
                                     57 ; code
                                     58 ;--------------------------------------------------------
                                     59 	.area CODE
                                     60 ;	C:\Users\sineirx\.platformio\packages\framework-arduinoststm8\cores\sduino\HardwareSerial.c: 139: static void store_char(unsigned char c, ring_buffer *buffer)
                                     61 ;	-----------------------------------------
                                     62 ;	 function store_char
                                     63 ;	-----------------------------------------
      000000                         64 _store_char:
      000000 52 08            [ 2]   65 	sub	sp, #8
                                     66 ;	C:\Users\sineirx\.platformio\packages\framework-arduinoststm8\cores\sduino\HardwareSerial.c: 142: int i = (unsigned int)(buffer->head + 1) % SERIAL_BUFFER_SIZE;
      000002 16 0C            [ 2]   67 	ldw	y, (0x0c, sp)
      000004 17 03            [ 2]   68 	ldw	(0x03, sp), y
      000006 93               [ 1]   69 	ldw	x, y
      000007 1C 00 10         [ 2]   70 	addw	x, #0x0010
      00000A 1F 07            [ 2]   71 	ldw	(0x07, sp), x
      00000C FE               [ 2]   72 	ldw	x, (x)
      00000D 5C               [ 1]   73 	incw	x
      00000E 9F               [ 1]   74 	ld	a, xl
      00000F A4 0F            [ 1]   75 	and	a, #0x0f
      000011 97               [ 1]   76 	ld	xl, a
      000012 4F               [ 1]   77 	clr	a
      000013 95               [ 1]   78 	ld	xh, a
      000014 1F 01            [ 2]   79 	ldw	(0x01, sp), x
                                     80 ;	C:\Users\sineirx\.platformio\packages\framework-arduinoststm8\cores\sduino\HardwareSerial.c: 148: if (i != buffer->tail) {
      000016 1E 03            [ 2]   81 	ldw	x, (0x03, sp)
      000018 EE 12            [ 2]   82 	ldw	x, (0x12, x)
      00001A 1F 05            [ 2]   83 	ldw	(0x05, sp), x
      00001C 1E 01            [ 2]   84 	ldw	x, (0x01, sp)
      00001E 13 05            [ 2]   85 	cpw	x, (0x05, sp)
      000020 27 12            [ 1]   86 	jreq	00103$
                                     87 ;	C:\Users\sineirx\.platformio\packages\framework-arduinoststm8\cores\sduino\HardwareSerial.c: 149: buffer->buffer[buffer->head] = c;
      000022 1E 07            [ 2]   88 	ldw	x, (0x07, sp)
      000024 FE               [ 2]   89 	ldw	x, (x)
      000025 72 FB 03         [ 2]   90 	addw	x, (0x03, sp)
      000028 7B 0B            [ 1]   91 	ld	a, (0x0b, sp)
      00002A F7               [ 1]   92 	ld	(x), a
                                     93 ;	C:\Users\sineirx\.platformio\packages\framework-arduinoststm8\cores\sduino\HardwareSerial.c: 150: buffer->head = i;
      00002B 1E 07            [ 2]   94 	ldw	x, (0x07, sp)
      00002D 16 01            [ 2]   95 	ldw	y, (0x01, sp)
      00002F FF               [ 2]   96 	ldw	(x), y
                                     97 ;	C:\Users\sineirx\.platformio\packages\framework-arduinoststm8\cores\sduino\HardwareSerial.c: 151: runSerialEvent = 1;
      000030 35 01u00u00      [ 1]   98 	mov	_runSerialEvent+0, #0x01
      000034                         99 00103$:
      000034 5B 08            [ 2]  100 	addw	sp, #8
      000036 81               [ 4]  101 	ret
                                    102 ;	C:\Users\sineirx\.platformio\packages\framework-arduinoststm8\cores\sduino\HardwareSerial.c: 157: void UARTx_RX_IRQHandler(void) __interrupt(ITC_IRQ_UARTx_RX) /* UART1/2 RX */
                                    103 ;	-----------------------------------------
                                    104 ;	 function UART1_RX_IRQHandler
                                    105 ;	-----------------------------------------
      000037                        106 _UART1_RX_IRQHandler:
      000037 52 02            [ 2]  107 	sub	sp, #2
                                    108 ;	C:\Users\sineirx\.platformio\packages\framework-arduinoststm8\cores\sduino\HardwareSerial.c: 166: c = UARTx->DR;
      000039 AE 52 31         [ 2]  109 	ldw	x, #0x5231
      00003C F6               [ 1]  110 	ld	a, (x)
                                    111 ;	C:\Users\sineirx\.platformio\packages\framework-arduinoststm8\cores\sduino\HardwareSerial.c: 168: if (!(UARTx->SR & UARTx_FLAG_PE)) {
      00003D AE 52 30         [ 2]  112 	ldw	x, #0x5230
      000040 88               [ 1]  113 	push	a
      000041 F6               [ 1]  114 	ld	a, (x)
      000042 97               [ 1]  115 	ld	xl, a
      000043 84               [ 1]  116 	pop	a
      000044 0F 01            [ 1]  117 	clr	(0x01, sp)
      000046 54               [ 2]  118 	srlw	x
      000047 25 0A            [ 1]  119 	jrc	00103$
                                    120 ;	C:\Users\sineirx\.platformio\packages\framework-arduinoststm8\cores\sduino\HardwareSerial.c: 171: store_char(c, &rx_buffer);
      000049 AEr00r00         [ 2]  121 	ldw	x, #_rx_buffer+0
      00004C 89               [ 2]  122 	pushw	x
      00004D 88               [ 1]  123 	push	a
      00004E CDr00r00         [ 4]  124 	call	_store_char
      000051 5B 03            [ 2]  125 	addw	sp, #3
      000053                        126 00103$:
      000053 5B 02            [ 2]  127 	addw	sp, #2
      000055 80               [11]  128 	iret
                                    129 ;	C:\Users\sineirx\.platformio\packages\framework-arduinoststm8\cores\sduino\HardwareSerial.c: 176: void UARTx_TX_IRQHandler(void) __interrupt(ITC_IRQ_UARTx_TX) /* UART1/2 TX */
                                    130 ;	-----------------------------------------
                                    131 ;	 function UART1_TX_IRQHandler
                                    132 ;	-----------------------------------------
      000056                        133 _UART1_TX_IRQHandler:
      000056 52 06            [ 2]  134 	sub	sp, #6
                                    135 ;	C:\Users\sineirx\.platformio\packages\framework-arduinoststm8\cores\sduino\HardwareSerial.c: 192: if (tx_buffer.head == tx_buffer.tail) {
      000058 AEr00r14         [ 2]  136 	ldw	x, #_tx_buffer+0
      00005B 1F 01            [ 2]  137 	ldw	(0x01, sp), x
      00005D 90 93            [ 1]  138 	ldw	y, x
      00005F 90 EE 10         [ 2]  139 	ldw	y, (0x10, y)
      000062 1E 01            [ 2]  140 	ldw	x, (0x01, sp)
      000064 1C 00 12         [ 2]  141 	addw	x, #0x0012
      000067 1F 05            [ 2]  142 	ldw	(0x05, sp), x
      000069 FE               [ 2]  143 	ldw	x, (x)
      00006A 1F 03            [ 2]  144 	ldw	(0x03, sp), x
      00006C 93               [ 1]  145 	ldw	x, y
      00006D 13 03            [ 2]  146 	cpw	x, (0x03, sp)
      00006F 26 0D            [ 1]  147 	jrne	00102$
                                    148 ;	C:\Users\sineirx\.platformio\packages\framework-arduinoststm8\cores\sduino\HardwareSerial.c: 194: transmitting = 0;
      000071 72 5Fu00u28      [ 1]  149 	clr	_transmitting+0
                                    150 ;	C:\Users\sineirx\.platformio\packages\framework-arduinoststm8\cores\sduino\HardwareSerial.c: 195: UARTx->CR2 &= ~UARTx_CR2_TIEN;
      000075 AE 52 35         [ 2]  151 	ldw	x, #0x5235
      000078 F6               [ 1]  152 	ld	a, (x)
      000079 A4 7F            [ 1]  153 	and	a, #0x7f
      00007B F7               [ 1]  154 	ld	(x), a
      00007C 20 1B            [ 2]  155 	jra	00104$
      00007E                        156 00102$:
                                    157 ;	C:\Users\sineirx\.platformio\packages\framework-arduinoststm8\cores\sduino\HardwareSerial.c: 199: unsigned char c = tx_buffer.buffer[tx_buffer.tail];
      00007E 1E 05            [ 2]  158 	ldw	x, (0x05, sp)
      000080 FE               [ 2]  159 	ldw	x, (x)
      000081 72 FB 01         [ 2]  160 	addw	x, (0x01, sp)
      000084 F6               [ 1]  161 	ld	a, (x)
                                    162 ;	C:\Users\sineirx\.platformio\packages\framework-arduinoststm8\cores\sduino\HardwareSerial.c: 200: tx_buffer.tail = (tx_buffer.tail + 1) % SERIAL_BUFFER_SIZE;
      000085 1E 05            [ 2]  163 	ldw	x, (0x05, sp)
      000087 FE               [ 2]  164 	ldw	x, (x)
      000088 5C               [ 1]  165 	incw	x
      000089 88               [ 1]  166 	push	a
      00008A 9F               [ 1]  167 	ld	a, xl
      00008B A4 0F            [ 1]  168 	and	a, #0x0f
      00008D 97               [ 1]  169 	ld	xl, a
      00008E 4F               [ 1]  170 	clr	a
      00008F 95               [ 1]  171 	ld	xh, a
      000090 84               [ 1]  172 	pop	a
      000091 16 05            [ 2]  173 	ldw	y, (0x05, sp)
      000093 90 FF            [ 2]  174 	ldw	(y), x
                                    175 ;	C:\Users\sineirx\.platformio\packages\framework-arduinoststm8\cores\sduino\HardwareSerial.c: 202: UARTx->DR = c;
      000095 AE 52 31         [ 2]  176 	ldw	x, #0x5231
      000098 F7               [ 1]  177 	ld	(x), a
      000099                        178 00104$:
      000099 5B 06            [ 2]  179 	addw	sp, #6
      00009B 80               [11]  180 	iret
                                    181 ;	C:\Users\sineirx\.platformio\packages\framework-arduinoststm8\cores\sduino\HardwareSerial.c: 209: uint8_t HardwareSerial(void)
                                    182 ;	-----------------------------------------
                                    183 ;	 function HardwareSerial
                                    184 ;	-----------------------------------------
      00009C                        185 _HardwareSerial:
                                    186 ;	C:\Users\sineirx\.platformio\packages\framework-arduinoststm8\cores\sduino\HardwareSerial.c: 211: return initialized;
      00009C C6u00u29         [ 1]  187 	ld	a, _initialized+0
      00009F 81               [ 4]  188 	ret
                                    189 ;	C:\Users\sineirx\.platformio\packages\framework-arduinoststm8\cores\sduino\HardwareSerial.c: 215: void HardwareSerial_begin(unsigned long baud)
                                    190 ;	-----------------------------------------
                                    191 ;	 function HardwareSerial_begin
                                    192 ;	-----------------------------------------
      0000A0                        193 _HardwareSerial_begin:
      0000A0 52 05            [ 2]  194 	sub	sp, #5
                                    195 ;	C:\Users\sineirx\.platformio\packages\framework-arduinoststm8\cores\sduino\HardwareSerial.c: 228: divider = (uint16_t) ((uint32_t)CLK_GetClockFreq() / (uint32_t) baud);
      0000A2 CDr00r00         [ 4]  196 	call	_CLK_GetClockFreq
      0000A5 1F 04            [ 2]  197 	ldw	(0x04, sp), x
      0000A7 1E 0A            [ 2]  198 	ldw	x, (0x0a, sp)
      0000A9 89               [ 2]  199 	pushw	x
      0000AA 1E 0A            [ 2]  200 	ldw	x, (0x0a, sp)
      0000AC 89               [ 2]  201 	pushw	x
      0000AD 1E 08            [ 2]  202 	ldw	x, (0x08, sp)
      0000AF 89               [ 2]  203 	pushw	x
      0000B0 90 89            [ 2]  204 	pushw	y
      0000B2 CDr00r00         [ 4]  205 	call	__divulong
      0000B5 5B 08            [ 2]  206 	addw	sp, #8
                                    207 ;	C:\Users\sineirx\.platformio\packages\framework-arduinoststm8\cores\sduino\HardwareSerial.c: 230: UARTx->BRR2 = divider & 0x0f;
      0000B7 9F               [ 1]  208 	ld	a, xl
      0000B8 A4 0F            [ 1]  209 	and	a, #0x0f
      0000BA 90 AE 52 33      [ 2]  210 	ldw	y, #0x5233
      0000BE 90 F7            [ 1]  211 	ld	(y), a
                                    212 ;	C:\Users\sineirx\.platformio\packages\framework-arduinoststm8\cores\sduino\HardwareSerial.c: 231: divider >>= 4;
      0000C0 A6 10            [ 1]  213 	ld	a, #0x10
      0000C2 62               [ 2]  214 	div	x, a
      0000C3 9F               [ 1]  215 	ld	a, xl
                                    216 ;	C:\Users\sineirx\.platformio\packages\framework-arduinoststm8\cores\sduino\HardwareSerial.c: 232: UARTx->BRR1 = divider & 0xff;
      0000C4 AE 52 32         [ 2]  217 	ldw	x, #0x5232
      0000C7 F7               [ 1]  218 	ld	(x), a
                                    219 ;	C:\Users\sineirx\.platformio\packages\framework-arduinoststm8\cores\sduino\HardwareSerial.c: 234: UARTx->BRR2 |= (uint8_t) divider & 0xf0;
      0000C8 AE 52 33         [ 2]  220 	ldw	x, #0x5233
      0000CB 88               [ 1]  221 	push	a
      0000CC F6               [ 1]  222 	ld	a, (x)
      0000CD 6B 02            [ 1]  223 	ld	(0x02, sp), a
      0000CF 84               [ 1]  224 	pop	a
      0000D0 A4 F0            [ 1]  225 	and	a, #0xf0
      0000D2 1A 01            [ 1]  226 	or	a, (0x01, sp)
      0000D4 AE 52 33         [ 2]  227 	ldw	x, #0x5233
      0000D7 F7               [ 1]  228 	ld	(x), a
                                    229 ;	C:\Users\sineirx\.platformio\packages\framework-arduinoststm8\cores\sduino\HardwareSerial.c: 236: UARTx->CR1 = 0;			// 8 Bit, no parity
      0000D8 35 00 52 34      [ 1]  230 	mov	0x5234+0, #0x00
                                    231 ;	C:\Users\sineirx\.platformio\packages\framework-arduinoststm8\cores\sduino\HardwareSerial.c: 237: UARTx->CR3 = 0;			// one stop bit
      0000DC 35 00 52 36      [ 1]  232 	mov	0x5236+0, #0x00
                                    233 ;	C:\Users\sineirx\.platformio\packages\framework-arduinoststm8\cores\sduino\HardwareSerial.c: 239: UARTx->CR2 = UARTx_CR2_RIEN | UARTx_CR2_TEN | UARTx_CR2_REN;
      0000E0 35 2C 52 35      [ 1]  234 	mov	0x5235+0, #0x2c
                                    235 ;	C:\Users\sineirx\.platformio\packages\framework-arduinoststm8\cores\sduino\HardwareSerial.c: 241: initialized = 1;
      0000E4 35 01u00u29      [ 1]  236 	mov	_initialized+0, #0x01
                                    237 ;	C:\Users\sineirx\.platformio\packages\framework-arduinoststm8\cores\sduino\HardwareSerial.c: 242: runSerialEvent = 0;
      0000E8 72 5Fu00u00      [ 1]  238 	clr	_runSerialEvent+0
      0000EC 5B 05            [ 2]  239 	addw	sp, #5
      0000EE 81               [ 4]  240 	ret
                                    241 ;	C:\Users\sineirx\.platformio\packages\framework-arduinoststm8\cores\sduino\HardwareSerial.c: 246: void HardwareSerial_begin_config(unsigned long baud, uint8_t config)
                                    242 ;	-----------------------------------------
                                    243 ;	 function HardwareSerial_begin_config
                                    244 ;	-----------------------------------------
      0000EF                        245 _HardwareSerial_begin_config:
      0000EF 52 05            [ 2]  246 	sub	sp, #5
                                    247 ;	C:\Users\sineirx\.platformio\packages\framework-arduinoststm8\cores\sduino\HardwareSerial.c: 269: divider = (uint16_t) ((uint32_t)CLK_GetClockFreq() / (uint32_t) baud);
      0000F1 CDr00r00         [ 4]  248 	call	_CLK_GetClockFreq
      0000F4 1F 03            [ 2]  249 	ldw	(0x03, sp), x
      0000F6 1E 0A            [ 2]  250 	ldw	x, (0x0a, sp)
      0000F8 89               [ 2]  251 	pushw	x
      0000F9 1E 0A            [ 2]  252 	ldw	x, (0x0a, sp)
      0000FB 89               [ 2]  253 	pushw	x
      0000FC 1E 07            [ 2]  254 	ldw	x, (0x07, sp)
      0000FE 89               [ 2]  255 	pushw	x
      0000FF 90 89            [ 2]  256 	pushw	y
      000101 CDr00r00         [ 4]  257 	call	__divulong
      000104 5B 08            [ 2]  258 	addw	sp, #8
                                    259 ;	C:\Users\sineirx\.platformio\packages\framework-arduinoststm8\cores\sduino\HardwareSerial.c: 271: UARTx->BRR2 = divider & 0x0f;
      000106 9F               [ 1]  260 	ld	a, xl
      000107 A4 0F            [ 1]  261 	and	a, #0x0f
      000109 90 AE 52 33      [ 2]  262 	ldw	y, #0x5233
      00010D 90 F7            [ 1]  263 	ld	(y), a
                                    264 ;	C:\Users\sineirx\.platformio\packages\framework-arduinoststm8\cores\sduino\HardwareSerial.c: 272: divider >>= 4;
      00010F A6 10            [ 1]  265 	ld	a, #0x10
      000111 62               [ 2]  266 	div	x, a
      000112 9F               [ 1]  267 	ld	a, xl
                                    268 ;	C:\Users\sineirx\.platformio\packages\framework-arduinoststm8\cores\sduino\HardwareSerial.c: 273: UARTx->BRR1 = divider & 0xff;
      000113 AE 52 32         [ 2]  269 	ldw	x, #0x5232
      000116 F7               [ 1]  270 	ld	(x), a
                                    271 ;	C:\Users\sineirx\.platformio\packages\framework-arduinoststm8\cores\sduino\HardwareSerial.c: 275: UARTx->BRR2 |= (uint8_t) divider & 0xf0;
      000117 AE 52 33         [ 2]  272 	ldw	x, #0x5233
      00011A 88               [ 1]  273 	push	a
      00011B F6               [ 1]  274 	ld	a, (x)
      00011C 6B 06            [ 1]  275 	ld	(0x06, sp), a
      00011E 84               [ 1]  276 	pop	a
      00011F A4 F0            [ 1]  277 	and	a, #0xf0
      000121 1A 05            [ 1]  278 	or	a, (0x05, sp)
      000123 AE 52 33         [ 2]  279 	ldw	x, #0x5233
      000126 F7               [ 1]  280 	ld	(x), a
                                    281 ;	C:\Users\sineirx\.platformio\packages\framework-arduinoststm8\cores\sduino\HardwareSerial.c: 277: UARTx->CR1 = config & (MASK_DATABITS | MASK_PARITY);
      000127 7B 0C            [ 1]  282 	ld	a, (0x0c, sp)
      000129 A4 16            [ 1]  283 	and	a, #0x16
      00012B AE 52 34         [ 2]  284 	ldw	x, #0x5234
      00012E F7               [ 1]  285 	ld	(x), a
                                    286 ;	C:\Users\sineirx\.platformio\packages\framework-arduinoststm8\cores\sduino\HardwareSerial.c: 278: UARTx->CR3 = config & (MASK_STOPBITS);
      00012F 7B 0C            [ 1]  287 	ld	a, (0x0c, sp)
      000131 A4 20            [ 1]  288 	and	a, #0x20
      000133 AE 52 36         [ 2]  289 	ldw	x, #0x5236
      000136 F7               [ 1]  290 	ld	(x), a
                                    291 ;	C:\Users\sineirx\.platformio\packages\framework-arduinoststm8\cores\sduino\HardwareSerial.c: 280: UARTx->CR2 = UARTx_CR2_RIEN | UARTx_CR2_TEN | UARTx_CR2_REN;
      000137 35 2C 52 35      [ 1]  292 	mov	0x5235+0, #0x2c
                                    293 ;	C:\Users\sineirx\.platformio\packages\framework-arduinoststm8\cores\sduino\HardwareSerial.c: 282: initialized = 1;
      00013B 35 01u00u29      [ 1]  294 	mov	_initialized+0, #0x01
                                    295 ;	C:\Users\sineirx\.platformio\packages\framework-arduinoststm8\cores\sduino\HardwareSerial.c: 283: runSerialEvent = 0;
      00013F 72 5Fu00u00      [ 1]  296 	clr	_runSerialEvent+0
      000143 5B 05            [ 2]  297 	addw	sp, #5
      000145 81               [ 4]  298 	ret
                                    299 ;	C:\Users\sineirx\.platformio\packages\framework-arduinoststm8\cores\sduino\HardwareSerial.c: 287: void HardwareSerial_end(void)
                                    300 ;	-----------------------------------------
                                    301 ;	 function HardwareSerial_end
                                    302 ;	-----------------------------------------
      000146                        303 _HardwareSerial_end:
      000146 52 08            [ 2]  304 	sub	sp, #8
                                    305 ;	C:\Users\sineirx\.platformio\packages\framework-arduinoststm8\cores\sduino\HardwareSerial.c: 290: while (tx_buffer.head != tx_buffer.tail)
      000148 AEr00r14         [ 2]  306 	ldw	x, #_tx_buffer+0
      00014B 1F 05            [ 2]  307 	ldw	(0x05, sp), x
      00014D 1F 01            [ 2]  308 	ldw	(0x01, sp), x
      00014F                        309 00101$:
      00014F 1E 05            [ 2]  310 	ldw	x, (0x05, sp)
      000151 EE 10            [ 2]  311 	ldw	x, (0x10, x)
      000153 16 01            [ 2]  312 	ldw	y, (0x01, sp)
      000155 90 EE 12         [ 2]  313 	ldw	y, (0x12, y)
      000158 17 03            [ 2]  314 	ldw	(0x03, sp), y
      00015A 13 03            [ 2]  315 	cpw	x, (0x03, sp)
      00015C 26 F1            [ 1]  316 	jrne	00101$
                                    317 ;	C:\Users\sineirx\.platformio\packages\framework-arduinoststm8\cores\sduino\HardwareSerial.c: 293: UARTx_DeInit();
      00015E CDr00r00         [ 4]  318 	call	_UART1_DeInit
                                    319 ;	C:\Users\sineirx\.platformio\packages\framework-arduinoststm8\cores\sduino\HardwareSerial.c: 296: rx_buffer.head = rx_buffer.tail;
      000161 AEr00r00         [ 2]  320 	ldw	x, #_rx_buffer+0
      000164 1F 07            [ 2]  321 	ldw	(0x07, sp), x
      000166 1C 00 10         [ 2]  322 	addw	x, #0x0010
      000169 16 07            [ 2]  323 	ldw	y, (0x07, sp)
      00016B 90 EE 12         [ 2]  324 	ldw	y, (0x12, y)
      00016E FF               [ 2]  325 	ldw	(x), y
                                    326 ;	C:\Users\sineirx\.platformio\packages\framework-arduinoststm8\cores\sduino\HardwareSerial.c: 297: initialized = 0;
      00016F 72 5Fu00u29      [ 1]  327 	clr	_initialized+0
                                    328 ;	C:\Users\sineirx\.platformio\packages\framework-arduinoststm8\cores\sduino\HardwareSerial.c: 298: runSerialEvent = 0;
      000173 72 5Fu00u00      [ 1]  329 	clr	_runSerialEvent+0
      000177 5B 08            [ 2]  330 	addw	sp, #8
      000179 81               [ 4]  331 	ret
                                    332 ;	C:\Users\sineirx\.platformio\packages\framework-arduinoststm8\cores\sduino\HardwareSerial.c: 301: int HardwareSerial_available(void)
                                    333 ;	-----------------------------------------
                                    334 ;	 function HardwareSerial_available
                                    335 ;	-----------------------------------------
      00017A                        336 _HardwareSerial_available:
      00017A 52 02            [ 2]  337 	sub	sp, #2
                                    338 ;	C:\Users\sineirx\.platformio\packages\framework-arduinoststm8\cores\sduino\HardwareSerial.c: 303: return (unsigned int)(SERIAL_BUFFER_SIZE + rx_buffer.head - rx_buffer.tail) % SERIAL_BUFFER_SIZE;
      00017C 90 AEr00r00      [ 2]  339 	ldw	y, #_rx_buffer+0
      000180 93               [ 1]  340 	ldw	x, y
      000181 90 9F            [ 1]  341 	ld	a, yl
      000183 97               [ 1]  342 	ld	xl, a
      000184 EE 10            [ 2]  343 	ldw	x, (0x10, x)
      000186 1C 00 10         [ 2]  344 	addw	x, #0x0010
      000189 90 EE 12         [ 2]  345 	ldw	y, (0x12, y)
      00018C 17 01            [ 2]  346 	ldw	(0x01, sp), y
      00018E 72 F0 01         [ 2]  347 	subw	x, (0x01, sp)
      000191 9F               [ 1]  348 	ld	a, xl
      000192 A4 0F            [ 1]  349 	and	a, #0x0f
      000194 97               [ 1]  350 	ld	xl, a
      000195 4F               [ 1]  351 	clr	a
      000196 95               [ 1]  352 	ld	xh, a
      000197 5B 02            [ 2]  353 	addw	sp, #2
      000199 81               [ 4]  354 	ret
                                    355 ;	C:\Users\sineirx\.platformio\packages\framework-arduinoststm8\cores\sduino\HardwareSerial.c: 306: int HardwareSerial_peek(void)
                                    356 ;	-----------------------------------------
                                    357 ;	 function HardwareSerial_peek
                                    358 ;	-----------------------------------------
      00019A                        359 _HardwareSerial_peek:
      00019A 52 04            [ 2]  360 	sub	sp, #4
                                    361 ;	C:\Users\sineirx\.platformio\packages\framework-arduinoststm8\cores\sduino\HardwareSerial.c: 308: if (rx_buffer.head == rx_buffer.tail) {
      00019C AEr00r00         [ 2]  362 	ldw	x, #_rx_buffer+0
      00019F 1F 03            [ 2]  363 	ldw	(0x03, sp), x
      0001A1 90 93            [ 1]  364 	ldw	y, x
      0001A3 90 EE 10         [ 2]  365 	ldw	y, (0x10, y)
      0001A6 1E 03            [ 2]  366 	ldw	x, (0x03, sp)
      0001A8 1C 00 12         [ 2]  367 	addw	x, #0x0012
      0001AB E6 01            [ 1]  368 	ld	a, (0x1, x)
      0001AD 6B 02            [ 1]  369 	ld	(0x02, sp), a
      0001AF F6               [ 1]  370 	ld	a, (x)
      0001B0 6B 01            [ 1]  371 	ld	(0x01, sp), a
      0001B2 51               [ 1]  372 	exgw	x, y
      0001B3 13 01            [ 2]  373 	cpw	x, (0x01, sp)
      0001B5 51               [ 1]  374 	exgw	x, y
      0001B6 26 05            [ 1]  375 	jrne	00102$
                                    376 ;	C:\Users\sineirx\.platformio\packages\framework-arduinoststm8\cores\sduino\HardwareSerial.c: 310: return -1;
      0001B8 AE FF FF         [ 2]  377 	ldw	x, #0xffff
      0001BB 20 07            [ 2]  378 	jra	00104$
      0001BD                        379 00102$:
                                    380 ;	C:\Users\sineirx\.platformio\packages\framework-arduinoststm8\cores\sduino\HardwareSerial.c: 312: return rx_buffer.buffer[rx_buffer.tail];
      0001BD FE               [ 2]  381 	ldw	x, (x)
      0001BE 72 FB 03         [ 2]  382 	addw	x, (0x03, sp)
      0001C1 F6               [ 1]  383 	ld	a, (x)
      0001C2 5F               [ 1]  384 	clrw	x
      0001C3 97               [ 1]  385 	ld	xl, a
      0001C4                        386 00104$:
      0001C4 5B 04            [ 2]  387 	addw	sp, #4
      0001C6 81               [ 4]  388 	ret
                                    389 ;	C:\Users\sineirx\.platformio\packages\framework-arduinoststm8\cores\sduino\HardwareSerial.c: 316: int HardwareSerial_read(void)
                                    390 ;	-----------------------------------------
                                    391 ;	 function HardwareSerial_read
                                    392 ;	-----------------------------------------
      0001C7                        393 _HardwareSerial_read:
      0001C7 52 0B            [ 2]  394 	sub	sp, #11
                                    395 ;	C:\Users\sineirx\.platformio\packages\framework-arduinoststm8\cores\sduino\HardwareSerial.c: 319: if (rx_buffer.head == rx_buffer.tail) {
      0001C9 AEr00r00         [ 2]  396 	ldw	x, #_rx_buffer+0
      0001CC 1F 08            [ 2]  397 	ldw	(0x08, sp), x
      0001CE 1C 00 10         [ 2]  398 	addw	x, #0x0010
      0001D1 1F 06            [ 2]  399 	ldw	(0x06, sp), x
      0001D3 FE               [ 2]  400 	ldw	x, (x)
      0001D4 16 08            [ 2]  401 	ldw	y, (0x08, sp)
      0001D6 72 A9 00 12      [ 2]  402 	addw	y, #0x0012
      0001DA 17 02            [ 2]  403 	ldw	(0x02, sp), y
      0001DC 90 FE            [ 2]  404 	ldw	y, (y)
      0001DE 17 0A            [ 2]  405 	ldw	(0x0a, sp), y
      0001E0 13 0A            [ 2]  406 	cpw	x, (0x0a, sp)
      0001E2 26 05            [ 1]  407 	jrne	00102$
                                    408 ;	C:\Users\sineirx\.platformio\packages\framework-arduinoststm8\cores\sduino\HardwareSerial.c: 321: return -1;
      0001E4 AE FF FF         [ 2]  409 	ldw	x, #0xffff
      0001E7 20 35            [ 2]  410 	jra	00104$
      0001E9                        411 00102$:
                                    412 ;	C:\Users\sineirx\.platformio\packages\framework-arduinoststm8\cores\sduino\HardwareSerial.c: 323: unsigned char c = rx_buffer.buffer[rx_buffer.tail];
      0001E9 1E 02            [ 2]  413 	ldw	x, (0x02, sp)
      0001EB FE               [ 2]  414 	ldw	x, (x)
      0001EC 72 FB 08         [ 2]  415 	addw	x, (0x08, sp)
      0001EF F6               [ 1]  416 	ld	a, (x)
      0001F0 6B 01            [ 1]  417 	ld	(0x01, sp), a
                                    418 ;	C:\Users\sineirx\.platformio\packages\framework-arduinoststm8\cores\sduino\HardwareSerial.c: 324: rx_buffer.tail = (unsigned int)(rx_buffer.tail + 1) % SERIAL_BUFFER_SIZE;
      0001F2 1E 02            [ 2]  419 	ldw	x, (0x02, sp)
      0001F4 FE               [ 2]  420 	ldw	x, (x)
      0001F5 5C               [ 1]  421 	incw	x
      0001F6 9F               [ 1]  422 	ld	a, xl
      0001F7 A4 0F            [ 1]  423 	and	a, #0x0f
      0001F9 6B 05            [ 1]  424 	ld	(0x05, sp), a
      0001FB 0F 04            [ 1]  425 	clr	(0x04, sp)
      0001FD 1E 02            [ 2]  426 	ldw	x, (0x02, sp)
      0001FF 16 04            [ 2]  427 	ldw	y, (0x04, sp)
      000201 FF               [ 2]  428 	ldw	(x), y
                                    429 ;	C:\Users\sineirx\.platformio\packages\framework-arduinoststm8\cores\sduino\HardwareSerial.c: 325: runSerialEvent = (rx_buffer.head != rx_buffer.tail);
      000202 1E 06            [ 2]  430 	ldw	x, (0x06, sp)
      000204 FE               [ 2]  431 	ldw	x, (x)
      000205 16 02            [ 2]  432 	ldw	y, (0x02, sp)
      000207 90 FE            [ 2]  433 	ldw	y, (y)
      000209 90 9E            [ 1]  434 	ld	a, yh
      00020B 13 04            [ 2]  435 	cpw	x, (0x04, sp)
      00020D 26 03            [ 1]  436 	jrne	00114$
      00020F A6 01            [ 1]  437 	ld	a, #0x01
      000211 21                     438 	.byte 0x21
      000212                        439 00114$:
      000212 4F               [ 1]  440 	clr	a
      000213                        441 00115$:
      000213 A0 01            [ 1]  442 	sub	a, #0x01
      000215 4F               [ 1]  443 	clr	a
      000216 49               [ 1]  444 	rlc	a
      000217 C7u00u00         [ 1]  445 	ld	_runSerialEvent+0, a
                                    446 ;	C:\Users\sineirx\.platformio\packages\framework-arduinoststm8\cores\sduino\HardwareSerial.c: 326: return c;
      00021A 5F               [ 1]  447 	clrw	x
      00021B 7B 01            [ 1]  448 	ld	a, (0x01, sp)
      00021D 97               [ 1]  449 	ld	xl, a
      00021E                        450 00104$:
      00021E 5B 0B            [ 2]  451 	addw	sp, #11
      000220 81               [ 4]  452 	ret
                                    453 ;	C:\Users\sineirx\.platformio\packages\framework-arduinoststm8\cores\sduino\HardwareSerial.c: 330: void HardwareSerial_flush(void)
                                    454 ;	-----------------------------------------
                                    455 ;	 function HardwareSerial_flush
                                    456 ;	-----------------------------------------
      000221                        457 _HardwareSerial_flush:
      000221 52 02            [ 2]  458 	sub	sp, #2
                                    459 ;	C:\Users\sineirx\.platformio\packages\framework-arduinoststm8\cores\sduino\HardwareSerial.c: 340: while (transmitting && !(UARTx->SR & UARTx_FLAG_TC));
      000223                        460 00102$:
      000223 72 5Du00u28      [ 1]  461 	tnz	_transmitting+0
      000227 27 0A            [ 1]  462 	jreq	00104$
      000229 AE 52 30         [ 2]  463 	ldw	x, #0x5230
      00022C F6               [ 1]  464 	ld	a, (x)
      00022D 0F 01            [ 1]  465 	clr	(0x01, sp)
      00022F A5 40            [ 1]  466 	bcp	a, #0x40
      000231 27 F0            [ 1]  467 	jreq	00102$
      000233                        468 00104$:
                                    469 ;	C:\Users\sineirx\.platformio\packages\framework-arduinoststm8\cores\sduino\HardwareSerial.c: 342: transmitting = 0;
      000233 72 5Fu00u28      [ 1]  470 	clr	_transmitting+0
      000237 5B 02            [ 2]  471 	addw	sp, #2
      000239 81               [ 4]  472 	ret
                                    473 ;	C:\Users\sineirx\.platformio\packages\framework-arduinoststm8\cores\sduino\HardwareSerial.c: 345: size_t HardwareSerial_write(uint8_t c)
                                    474 ;	-----------------------------------------
                                    475 ;	 function HardwareSerial_write
                                    476 ;	-----------------------------------------
      00023A                        477 _HardwareSerial_write:
      00023A 52 0A            [ 2]  478 	sub	sp, #10
                                    479 ;	C:\Users\sineirx\.platformio\packages\framework-arduinoststm8\cores\sduino\HardwareSerial.c: 347: int i = (tx_buffer.head + 1) % SERIAL_BUFFER_SIZE;
      00023C AEr00r14         [ 2]  480 	ldw	x, #_tx_buffer+0
      00023F 1F 03            [ 2]  481 	ldw	(0x03, sp), x
      000241 1C 00 10         [ 2]  482 	addw	x, #0x0010
      000244 1F 09            [ 2]  483 	ldw	(0x09, sp), x
      000246 FE               [ 2]  484 	ldw	x, (x)
      000247 5C               [ 1]  485 	incw	x
      000248 9F               [ 1]  486 	ld	a, xl
      000249 A4 0F            [ 1]  487 	and	a, #0x0f
      00024B 97               [ 1]  488 	ld	xl, a
      00024C 4F               [ 1]  489 	clr	a
      00024D 95               [ 1]  490 	ld	xh, a
      00024E 1F 01            [ 2]  491 	ldw	(0x01, sp), x
                                    492 ;	C:\Users\sineirx\.platformio\packages\framework-arduinoststm8\cores\sduino\HardwareSerial.c: 352: while (i == tx_buffer.tail)
      000250 16 03            [ 2]  493 	ldw	y, (0x03, sp)
      000252 17 05            [ 2]  494 	ldw	(0x05, sp), y
      000254                        495 00101$:
      000254 1E 05            [ 2]  496 	ldw	x, (0x05, sp)
      000256 EE 12            [ 2]  497 	ldw	x, (0x12, x)
      000258 1F 07            [ 2]  498 	ldw	(0x07, sp), x
      00025A 1E 01            [ 2]  499 	ldw	x, (0x01, sp)
      00025C 13 07            [ 2]  500 	cpw	x, (0x07, sp)
      00025E 27 F4            [ 1]  501 	jreq	00101$
                                    502 ;	C:\Users\sineirx\.platformio\packages\framework-arduinoststm8\cores\sduino\HardwareSerial.c: 355: tx_buffer.buffer[tx_buffer.head] = c;
      000260 1E 09            [ 2]  503 	ldw	x, (0x09, sp)
      000262 FE               [ 2]  504 	ldw	x, (x)
      000263 72 FB 03         [ 2]  505 	addw	x, (0x03, sp)
      000266 7B 0D            [ 1]  506 	ld	a, (0x0d, sp)
      000268 F7               [ 1]  507 	ld	(x), a
                                    508 ;	C:\Users\sineirx\.platformio\packages\framework-arduinoststm8\cores\sduino\HardwareSerial.c: 356: tx_buffer.head = i;
      000269 1E 09            [ 2]  509 	ldw	x, (0x09, sp)
      00026B 16 01            [ 2]  510 	ldw	y, (0x01, sp)
      00026D FF               [ 2]  511 	ldw	(x), y
                                    512 ;	C:\Users\sineirx\.platformio\packages\framework-arduinoststm8\cores\sduino\HardwareSerial.c: 361: UARTx->CR2 |= UARTx_CR2_TIEN;			// enable TXE interrupt
      00026E AE 52 35         [ 2]  513 	ldw	x, #0x5235
      000271 F6               [ 1]  514 	ld	a, (x)
      000272 AA 80            [ 1]  515 	or	a, #0x80
      000274 F7               [ 1]  516 	ld	(x), a
                                    517 ;	C:\Users\sineirx\.platformio\packages\framework-arduinoststm8\cores\sduino\HardwareSerial.c: 363: transmitting = 1;
      000275 35 01u00u28      [ 1]  518 	mov	_transmitting+0, #0x01
                                    519 ;	C:\Users\sineirx\.platformio\packages\framework-arduinoststm8\cores\sduino\HardwareSerial.c: 369: return 1;
      000279 AE 00 01         [ 2]  520 	ldw	x, #0x0001
      00027C 5B 0A            [ 2]  521 	addw	sp, #10
      00027E 81               [ 4]  522 	ret
                                    523 	.area CODE
                                    524 	.area INITIALIZER
                                    525 	.area CABS (ABS)
