                                      1 ;--------------------------------------------------------
                                      2 ; File Created by SDCC : free open source ANSI-C Compiler
                                      3 ; Version 3.6.3 #9771 (MINGW32)
                                      4 ;--------------------------------------------------------
                                      5 	.module Print
                                      6 	.optsdcc -mstm8
                                      7 	
                                      8 ;--------------------------------------------------------
                                      9 ; Public variables in this module
                                     10 ;--------------------------------------------------------
                                     11 	.globl _Print_print_sn
                                     12 	.globl _Print_print_s
                                     13 	.globl _Print_print_u
                                     14 	.globl _Print_print_i
                                     15 	.globl _Print_println_sn
                                     16 	.globl _Print_println_s
                                     17 	.globl _Print_println_u
                                     18 	.globl _Print_println_i
                                     19 	.globl _Print_println_ub
                                     20 	.globl _Print_println_ib
                                     21 	.globl _Print_println
                                     22 	.globl _Print_print_ub
                                     23 	.globl _Print_print_ib
                                     24 ;--------------------------------------------------------
                                     25 ; ram data
                                     26 ;--------------------------------------------------------
                                     27 	.area DATA
                                     28 ;--------------------------------------------------------
                                     29 ; ram data
                                     30 ;--------------------------------------------------------
                                     31 	.area INITIALIZED
                                     32 ;--------------------------------------------------------
                                     33 ; absolute external ram data
                                     34 ;--------------------------------------------------------
                                     35 	.area DABS (ABS)
                                     36 ;--------------------------------------------------------
                                     37 ; global & static initialisations
                                     38 ;--------------------------------------------------------
                                     39 	.area HOME
                                     40 	.area GSINIT
                                     41 	.area GSFINAL
                                     42 	.area GSINIT
                                     43 ;--------------------------------------------------------
                                     44 ; Home
                                     45 ;--------------------------------------------------------
                                     46 	.area HOME
                                     47 	.area HOME
                                     48 ;--------------------------------------------------------
                                     49 ; code
                                     50 ;--------------------------------------------------------
                                     51 	.area CODE
                                     52 ;	C:\Users\sineirx\.platformio\packages\framework-arduinoststm8\cores\sduino\Print.c: 52: size_t Print_print_sn(writefunc_p writefunc, const uint8_t *buffer, size_t size)
                                     53 ;	-----------------------------------------
                                     54 ;	 function Print_print_sn
                                     55 ;	-----------------------------------------
      000000                         56 _Print_print_sn:
      000000 52 06            [ 2]   57 	sub	sp, #6
                                     58 ;	C:\Users\sineirx\.platformio\packages\framework-arduinoststm8\cores\sduino\Print.c: 55: while (size--) {
      000002 16 0B            [ 2]   59 	ldw	y, (0x0b, sp)
      000004 17 03            [ 2]   60 	ldw	(0x03, sp), y
      000006 5F               [ 1]   61 	clrw	x
      000007 1F 01            [ 2]   62 	ldw	(0x01, sp), x
      000009 16 0D            [ 2]   63 	ldw	y, (0x0d, sp)
      00000B 17 05            [ 2]   64 	ldw	(0x05, sp), y
      00000D                         65 00104$:
      00000D 1E 05            [ 2]   66 	ldw	x, (0x05, sp)
      00000F 16 05            [ 2]   67 	ldw	y, (0x05, sp)
      000011 90 5A            [ 2]   68 	decw	y
      000013 17 05            [ 2]   69 	ldw	(0x05, sp), y
      000015 5D               [ 2]   70 	tnzw	x
      000016 27 17            [ 1]   71 	jreq	00106$
                                     72 ;	C:\Users\sineirx\.platformio\packages\framework-arduinoststm8\cores\sduino\Print.c: 56: if (writefunc(*buffer++)) n++;
      000018 1E 03            [ 2]   73 	ldw	x, (0x03, sp)
      00001A F6               [ 1]   74 	ld	a, (x)
      00001B 1E 03            [ 2]   75 	ldw	x, (0x03, sp)
      00001D 5C               [ 1]   76 	incw	x
      00001E 1F 03            [ 2]   77 	ldw	(0x03, sp), x
      000020 88               [ 1]   78 	push	a
      000021 1E 0A            [ 2]   79 	ldw	x, (0x0a, sp)
      000023 FD               [ 4]   80 	call	(x)
      000024 84               [ 1]   81 	pop	a
      000025 5D               [ 2]   82 	tnzw	x
      000026 27 07            [ 1]   83 	jreq	00106$
      000028 1E 01            [ 2]   84 	ldw	x, (0x01, sp)
      00002A 5C               [ 1]   85 	incw	x
      00002B 1F 01            [ 2]   86 	ldw	(0x01, sp), x
      00002D 20 DE            [ 2]   87 	jra	00104$
                                     88 ;	C:\Users\sineirx\.platformio\packages\framework-arduinoststm8\cores\sduino\Print.c: 57: else break;
      00002F                         89 00106$:
                                     90 ;	C:\Users\sineirx\.platformio\packages\framework-arduinoststm8\cores\sduino\Print.c: 59: return n;
      00002F 1E 01            [ 2]   91 	ldw	x, (0x01, sp)
      000031 5B 06            [ 2]   92 	addw	sp, #6
      000033 81               [ 4]   93 	ret
                                     94 ;	C:\Users\sineirx\.platformio\packages\framework-arduinoststm8\cores\sduino\Print.c: 62: size_t Print_print_s(writefunc_p writefunc, const char *str)
                                     95 ;	-----------------------------------------
                                     96 ;	 function Print_print_s
                                     97 ;	-----------------------------------------
      000034                         98 _Print_print_s:
      000034 52 02            [ 2]   99 	sub	sp, #2
                                    100 ;	C:\Users\sineirx\.platformio\packages\framework-arduinoststm8\cores\sduino\Print.c: 67: if (!str) return 0;
      000036 1E 07            [ 2]  101 	ldw	x, (0x07, sp)
      000038 26 03            [ 1]  102 	jrne	00114$
      00003A 5F               [ 1]  103 	clrw	x
      00003B 20 23            [ 2]  104 	jra	00109$
                                    105 ;	C:\Users\sineirx\.platformio\packages\framework-arduinoststm8\cores\sduino\Print.c: 69: while ( c=*str++ ) {	// assignment intented
      00003D                        106 00114$:
      00003D 5F               [ 1]  107 	clrw	x
      00003E 1F 01            [ 2]  108 	ldw	(0x01, sp), x
      000040 16 07            [ 2]  109 	ldw	y, (0x07, sp)
      000042                        110 00106$:
      000042 90 F6            [ 1]  111 	ld	a, (y)
      000044 90 5C            [ 1]  112 	incw	y
      000046 97               [ 1]  113 	ld	xl, a
      000047 4D               [ 1]  114 	tnz	a
      000048 27 14            [ 1]  115 	jreq	00108$
                                    116 ;	C:\Users\sineirx\.platformio\packages\framework-arduinoststm8\cores\sduino\Print.c: 70: if (writefunc(c)) n++;
      00004A 90 89            [ 2]  117 	pushw	y
      00004C 9F               [ 1]  118 	ld	a, xl
      00004D 88               [ 1]  119 	push	a
      00004E 1E 08            [ 2]  120 	ldw	x, (0x08, sp)
      000050 FD               [ 4]  121 	call	(x)
      000051 84               [ 1]  122 	pop	a
      000052 90 85            [ 2]  123 	popw	y
      000054 5D               [ 2]  124 	tnzw	x
      000055 27 07            [ 1]  125 	jreq	00108$
      000057 1E 01            [ 2]  126 	ldw	x, (0x01, sp)
      000059 5C               [ 1]  127 	incw	x
      00005A 1F 01            [ 2]  128 	ldw	(0x01, sp), x
      00005C 20 E4            [ 2]  129 	jra	00106$
                                    130 ;	C:\Users\sineirx\.platformio\packages\framework-arduinoststm8\cores\sduino\Print.c: 71: else break;
      00005E                        131 00108$:
                                    132 ;	C:\Users\sineirx\.platformio\packages\framework-arduinoststm8\cores\sduino\Print.c: 73: return n;
      00005E 1E 01            [ 2]  133 	ldw	x, (0x01, sp)
      000060                        134 00109$:
      000060 5B 02            [ 2]  135 	addw	sp, #2
      000062 81               [ 4]  136 	ret
                                    137 ;	C:\Users\sineirx\.platformio\packages\framework-arduinoststm8\cores\sduino\Print.c: 77: size_t Print_print_u(writefunc_p writefunc, unsigned long n)
                                    138 ;	-----------------------------------------
                                    139 ;	 function Print_print_u
                                    140 ;	-----------------------------------------
      000063                        141 _Print_print_u:
                                    142 ;	C:\Users\sineirx\.platformio\packages\framework-arduinoststm8\cores\sduino\Print.c: 79: return printNumber(writefunc, n,10);
      000063 4B 0A            [ 1]  143 	push	#0x0a
      000065 1E 08            [ 2]  144 	ldw	x, (0x08, sp)
      000067 89               [ 2]  145 	pushw	x
      000068 1E 08            [ 2]  146 	ldw	x, (0x08, sp)
      00006A 89               [ 2]  147 	pushw	x
      00006B 1E 08            [ 2]  148 	ldw	x, (0x08, sp)
      00006D 89               [ 2]  149 	pushw	x
      00006E CDr01r62         [ 4]  150 	call	_Print_print_ub
      000071 5B 07            [ 2]  151 	addw	sp, #7
      000073 81               [ 4]  152 	ret
                                    153 ;	C:\Users\sineirx\.platformio\packages\framework-arduinoststm8\cores\sduino\Print.c: 82: size_t Print_print_i(writefunc_p writefunc, long n)
                                    154 ;	-----------------------------------------
                                    155 ;	 function Print_print_i
                                    156 ;	-----------------------------------------
      000074                        157 _Print_print_i:
                                    158 ;	C:\Users\sineirx\.platformio\packages\framework-arduinoststm8\cores\sduino\Print.c: 84: return printInt(writefunc, n,10);
      000074 4B 0A            [ 1]  159 	push	#0x0a
      000076 1E 08            [ 2]  160 	ldw	x, (0x08, sp)
      000078 89               [ 2]  161 	pushw	x
      000079 1E 08            [ 2]  162 	ldw	x, (0x08, sp)
      00007B 89               [ 2]  163 	pushw	x
      00007C 1E 08            [ 2]  164 	ldw	x, (0x08, sp)
      00007E 89               [ 2]  165 	pushw	x
      00007F CDr01rD1         [ 4]  166 	call	_Print_print_ib
      000082 5B 07            [ 2]  167 	addw	sp, #7
      000084 81               [ 4]  168 	ret
                                    169 ;	C:\Users\sineirx\.platformio\packages\framework-arduinoststm8\cores\sduino\Print.c: 89: size_t Print_println_sn(writefunc_p writefunc, const uint8_t *buffer, size_t size)
                                    170 ;	-----------------------------------------
                                    171 ;	 function Print_println_sn
                                    172 ;	-----------------------------------------
      000085                        173 _Print_println_sn:
      000085 52 02            [ 2]  174 	sub	sp, #2
                                    175 ;	C:\Users\sineirx\.platformio\packages\framework-arduinoststm8\cores\sduino\Print.c: 93: r = Print_print_sn(writefunc, buffer, size);
      000087 1E 09            [ 2]  176 	ldw	x, (0x09, sp)
      000089 89               [ 2]  177 	pushw	x
      00008A 1E 09            [ 2]  178 	ldw	x, (0x09, sp)
      00008C 89               [ 2]  179 	pushw	x
      00008D 1E 09            [ 2]  180 	ldw	x, (0x09, sp)
      00008F 89               [ 2]  181 	pushw	x
      000090 CDr00r00         [ 4]  182 	call	_Print_print_sn
      000093 5B 06            [ 2]  183 	addw	sp, #6
      000095 1F 01            [ 2]  184 	ldw	(0x01, sp), x
                                    185 ;	C:\Users\sineirx\.platformio\packages\framework-arduinoststm8\cores\sduino\Print.c: 94: return r + Print_println(writefunc);
      000097 1E 05            [ 2]  186 	ldw	x, (0x05, sp)
      000099 89               [ 2]  187 	pushw	x
      00009A CDr01r4C         [ 4]  188 	call	_Print_println
      00009D 5B 02            [ 2]  189 	addw	sp, #2
      00009F 72 FB 01         [ 2]  190 	addw	x, (0x01, sp)
      0000A2 5B 02            [ 2]  191 	addw	sp, #2
      0000A4 81               [ 4]  192 	ret
                                    193 ;	C:\Users\sineirx\.platformio\packages\framework-arduinoststm8\cores\sduino\Print.c: 97: size_t Print_println_s(writefunc_p writefunc, const char *str)
                                    194 ;	-----------------------------------------
                                    195 ;	 function Print_println_s
                                    196 ;	-----------------------------------------
      0000A5                        197 _Print_println_s:
      0000A5 52 02            [ 2]  198 	sub	sp, #2
                                    199 ;	C:\Users\sineirx\.platformio\packages\framework-arduinoststm8\cores\sduino\Print.c: 101: r = Print_print_s(writefunc, str);
      0000A7 1E 07            [ 2]  200 	ldw	x, (0x07, sp)
      0000A9 89               [ 2]  201 	pushw	x
      0000AA 1E 07            [ 2]  202 	ldw	x, (0x07, sp)
      0000AC 89               [ 2]  203 	pushw	x
      0000AD CDr00r34         [ 4]  204 	call	_Print_print_s
      0000B0 5B 04            [ 2]  205 	addw	sp, #4
      0000B2 1F 01            [ 2]  206 	ldw	(0x01, sp), x
                                    207 ;	C:\Users\sineirx\.platformio\packages\framework-arduinoststm8\cores\sduino\Print.c: 102: return r + Print_println(writefunc);
      0000B4 1E 05            [ 2]  208 	ldw	x, (0x05, sp)
      0000B6 89               [ 2]  209 	pushw	x
      0000B7 CDr01r4C         [ 4]  210 	call	_Print_println
      0000BA 5B 02            [ 2]  211 	addw	sp, #2
      0000BC 72 FB 01         [ 2]  212 	addw	x, (0x01, sp)
      0000BF 5B 02            [ 2]  213 	addw	sp, #2
      0000C1 81               [ 4]  214 	ret
                                    215 ;	C:\Users\sineirx\.platformio\packages\framework-arduinoststm8\cores\sduino\Print.c: 105: size_t Print_println_u(writefunc_p writefunc, unsigned long n)
                                    216 ;	-----------------------------------------
                                    217 ;	 function Print_println_u
                                    218 ;	-----------------------------------------
      0000C2                        219 _Print_println_u:
      0000C2 52 02            [ 2]  220 	sub	sp, #2
                                    221 ;	C:\Users\sineirx\.platformio\packages\framework-arduinoststm8\cores\sduino\Print.c: 109: r = printNumber(writefunc, n,10);
      0000C4 4B 0A            [ 1]  222 	push	#0x0a
      0000C6 1E 0A            [ 2]  223 	ldw	x, (0x0a, sp)
      0000C8 89               [ 2]  224 	pushw	x
      0000C9 1E 0A            [ 2]  225 	ldw	x, (0x0a, sp)
      0000CB 89               [ 2]  226 	pushw	x
      0000CC 1E 0A            [ 2]  227 	ldw	x, (0x0a, sp)
      0000CE 89               [ 2]  228 	pushw	x
      0000CF CDr01r62         [ 4]  229 	call	_Print_print_ub
      0000D2 5B 07            [ 2]  230 	addw	sp, #7
      0000D4 1F 01            [ 2]  231 	ldw	(0x01, sp), x
                                    232 ;	C:\Users\sineirx\.platformio\packages\framework-arduinoststm8\cores\sduino\Print.c: 110: return r + Print_println(writefunc);
      0000D6 1E 05            [ 2]  233 	ldw	x, (0x05, sp)
      0000D8 89               [ 2]  234 	pushw	x
      0000D9 CDr01r4C         [ 4]  235 	call	_Print_println
      0000DC 5B 02            [ 2]  236 	addw	sp, #2
      0000DE 72 FB 01         [ 2]  237 	addw	x, (0x01, sp)
      0000E1 5B 02            [ 2]  238 	addw	sp, #2
      0000E3 81               [ 4]  239 	ret
                                    240 ;	C:\Users\sineirx\.platformio\packages\framework-arduinoststm8\cores\sduino\Print.c: 113: size_t Print_println_i(writefunc_p writefunc, long n)
                                    241 ;	-----------------------------------------
                                    242 ;	 function Print_println_i
                                    243 ;	-----------------------------------------
      0000E4                        244 _Print_println_i:
      0000E4 52 02            [ 2]  245 	sub	sp, #2
                                    246 ;	C:\Users\sineirx\.platformio\packages\framework-arduinoststm8\cores\sduino\Print.c: 117: r = printInt(writefunc, n,10);
      0000E6 4B 0A            [ 1]  247 	push	#0x0a
      0000E8 1E 0A            [ 2]  248 	ldw	x, (0x0a, sp)
      0000EA 89               [ 2]  249 	pushw	x
      0000EB 1E 0A            [ 2]  250 	ldw	x, (0x0a, sp)
      0000ED 89               [ 2]  251 	pushw	x
      0000EE 1E 0A            [ 2]  252 	ldw	x, (0x0a, sp)
      0000F0 89               [ 2]  253 	pushw	x
      0000F1 CDr01rD1         [ 4]  254 	call	_Print_print_ib
      0000F4 5B 07            [ 2]  255 	addw	sp, #7
      0000F6 1F 01            [ 2]  256 	ldw	(0x01, sp), x
                                    257 ;	C:\Users\sineirx\.platformio\packages\framework-arduinoststm8\cores\sduino\Print.c: 118: return r + Print_println(writefunc);
      0000F8 1E 05            [ 2]  258 	ldw	x, (0x05, sp)
      0000FA 89               [ 2]  259 	pushw	x
      0000FB CDr01r4C         [ 4]  260 	call	_Print_println
      0000FE 5B 02            [ 2]  261 	addw	sp, #2
      000100 72 FB 01         [ 2]  262 	addw	x, (0x01, sp)
      000103 5B 02            [ 2]  263 	addw	sp, #2
      000105 81               [ 4]  264 	ret
                                    265 ;	C:\Users\sineirx\.platformio\packages\framework-arduinoststm8\cores\sduino\Print.c: 121: size_t Print_println_ub(writefunc_p writefunc, unsigned long n, uint8_t base)
                                    266 ;	-----------------------------------------
                                    267 ;	 function Print_println_ub
                                    268 ;	-----------------------------------------
      000106                        269 _Print_println_ub:
      000106 52 02            [ 2]  270 	sub	sp, #2
                                    271 ;	C:\Users\sineirx\.platformio\packages\framework-arduinoststm8\cores\sduino\Print.c: 125: r = printNumber(writefunc, n,base);
      000108 7B 0B            [ 1]  272 	ld	a, (0x0b, sp)
      00010A 88               [ 1]  273 	push	a
      00010B 1E 0A            [ 2]  274 	ldw	x, (0x0a, sp)
      00010D 89               [ 2]  275 	pushw	x
      00010E 1E 0A            [ 2]  276 	ldw	x, (0x0a, sp)
      000110 89               [ 2]  277 	pushw	x
      000111 1E 0A            [ 2]  278 	ldw	x, (0x0a, sp)
      000113 89               [ 2]  279 	pushw	x
      000114 CDr01r62         [ 4]  280 	call	_Print_print_ub
      000117 5B 07            [ 2]  281 	addw	sp, #7
      000119 1F 01            [ 2]  282 	ldw	(0x01, sp), x
                                    283 ;	C:\Users\sineirx\.platformio\packages\framework-arduinoststm8\cores\sduino\Print.c: 126: return r + Print_println(writefunc);
      00011B 1E 05            [ 2]  284 	ldw	x, (0x05, sp)
      00011D 89               [ 2]  285 	pushw	x
      00011E CDr01r4C         [ 4]  286 	call	_Print_println
      000121 5B 02            [ 2]  287 	addw	sp, #2
      000123 72 FB 01         [ 2]  288 	addw	x, (0x01, sp)
      000126 5B 02            [ 2]  289 	addw	sp, #2
      000128 81               [ 4]  290 	ret
                                    291 ;	C:\Users\sineirx\.platformio\packages\framework-arduinoststm8\cores\sduino\Print.c: 129: size_t Print_println_ib(writefunc_p writefunc, long n, uint8_t base)
                                    292 ;	-----------------------------------------
                                    293 ;	 function Print_println_ib
                                    294 ;	-----------------------------------------
      000129                        295 _Print_println_ib:
      000129 52 02            [ 2]  296 	sub	sp, #2
                                    297 ;	C:\Users\sineirx\.platformio\packages\framework-arduinoststm8\cores\sduino\Print.c: 133: r = printInt(writefunc, n,base);
      00012B 7B 0B            [ 1]  298 	ld	a, (0x0b, sp)
      00012D 88               [ 1]  299 	push	a
      00012E 1E 0A            [ 2]  300 	ldw	x, (0x0a, sp)
      000130 89               [ 2]  301 	pushw	x
      000131 1E 0A            [ 2]  302 	ldw	x, (0x0a, sp)
      000133 89               [ 2]  303 	pushw	x
      000134 1E 0A            [ 2]  304 	ldw	x, (0x0a, sp)
      000136 89               [ 2]  305 	pushw	x
      000137 CDr01rD1         [ 4]  306 	call	_Print_print_ib
      00013A 5B 07            [ 2]  307 	addw	sp, #7
      00013C 1F 01            [ 2]  308 	ldw	(0x01, sp), x
                                    309 ;	C:\Users\sineirx\.platformio\packages\framework-arduinoststm8\cores\sduino\Print.c: 134: return r + Print_println(writefunc);
      00013E 1E 05            [ 2]  310 	ldw	x, (0x05, sp)
      000140 89               [ 2]  311 	pushw	x
      000141 CDr01r4C         [ 4]  312 	call	_Print_println
      000144 5B 02            [ 2]  313 	addw	sp, #2
      000146 72 FB 01         [ 2]  314 	addw	x, (0x01, sp)
      000149 5B 02            [ 2]  315 	addw	sp, #2
      00014B 81               [ 4]  316 	ret
                                    317 ;	C:\Users\sineirx\.platformio\packages\framework-arduinoststm8\cores\sduino\Print.c: 141: size_t Print_println(writefunc_p writefunc)
                                    318 ;	-----------------------------------------
                                    319 ;	 function Print_println
                                    320 ;	-----------------------------------------
      00014C                        321 _Print_println:
      00014C 52 02            [ 2]  322 	sub	sp, #2
                                    323 ;	C:\Users\sineirx\.platformio\packages\framework-arduinoststm8\cores\sduino\Print.c: 145: n  = writefunc(13);
      00014E 4B 0D            [ 1]  324 	push	#0x0d
      000150 1E 06            [ 2]  325 	ldw	x, (0x06, sp)
      000152 FD               [ 4]  326 	call	(x)
      000153 84               [ 1]  327 	pop	a
      000154 1F 01            [ 2]  328 	ldw	(0x01, sp), x
                                    329 ;	C:\Users\sineirx\.platformio\packages\framework-arduinoststm8\cores\sduino\Print.c: 146: n += writefunc(10);
      000156 4B 0A            [ 1]  330 	push	#0x0a
      000158 1E 06            [ 2]  331 	ldw	x, (0x06, sp)
      00015A FD               [ 4]  332 	call	(x)
      00015B 84               [ 1]  333 	pop	a
      00015C 72 FB 01         [ 2]  334 	addw	x, (0x01, sp)
                                    335 ;	C:\Users\sineirx\.platformio\packages\framework-arduinoststm8\cores\sduino\Print.c: 147: return n;
      00015F 5B 02            [ 2]  336 	addw	sp, #2
      000161 81               [ 4]  337 	ret
                                    338 ;	C:\Users\sineirx\.platformio\packages\framework-arduinoststm8\cores\sduino\Print.c: 151: size_t Print_print_ub(writefunc_p writefunc, unsigned long n, uint8_t base)
                                    339 ;	-----------------------------------------
                                    340 ;	 function Print_print_ub
                                    341 ;	-----------------------------------------
      000162                        342 _Print_print_ub:
      000162 52 27            [ 2]  343 	sub	sp, #39
                                    344 ;	C:\Users\sineirx\.platformio\packages\framework-arduinoststm8\cores\sduino\Print.c: 154: char *str = &buf[sizeof(buf) - 1];
      000164 96               [ 1]  345 	ldw	x, sp
      000165 1C 00 21         [ 2]  346 	addw	x, #33
                                    347 ;	C:\Users\sineirx\.platformio\packages\framework-arduinoststm8\cores\sduino\Print.c: 156: *str = '\0';
      000168 7F               [ 1]  348 	clr	(x)
                                    349 ;	C:\Users\sineirx\.platformio\packages\framework-arduinoststm8\cores\sduino\Print.c: 159: if (base < 2) base = 10;
      000169 7B 30            [ 1]  350 	ld	a, (0x30, sp)
      00016B A1 02            [ 1]  351 	cp	a, #0x02
      00016D 24 04            [ 1]  352 	jrnc	00112$
      00016F A6 0A            [ 1]  353 	ld	a, #0x0a
      000171 6B 30            [ 1]  354 	ld	(0x30, sp), a
                                    355 ;	C:\Users\sineirx\.platformio\packages\framework-arduinoststm8\cores\sduino\Print.c: 161: do {
      000173                        356 00112$:
      000173 1F 26            [ 2]  357 	ldw	(0x26, sp), x
      000175                        358 00103$:
                                    359 ;	C:\Users\sineirx\.platformio\packages\framework-arduinoststm8\cores\sduino\Print.c: 162: char c = n % base;
      000175 7B 30            [ 1]  360 	ld	a, (0x30, sp)
      000177 6B 25            [ 1]  361 	ld	(0x25, sp), a
      000179 0F 24            [ 1]  362 	clr	(0x24, sp)
      00017B 0F 23            [ 1]  363 	clr	(0x23, sp)
      00017D 0F 22            [ 1]  364 	clr	(0x22, sp)
      00017F 1E 24            [ 2]  365 	ldw	x, (0x24, sp)
      000181 89               [ 2]  366 	pushw	x
      000182 1E 24            [ 2]  367 	ldw	x, (0x24, sp)
      000184 89               [ 2]  368 	pushw	x
      000185 1E 32            [ 2]  369 	ldw	x, (0x32, sp)
      000187 89               [ 2]  370 	pushw	x
      000188 1E 32            [ 2]  371 	ldw	x, (0x32, sp)
      00018A 89               [ 2]  372 	pushw	x
      00018B CDr00r00         [ 4]  373 	call	__modulong
      00018E 5B 08            [ 2]  374 	addw	sp, #8
      000190 9F               [ 1]  375 	ld	a, xl
                                    376 ;	C:\Users\sineirx\.platformio\packages\framework-arduinoststm8\cores\sduino\Print.c: 163: n /= base;
      000191 88               [ 1]  377 	push	a
      000192 1E 25            [ 2]  378 	ldw	x, (0x25, sp)
      000194 89               [ 2]  379 	pushw	x
      000195 1E 25            [ 2]  380 	ldw	x, (0x25, sp)
      000197 89               [ 2]  381 	pushw	x
      000198 1E 33            [ 2]  382 	ldw	x, (0x33, sp)
      00019A 89               [ 2]  383 	pushw	x
      00019B 1E 33            [ 2]  384 	ldw	x, (0x33, sp)
      00019D 89               [ 2]  385 	pushw	x
      00019E CDr00r00         [ 4]  386 	call	__divulong
      0001A1 5B 08            [ 2]  387 	addw	sp, #8
      0001A3 84               [ 1]  388 	pop	a
      0001A4 1F 2E            [ 2]  389 	ldw	(0x2e, sp), x
      0001A6 17 2C            [ 2]  390 	ldw	(0x2c, sp), y
                                    391 ;	C:\Users\sineirx\.platformio\packages\framework-arduinoststm8\cores\sduino\Print.c: 165: *--str = c < 10 ? c + '0' : c + 'A' - 10;
      0001A8 1E 26            [ 2]  392 	ldw	x, (0x26, sp)
      0001AA 5A               [ 2]  393 	decw	x
      0001AB 1F 26            [ 2]  394 	ldw	(0x26, sp), x
      0001AD 97               [ 1]  395 	ld	xl, a
      0001AE A1 0A            [ 1]  396 	cp	a, #0x0a
      0001B0 24 05            [ 1]  397 	jrnc	00108$
      0001B2 9F               [ 1]  398 	ld	a, xl
      0001B3 AB 30            [ 1]  399 	add	a, #0x30
      0001B5 20 03            [ 2]  400 	jra	00109$
      0001B7                        401 00108$:
      0001B7 9F               [ 1]  402 	ld	a, xl
      0001B8 AB 37            [ 1]  403 	add	a, #0x37
      0001BA                        404 00109$:
      0001BA 1E 26            [ 2]  405 	ldw	x, (0x26, sp)
      0001BC F7               [ 1]  406 	ld	(x), a
                                    407 ;	C:\Users\sineirx\.platformio\packages\framework-arduinoststm8\cores\sduino\Print.c: 166: } while(n);
      0001BD 1E 2E            [ 2]  408 	ldw	x, (0x2e, sp)
      0001BF 26 B4            [ 1]  409 	jrne	00103$
      0001C1 1E 2C            [ 2]  410 	ldw	x, (0x2c, sp)
      0001C3 26 B0            [ 1]  411 	jrne	00103$
                                    412 ;	C:\Users\sineirx\.platformio\packages\framework-arduinoststm8\cores\sduino\Print.c: 168: return Print_print_s(writefunc, str);
      0001C5 1E 26            [ 2]  413 	ldw	x, (0x26, sp)
      0001C7 89               [ 2]  414 	pushw	x
      0001C8 1E 2C            [ 2]  415 	ldw	x, (0x2c, sp)
      0001CA 89               [ 2]  416 	pushw	x
      0001CB CDr00r34         [ 4]  417 	call	_Print_print_s
      0001CE 5B 2B            [ 2]  418 	addw	sp, #43
      0001D0 81               [ 4]  419 	ret
                                    420 ;	C:\Users\sineirx\.platformio\packages\framework-arduinoststm8\cores\sduino\Print.c: 171: size_t Print_print_ib(writefunc_p writefunc, long n, uint8_t base)
                                    421 ;	-----------------------------------------
                                    422 ;	 function Print_print_ib
                                    423 ;	-----------------------------------------
      0001D1                        424 _Print_print_ib:
      0001D1 52 04            [ 2]  425 	sub	sp, #4
                                    426 ;	C:\Users\sineirx\.platformio\packages\framework-arduinoststm8\cores\sduino\Print.c: 173: if (base == 0) {
      0001D3 0D 0D            [ 1]  427 	tnz	(0x0d, sp)
      0001D5 26 09            [ 1]  428 	jrne	00107$
                                    429 ;	C:\Users\sineirx\.platformio\packages\framework-arduinoststm8\cores\sduino\Print.c: 174: return writefunc((unsigned char) n);
      0001D7 7B 0C            [ 1]  430 	ld	a, (0x0c, sp)
      0001D9 88               [ 1]  431 	push	a
      0001DA 1E 08            [ 2]  432 	ldw	x, (0x08, sp)
      0001DC FD               [ 4]  433 	call	(x)
      0001DD 84               [ 1]  434 	pop	a
      0001DE 20 5E            [ 2]  435 	jra	00109$
      0001E0                        436 00107$:
                                    437 ;	C:\Users\sineirx\.platformio\packages\framework-arduinoststm8\cores\sduino\Print.c: 175: } else if (base == 10) {
      0001E0 7B 0D            [ 1]  438 	ld	a, (0x0d, sp)
      0001E2 A1 0A            [ 1]  439 	cp	a, #0x0a
      0001E4 26 47            [ 1]  440 	jrne	00104$
                                    441 ;	C:\Users\sineirx\.platformio\packages\framework-arduinoststm8\cores\sduino\Print.c: 176: if (n < 0) {
      0001E6 0D 09            [ 1]  442 	tnz	(0x09, sp)
      0001E8 2A 31            [ 1]  443 	jrpl	00102$
                                    444 ;	C:\Users\sineirx\.platformio\packages\framework-arduinoststm8\cores\sduino\Print.c: 177: int t = writefunc('-');
      0001EA 4B 2D            [ 1]  445 	push	#0x2d
      0001EC 1E 08            [ 2]  446 	ldw	x, (0x08, sp)
      0001EE FD               [ 4]  447 	call	(x)
      0001EF 84               [ 1]  448 	pop	a
      0001F0 1F 01            [ 2]  449 	ldw	(0x01, sp), x
                                    450 ;	C:\Users\sineirx\.platformio\packages\framework-arduinoststm8\cores\sduino\Print.c: 178: n = -n;
      0001F2 16 0B            [ 2]  451 	ldw	y, (0x0b, sp)
      0001F4 90 50            [ 2]  452 	negw	y
      0001F6 4F               [ 1]  453 	clr	a
      0001F7 12 0A            [ 1]  454 	sbc	a, (0x0a, sp)
      0001F9 97               [ 1]  455 	ld	xl, a
      0001FA 4F               [ 1]  456 	clr	a
      0001FB 12 09            [ 1]  457 	sbc	a, (0x09, sp)
      0001FD 95               [ 1]  458 	ld	xh, a
      0001FE 17 0B            [ 2]  459 	ldw	(0x0b, sp), y
      000200 1F 09            [ 2]  460 	ldw	(0x09, sp), x
                                    461 ;	C:\Users\sineirx\.platformio\packages\framework-arduinoststm8\cores\sduino\Print.c: 179: return printNumber(writefunc, n, 10) + t;
      000202 4B 0A            [ 1]  462 	push	#0x0a
      000204 1E 0C            [ 2]  463 	ldw	x, (0x0c, sp)
      000206 89               [ 2]  464 	pushw	x
      000207 1E 0C            [ 2]  465 	ldw	x, (0x0c, sp)
      000209 89               [ 2]  466 	pushw	x
      00020A 1E 0C            [ 2]  467 	ldw	x, (0x0c, sp)
      00020C 89               [ 2]  468 	pushw	x
      00020D CDr01r62         [ 4]  469 	call	_Print_print_ub
      000210 5B 07            [ 2]  470 	addw	sp, #7
      000212 16 01            [ 2]  471 	ldw	y, (0x01, sp)
      000214 17 03            [ 2]  472 	ldw	(0x03, sp), y
      000216 72 FB 03         [ 2]  473 	addw	x, (0x03, sp)
      000219 20 23            [ 2]  474 	jra	00109$
      00021B                        475 00102$:
                                    476 ;	C:\Users\sineirx\.platformio\packages\framework-arduinoststm8\cores\sduino\Print.c: 181: return printNumber(writefunc, n, 10);
      00021B 4B 0A            [ 1]  477 	push	#0x0a
      00021D 1E 0C            [ 2]  478 	ldw	x, (0x0c, sp)
      00021F 89               [ 2]  479 	pushw	x
      000220 1E 0C            [ 2]  480 	ldw	x, (0x0c, sp)
      000222 89               [ 2]  481 	pushw	x
      000223 1E 0C            [ 2]  482 	ldw	x, (0x0c, sp)
      000225 89               [ 2]  483 	pushw	x
      000226 CDr01r62         [ 4]  484 	call	_Print_print_ub
      000229 5B 07            [ 2]  485 	addw	sp, #7
      00022B 20 11            [ 2]  486 	jra	00109$
      00022D                        487 00104$:
                                    488 ;	C:\Users\sineirx\.platformio\packages\framework-arduinoststm8\cores\sduino\Print.c: 183: return printNumber(writefunc, n, base);
      00022D 7B 0D            [ 1]  489 	ld	a, (0x0d, sp)
      00022F 88               [ 1]  490 	push	a
      000230 1E 0C            [ 2]  491 	ldw	x, (0x0c, sp)
      000232 89               [ 2]  492 	pushw	x
      000233 1E 0C            [ 2]  493 	ldw	x, (0x0c, sp)
      000235 89               [ 2]  494 	pushw	x
      000236 1E 0C            [ 2]  495 	ldw	x, (0x0c, sp)
      000238 89               [ 2]  496 	pushw	x
      000239 CDr01r62         [ 4]  497 	call	_Print_print_ub
      00023C 5B 07            [ 2]  498 	addw	sp, #7
      00023E                        499 00109$:
      00023E 5B 04            [ 2]  500 	addw	sp, #4
      000240 81               [ 4]  501 	ret
                                    502 	.area CODE
                                    503 	.area INITIALIZER
                                    504 	.area CABS (ABS)
