                                      1 ;--------------------------------------------------------
                                      2 ; File Created by SDCC : free open source ANSI-C Compiler
                                      3 ; Version 3.6.3 #9771 (MINGW32)
                                      4 ;--------------------------------------------------------
                                      5 	.module Print_float
                                      6 	.optsdcc -mstm8
                                      7 	
                                      8 ;--------------------------------------------------------
                                      9 ; Public variables in this module
                                     10 ;--------------------------------------------------------
                                     11 	.globl _Print_println
                                     12 	.globl _Print_print_ub
                                     13 	.globl _Print_print_s
                                     14 	.globl _isinf
                                     15 	.globl _isnan
                                     16 	.globl _Print_print_fd
                                     17 	.globl _Print_println_fd
                                     18 ;--------------------------------------------------------
                                     19 ; ram data
                                     20 ;--------------------------------------------------------
                                     21 	.area DATA
                                     22 ;--------------------------------------------------------
                                     23 ; ram data
                                     24 ;--------------------------------------------------------
                                     25 	.area INITIALIZED
                                     26 ;--------------------------------------------------------
                                     27 ; absolute external ram data
                                     28 ;--------------------------------------------------------
                                     29 	.area DABS (ABS)
                                     30 ;--------------------------------------------------------
                                     31 ; global & static initialisations
                                     32 ;--------------------------------------------------------
                                     33 	.area HOME
                                     34 	.area GSINIT
                                     35 	.area GSFINAL
                                     36 	.area GSINIT
                                     37 ;--------------------------------------------------------
                                     38 ; Home
                                     39 ;--------------------------------------------------------
                                     40 	.area HOME
                                     41 	.area HOME
                                     42 ;--------------------------------------------------------
                                     43 ; code
                                     44 ;--------------------------------------------------------
                                     45 	.area CODE
                                     46 ;	C:\Users\sineirx\.platformio\packages\framework-arduinoststm8\cores\sduino\Print-float.c: 51: size_t Print_print_fd(writefunc_p writefunc, double number, uint8_t digits)
                                     47 ;	-----------------------------------------
                                     48 ;	 function Print_print_fd
                                     49 ;	-----------------------------------------
      000000                         50 _Print_print_fd:
      000000 52 1B            [ 2]   51 	sub	sp, #27
                                     52 ;	C:\Users\sineirx\.platformio\packages\framework-arduinoststm8\cores\sduino\Print-float.c: 53: size_t n = 0;
      000002 5F               [ 1]   53 	clrw	x
      000003 1F 13            [ 2]   54 	ldw	(0x13, sp), x
                                     55 ;	C:\Users\sineirx\.platformio\packages\framework-arduinoststm8\cores\sduino\Print-float.c: 59: if (isnan(number)) return printStr(writefunc,"nan");
      000005 1E 22            [ 2]   56 	ldw	x, (0x22, sp)
      000007 89               [ 2]   57 	pushw	x
      000008 1E 22            [ 2]   58 	ldw	x, (0x22, sp)
      00000A 89               [ 2]   59 	pushw	x
      00000B CDr00r00         [ 4]   60 	call	_isnan
      00000E 5B 04            [ 2]   61 	addw	sp, #4
      000010 1F 11            [ 2]   62 	ldw	(0x11, sp), x
      000012 27 0F            [ 1]   63 	jreq	00102$
      000014 AEr01rC2         [ 2]   64 	ldw	x, #___str_0+0
      000017 89               [ 2]   65 	pushw	x
      000018 1E 20            [ 2]   66 	ldw	x, (0x20, sp)
      00001A 89               [ 2]   67 	pushw	x
      00001B CDr00r00         [ 4]   68 	call	_Print_print_s
      00001E 5B 04            [ 2]   69 	addw	sp, #4
      000020 CCr01r9C         [ 2]   70 	jp	00120$
      000023                         71 00102$:
                                     72 ;	C:\Users\sineirx\.platformio\packages\framework-arduinoststm8\cores\sduino\Print-float.c: 60: if (isinf(number)) return printStr(writefunc,"inf");
      000023 1E 22            [ 2]   73 	ldw	x, (0x22, sp)
      000025 89               [ 2]   74 	pushw	x
      000026 1E 22            [ 2]   75 	ldw	x, (0x22, sp)
      000028 89               [ 2]   76 	pushw	x
      000029 CDr00r00         [ 4]   77 	call	_isinf
      00002C 5B 04            [ 2]   78 	addw	sp, #4
      00002E 5D               [ 2]   79 	tnzw	x
      00002F 27 0F            [ 1]   80 	jreq	00104$
      000031 AEr01rC6         [ 2]   81 	ldw	x, #___str_1+0
      000034 89               [ 2]   82 	pushw	x
      000035 1E 20            [ 2]   83 	ldw	x, (0x20, sp)
      000037 89               [ 2]   84 	pushw	x
      000038 CDr00r00         [ 4]   85 	call	_Print_print_s
      00003B 5B 04            [ 2]   86 	addw	sp, #4
      00003D CCr01r9C         [ 2]   87 	jp	00120$
      000040                         88 00104$:
                                     89 ;	C:\Users\sineirx\.platformio\packages\framework-arduinoststm8\cores\sduino\Print-float.c: 61: if (number > 4294967040.0) return printStr (writefunc,"ovf");  // constant determined empirically
      000040 4B FF            [ 1]   90 	push	#0xff
      000042 4B FF            [ 1]   91 	push	#0xff
      000044 4B 7F            [ 1]   92 	push	#0x7f
      000046 4B 4F            [ 1]   93 	push	#0x4f
      000048 1E 26            [ 2]   94 	ldw	x, (0x26, sp)
      00004A 89               [ 2]   95 	pushw	x
      00004B 1E 26            [ 2]   96 	ldw	x, (0x26, sp)
      00004D 89               [ 2]   97 	pushw	x
      00004E CDr00r00         [ 4]   98 	call	___fsgt
      000051 5B 08            [ 2]   99 	addw	sp, #8
      000053 4D               [ 1]  100 	tnz	a
      000054 27 0F            [ 1]  101 	jreq	00106$
      000056 AEr01rCA         [ 2]  102 	ldw	x, #___str_2+0
      000059 89               [ 2]  103 	pushw	x
      00005A 1E 20            [ 2]  104 	ldw	x, (0x20, sp)
      00005C 89               [ 2]  105 	pushw	x
      00005D CDr00r00         [ 4]  106 	call	_Print_print_s
      000060 5B 04            [ 2]  107 	addw	sp, #4
      000062 CCr01r9C         [ 2]  108 	jp	00120$
      000065                        109 00106$:
                                    110 ;	C:\Users\sineirx\.platformio\packages\framework-arduinoststm8\cores\sduino\Print-float.c: 62: if (number <-4294967040.0) return printStr (writefunc,"ovf");  // constant determined empirically
      000065 4B FF            [ 1]  111 	push	#0xff
      000067 4B FF            [ 1]  112 	push	#0xff
      000069 4B 7F            [ 1]  113 	push	#0x7f
      00006B 4B CF            [ 1]  114 	push	#0xcf
      00006D 1E 26            [ 2]  115 	ldw	x, (0x26, sp)
      00006F 89               [ 2]  116 	pushw	x
      000070 1E 26            [ 2]  117 	ldw	x, (0x26, sp)
      000072 89               [ 2]  118 	pushw	x
      000073 CDr00r00         [ 4]  119 	call	___fslt
      000076 5B 08            [ 2]  120 	addw	sp, #8
      000078 4D               [ 1]  121 	tnz	a
      000079 27 0F            [ 1]  122 	jreq	00108$
      00007B AEr01rCA         [ 2]  123 	ldw	x, #___str_2+0
      00007E 89               [ 2]  124 	pushw	x
      00007F 1E 20            [ 2]  125 	ldw	x, (0x20, sp)
      000081 89               [ 2]  126 	pushw	x
      000082 CDr00r00         [ 4]  127 	call	_Print_print_s
      000085 5B 04            [ 2]  128 	addw	sp, #4
      000087 CCr01r9C         [ 2]  129 	jp	00120$
      00008A                        130 00108$:
                                    131 ;	C:\Users\sineirx\.platformio\packages\framework-arduinoststm8\cores\sduino\Print-float.c: 65: if (number < 0.0)
      00008A 5F               [ 1]  132 	clrw	x
      00008B 89               [ 2]  133 	pushw	x
      00008C 5F               [ 1]  134 	clrw	x
      00008D 89               [ 2]  135 	pushw	x
      00008E 1E 26            [ 2]  136 	ldw	x, (0x26, sp)
      000090 89               [ 2]  137 	pushw	x
      000091 1E 26            [ 2]  138 	ldw	x, (0x26, sp)
      000093 89               [ 2]  139 	pushw	x
      000094 CDr00r00         [ 4]  140 	call	___fslt
      000097 5B 08            [ 2]  141 	addw	sp, #8
      000099 6B 1A            [ 1]  142 	ld	(0x1a, sp), a
      00009B 0D 1A            [ 1]  143 	tnz	(0x1a, sp)
      00009D 27 13            [ 1]  144 	jreq	00110$
                                    145 ;	C:\Users\sineirx\.platformio\packages\framework-arduinoststm8\cores\sduino\Print-float.c: 67: n += writefunc('-');
      00009F 4B 2D            [ 1]  146 	push	#0x2d
      0000A1 1E 1F            [ 2]  147 	ldw	x, (0x1f, sp)
      0000A3 FD               [ 4]  148 	call	(x)
      0000A4 84               [ 1]  149 	pop	a
      0000A5 1F 13            [ 2]  150 	ldw	(0x13, sp), x
                                    151 ;	C:\Users\sineirx\.platformio\packages\framework-arduinoststm8\cores\sduino\Print-float.c: 68: number = -number;
      0000A7 16 22            [ 2]  152 	ldw	y, (0x22, sp)
      0000A9 1E 20            [ 2]  153 	ldw	x, (0x20, sp)
      0000AB 58               [ 2]  154 	sllw	x
      0000AC 8C               [ 1]  155 	ccf
      0000AD 56               [ 2]  156 	rrcw	x
      0000AE 17 22            [ 2]  157 	ldw	(0x22, sp), y
      0000B0 1F 20            [ 2]  158 	ldw	(0x20, sp), x
      0000B2                        159 00110$:
                                    160 ;	C:\Users\sineirx\.platformio\packages\framework-arduinoststm8\cores\sduino\Print-float.c: 72: rounding = 0.5;
      0000B2 5F               [ 1]  161 	clrw	x
      0000B3 1F 0F            [ 2]  162 	ldw	(0x0f, sp), x
      0000B5 90 AE 3F 00      [ 2]  163 	ldw	y, #0x3f00
                                    164 ;	C:\Users\sineirx\.platformio\packages\framework-arduinoststm8\cores\sduino\Print-float.c: 73: for (i=0; i<digits; ++i)
      0000B9 4F               [ 1]  165 	clr	a
      0000BA                        166 00118$:
      0000BA 11 24            [ 1]  167 	cp	a, (0x24, sp)
      0000BC 24 17            [ 1]  168 	jrnc	00111$
                                    169 ;	C:\Users\sineirx\.platformio\packages\framework-arduinoststm8\cores\sduino\Print-float.c: 74: rounding /= 10.0;
      0000BE 88               [ 1]  170 	push	a
      0000BF 5F               [ 1]  171 	clrw	x
      0000C0 89               [ 2]  172 	pushw	x
      0000C1 4B 20            [ 1]  173 	push	#0x20
      0000C3 4B 41            [ 1]  174 	push	#0x41
      0000C5 1E 14            [ 2]  175 	ldw	x, (0x14, sp)
      0000C7 89               [ 2]  176 	pushw	x
      0000C8 90 89            [ 2]  177 	pushw	y
      0000CA CDr00r00         [ 4]  178 	call	___fsdiv
      0000CD 5B 08            [ 2]  179 	addw	sp, #8
      0000CF 84               [ 1]  180 	pop	a
      0000D0 1F 0F            [ 2]  181 	ldw	(0x0f, sp), x
                                    182 ;	C:\Users\sineirx\.platformio\packages\framework-arduinoststm8\cores\sduino\Print-float.c: 73: for (i=0; i<digits; ++i)
      0000D2 4C               [ 1]  183 	inc	a
      0000D3 20 E5            [ 2]  184 	jra	00118$
      0000D5                        185 00111$:
                                    186 ;	C:\Users\sineirx\.platformio\packages\framework-arduinoststm8\cores\sduino\Print-float.c: 76: number += rounding;
      0000D5 1E 0F            [ 2]  187 	ldw	x, (0x0f, sp)
      0000D7 89               [ 2]  188 	pushw	x
      0000D8 90 89            [ 2]  189 	pushw	y
      0000DA 1E 26            [ 2]  190 	ldw	x, (0x26, sp)
      0000DC 89               [ 2]  191 	pushw	x
      0000DD 1E 26            [ 2]  192 	ldw	x, (0x26, sp)
      0000DF 89               [ 2]  193 	pushw	x
      0000E0 CDr00r00         [ 4]  194 	call	___fsadd
      0000E3 5B 08            [ 2]  195 	addw	sp, #8
      0000E5 1F 22            [ 2]  196 	ldw	(0x22, sp), x
      0000E7 17 20            [ 2]  197 	ldw	(0x20, sp), y
                                    198 ;	C:\Users\sineirx\.platformio\packages\framework-arduinoststm8\cores\sduino\Print-float.c: 79: int_part = (unsigned long)number;
      0000E9 1E 22            [ 2]  199 	ldw	x, (0x22, sp)
      0000EB 89               [ 2]  200 	pushw	x
      0000EC 1E 22            [ 2]  201 	ldw	x, (0x22, sp)
      0000EE 89               [ 2]  202 	pushw	x
      0000EF CDr00r00         [ 4]  203 	call	___fs2ulong
      0000F2 5B 04            [ 2]  204 	addw	sp, #4
      0000F4 1F 03            [ 2]  205 	ldw	(0x03, sp), x
      0000F6 17 01            [ 2]  206 	ldw	(0x01, sp), y
                                    207 ;	C:\Users\sineirx\.platformio\packages\framework-arduinoststm8\cores\sduino\Print-float.c: 80: remainder = number - (double)int_part;
      0000F8 1E 03            [ 2]  208 	ldw	x, (0x03, sp)
      0000FA 89               [ 2]  209 	pushw	x
      0000FB 1E 03            [ 2]  210 	ldw	x, (0x03, sp)
      0000FD 89               [ 2]  211 	pushw	x
      0000FE CDr00r00         [ 4]  212 	call	___ulong2fs
      000101 5B 04            [ 2]  213 	addw	sp, #4
      000103 89               [ 2]  214 	pushw	x
      000104 90 89            [ 2]  215 	pushw	y
      000106 1E 26            [ 2]  216 	ldw	x, (0x26, sp)
      000108 89               [ 2]  217 	pushw	x
      000109 1E 26            [ 2]  218 	ldw	x, (0x26, sp)
      00010B 89               [ 2]  219 	pushw	x
      00010C CDr00r00         [ 4]  220 	call	___fssub
      00010F 5B 08            [ 2]  221 	addw	sp, #8
      000111 1F 17            [ 2]  222 	ldw	(0x17, sp), x
      000113 17 15            [ 2]  223 	ldw	(0x15, sp), y
                                    224 ;	C:\Users\sineirx\.platformio\packages\framework-arduinoststm8\cores\sduino\Print-float.c: 81: n += printNumber(writefunc,int_part,10);
      000115 4B 0A            [ 1]  225 	push	#0x0a
      000117 1E 04            [ 2]  226 	ldw	x, (0x04, sp)
      000119 89               [ 2]  227 	pushw	x
      00011A 1E 04            [ 2]  228 	ldw	x, (0x04, sp)
      00011C 89               [ 2]  229 	pushw	x
      00011D 1E 23            [ 2]  230 	ldw	x, (0x23, sp)
      00011F 89               [ 2]  231 	pushw	x
      000120 CDr00r00         [ 4]  232 	call	_Print_print_ub
      000123 5B 07            [ 2]  233 	addw	sp, #7
      000125 72 FB 13         [ 2]  234 	addw	x, (0x13, sp)
      000128 1F 09            [ 2]  235 	ldw	(0x09, sp), x
                                    236 ;	C:\Users\sineirx\.platformio\packages\framework-arduinoststm8\cores\sduino\Print-float.c: 84: if (digits > 0) {
      00012A 0D 24            [ 1]  237 	tnz	(0x24, sp)
      00012C 27 0B            [ 1]  238 	jreq	00131$
                                    239 ;	C:\Users\sineirx\.platformio\packages\framework-arduinoststm8\cores\sduino\Print-float.c: 85: n += writefunc('.'); 
      00012E 4B 2E            [ 1]  240 	push	#0x2e
      000130 1E 1F            [ 2]  241 	ldw	x, (0x1f, sp)
      000132 FD               [ 4]  242 	call	(x)
      000133 84               [ 1]  243 	pop	a
      000134 72 FB 09         [ 2]  244 	addw	x, (0x09, sp)
      000137 1F 09            [ 2]  245 	ldw	(0x09, sp), x
                                    246 ;	C:\Users\sineirx\.platformio\packages\framework-arduinoststm8\cores\sduino\Print-float.c: 89: while (digits-- > 0)
      000139                        247 00131$:
      000139 7B 24            [ 1]  248 	ld	a, (0x24, sp)
      00013B 6B 19            [ 1]  249 	ld	(0x19, sp), a
      00013D                        250 00114$:
      00013D 7B 19            [ 1]  251 	ld	a, (0x19, sp)
      00013F 6B 1B            [ 1]  252 	ld	(0x1b, sp), a
      000141 0A 19            [ 1]  253 	dec	(0x19, sp)
      000143 0D 1B            [ 1]  254 	tnz	(0x1b, sp)
      000145 27 53            [ 1]  255 	jreq	00116$
                                    256 ;	C:\Users\sineirx\.platformio\packages\framework-arduinoststm8\cores\sduino\Print-float.c: 91: remainder *= 10.0;
      000147 1E 17            [ 2]  257 	ldw	x, (0x17, sp)
      000149 89               [ 2]  258 	pushw	x
      00014A 1E 17            [ 2]  259 	ldw	x, (0x17, sp)
      00014C 89               [ 2]  260 	pushw	x
      00014D 5F               [ 1]  261 	clrw	x
      00014E 89               [ 2]  262 	pushw	x
      00014F 4B 20            [ 1]  263 	push	#0x20
      000151 4B 41            [ 1]  264 	push	#0x41
      000153 CDr00r00         [ 4]  265 	call	___fsmul
      000156 5B 08            [ 2]  266 	addw	sp, #8
      000158 1F 07            [ 2]  267 	ldw	(0x07, sp), x
      00015A 17 05            [ 2]  268 	ldw	(0x05, sp), y
                                    269 ;	C:\Users\sineirx\.platformio\packages\framework-arduinoststm8\cores\sduino\Print-float.c: 92: toPrint = (unsigned int)(remainder);
      00015C 1E 07            [ 2]  270 	ldw	x, (0x07, sp)
      00015E 89               [ 2]  271 	pushw	x
      00015F 1E 07            [ 2]  272 	ldw	x, (0x07, sp)
      000161 89               [ 2]  273 	pushw	x
      000162 CDr00r00         [ 4]  274 	call	___fs2uint
      000165 5B 04            [ 2]  275 	addw	sp, #4
                                    276 ;	C:\Users\sineirx\.platformio\packages\framework-arduinoststm8\cores\sduino\Print-float.c: 93: n += printNumber(writefunc,toPrint,10);
      000167 1F 0B            [ 2]  277 	ldw	(0x0b, sp), x
      000169 90 93            [ 1]  278 	ldw	y, x
      00016B 5F               [ 1]  279 	clrw	x
      00016C 4B 0A            [ 1]  280 	push	#0x0a
      00016E 90 89            [ 2]  281 	pushw	y
      000170 89               [ 2]  282 	pushw	x
      000171 1E 23            [ 2]  283 	ldw	x, (0x23, sp)
      000173 89               [ 2]  284 	pushw	x
      000174 CDr00r00         [ 4]  285 	call	_Print_print_ub
      000177 5B 07            [ 2]  286 	addw	sp, #7
      000179 72 FB 09         [ 2]  287 	addw	x, (0x09, sp)
      00017C 1F 09            [ 2]  288 	ldw	(0x09, sp), x
                                    289 ;	C:\Users\sineirx\.platformio\packages\framework-arduinoststm8\cores\sduino\Print-float.c: 94: remainder -= toPrint; 
      00017E 1E 0B            [ 2]  290 	ldw	x, (0x0b, sp)
      000180 89               [ 2]  291 	pushw	x
      000181 CDr00r00         [ 4]  292 	call	___uint2fs
      000184 5B 02            [ 2]  293 	addw	sp, #2
      000186 89               [ 2]  294 	pushw	x
      000187 90 89            [ 2]  295 	pushw	y
      000189 1E 0B            [ 2]  296 	ldw	x, (0x0b, sp)
      00018B 89               [ 2]  297 	pushw	x
      00018C 1E 0B            [ 2]  298 	ldw	x, (0x0b, sp)
      00018E 89               [ 2]  299 	pushw	x
      00018F CDr00r00         [ 4]  300 	call	___fssub
      000192 5B 08            [ 2]  301 	addw	sp, #8
      000194 1F 17            [ 2]  302 	ldw	(0x17, sp), x
      000196 17 15            [ 2]  303 	ldw	(0x15, sp), y
      000198 20 A3            [ 2]  304 	jra	00114$
      00019A                        305 00116$:
                                    306 ;	C:\Users\sineirx\.platformio\packages\framework-arduinoststm8\cores\sduino\Print-float.c: 97: return n;
      00019A 1E 09            [ 2]  307 	ldw	x, (0x09, sp)
      00019C                        308 00120$:
      00019C 5B 1B            [ 2]  309 	addw	sp, #27
      00019E 81               [ 4]  310 	ret
                                    311 ;	C:\Users\sineirx\.platformio\packages\framework-arduinoststm8\cores\sduino\Print-float.c: 101: size_t Print_println_fd(writefunc_p writefunc, double number, uint8_t digits)
                                    312 ;	-----------------------------------------
                                    313 ;	 function Print_println_fd
                                    314 ;	-----------------------------------------
      00019F                        315 _Print_println_fd:
      00019F 52 02            [ 2]  316 	sub	sp, #2
                                    317 ;	C:\Users\sineirx\.platformio\packages\framework-arduinoststm8\cores\sduino\Print-float.c: 105: r = Print_print_fd(writefunc, number, digits);
      0001A1 7B 0B            [ 1]  318 	ld	a, (0x0b, sp)
      0001A3 88               [ 1]  319 	push	a
      0001A4 1E 0A            [ 2]  320 	ldw	x, (0x0a, sp)
      0001A6 89               [ 2]  321 	pushw	x
      0001A7 1E 0A            [ 2]  322 	ldw	x, (0x0a, sp)
      0001A9 89               [ 2]  323 	pushw	x
      0001AA 1E 0A            [ 2]  324 	ldw	x, (0x0a, sp)
      0001AC 89               [ 2]  325 	pushw	x
      0001AD CDr00r00         [ 4]  326 	call	_Print_print_fd
      0001B0 5B 07            [ 2]  327 	addw	sp, #7
      0001B2 1F 01            [ 2]  328 	ldw	(0x01, sp), x
                                    329 ;	C:\Users\sineirx\.platformio\packages\framework-arduinoststm8\cores\sduino\Print-float.c: 106: return r + Print_println(writefunc);
      0001B4 1E 05            [ 2]  330 	ldw	x, (0x05, sp)
      0001B6 89               [ 2]  331 	pushw	x
      0001B7 CDr00r00         [ 4]  332 	call	_Print_println
      0001BA 5B 02            [ 2]  333 	addw	sp, #2
      0001BC 72 FB 01         [ 2]  334 	addw	x, (0x01, sp)
      0001BF 5B 02            [ 2]  335 	addw	sp, #2
      0001C1 81               [ 4]  336 	ret
                                    337 	.area CODE
      0001C2                        338 ___str_0:
      0001C2 6E 61 6E               339 	.ascii "nan"
      0001C5 00                     340 	.db 0x00
      0001C6                        341 ___str_1:
      0001C6 69 6E 66               342 	.ascii "inf"
      0001C9 00                     343 	.db 0x00
      0001CA                        344 ___str_2:
      0001CA 6F 76 66               345 	.ascii "ovf"
      0001CD 00                     346 	.db 0x00
                                    347 	.area INITIALIZER
                                    348 	.area CABS (ABS)
