                                      1 ;--------------------------------------------------------
                                      2 ; File Created by SDCC : free open source ANSI-C Compiler
                                      3 ; Version 3.6.3 #9771 (MINGW32)
                                      4 ;--------------------------------------------------------
                                      5 	.module wiring_analog
                                      6 	.optsdcc -mstm8
                                      7 	
                                      8 ;--------------------------------------------------------
                                      9 ; Public variables in this module
                                     10 ;--------------------------------------------------------
                                     11 	.globl _digitalWrite
                                     12 	.globl _pinMode
                                     13 	.globl _analogRead
                                     14 	.globl _analogWrite
                                     15 ;--------------------------------------------------------
                                     16 ; ram data
                                     17 ;--------------------------------------------------------
                                     18 	.area DATA
                                     19 ;--------------------------------------------------------
                                     20 ; ram data
                                     21 ;--------------------------------------------------------
                                     22 	.area INITIALIZED
                                     23 ;--------------------------------------------------------
                                     24 ; absolute external ram data
                                     25 ;--------------------------------------------------------
                                     26 	.area DABS (ABS)
                                     27 ;--------------------------------------------------------
                                     28 ; global & static initialisations
                                     29 ;--------------------------------------------------------
                                     30 	.area HOME
                                     31 	.area GSINIT
                                     32 	.area GSFINAL
                                     33 	.area GSINIT
                                     34 ;--------------------------------------------------------
                                     35 ; Home
                                     36 ;--------------------------------------------------------
                                     37 	.area HOME
                                     38 	.area HOME
                                     39 ;--------------------------------------------------------
                                     40 ; code
                                     41 ;--------------------------------------------------------
                                     42 	.area CODE
                                     43 ;	C:\Users\sineirx\.platformio\packages\framework-arduinoststm8\cores\sduino\wiring_analog.c: 44: int analogRead(uint8_t pin)
                                     44 ;	-----------------------------------------
                                     45 ;	 function analogRead
                                     46 ;	-----------------------------------------
      000000                         47 _analogRead:
      000000 52 06            [ 2]   48 	sub	sp, #6
                                     49 ;	C:\Users\sineirx\.platformio\packages\framework-arduinoststm8\cores\sduino\wiring_analog.c: 49: pin = analogPinToChannel(pin);
      000002 7B 09            [ 1]   50 	ld	a, (0x09, sp)
      000004 A1 06            [ 1]   51 	cp	a, #0x06
      000006 24 04            [ 1]   52 	jrnc	00106$
      000008 7B 09            [ 1]   53 	ld	a, (0x09, sp)
      00000A 20 10            [ 2]   54 	jra	00107$
      00000C                         55 00106$:
      00000C AEr00r00         [ 2]   56 	ldw	x, #_digitalPinToAnalogChannelMap+0
      00000F 1F 01            [ 2]   57 	ldw	(0x01, sp), x
      000011 5F               [ 1]   58 	clrw	x
      000012 7B 09            [ 1]   59 	ld	a, (0x09, sp)
      000014 97               [ 1]   60 	ld	xl, a
      000015 1D 00 06         [ 2]   61 	subw	x, #0x0006
      000018 72 FB 01         [ 2]   62 	addw	x, (0x01, sp)
      00001B F6               [ 1]   63 	ld	a, (x)
      00001C                         64 00107$:
                                     65 ;	C:\Users\sineirx\.platformio\packages\framework-arduinoststm8\cores\sduino\wiring_analog.c: 77: ADC1->CSR = pin & 15;
      00001C A4 0F            [ 1]   66 	and	a, #0x0f
      00001E AE 54 00         [ 2]   67 	ldw	x, #0x5400
      000021 F7               [ 1]   68 	ld	(x), a
                                     69 ;	C:\Users\sineirx\.platformio\packages\framework-arduinoststm8\cores\sduino\wiring_analog.c: 78: bitSet(ADC1->CR2, 3);	// right align
      000022 AE 54 02         [ 2]   70 	ldw	x, #0x5402
      000025 F6               [ 1]   71 	ld	a, (x)
      000026 AA 08            [ 1]   72 	or	a, #0x08
      000028 F7               [ 1]   73 	ld	(x), a
                                     74 ;	C:\Users\sineirx\.platformio\packages\framework-arduinoststm8\cores\sduino\wiring_analog.c: 88: ADC1->CR1 |= ADC1_CR1_ADON;
      000029 72 10 54 01      [ 1]   75 	bset	0x5401, #0
                                     76 ;	C:\Users\sineirx\.platformio\packages\framework-arduinoststm8\cores\sduino\wiring_analog.c: 92: ADC1->CR1 |= ADC1_CR1_ADON;
      00002D 72 10 54 01      [ 1]   77 	bset	0x5401, #0
                                     78 ;	C:\Users\sineirx\.platformio\packages\framework-arduinoststm8\cores\sduino\wiring_analog.c: 95: while (! (ADC1->CSR & ADC1_FLAG_EOC));
      000031                         79 00101$:
      000031 AE 54 00         [ 2]   80 	ldw	x, #0x5400
      000034 F6               [ 1]   81 	ld	a, (x)
      000035 4D               [ 1]   82 	tnz	a
      000036 2A F9            [ 1]   83 	jrpl	00101$
                                     84 ;	C:\Users\sineirx\.platformio\packages\framework-arduinoststm8\cores\sduino\wiring_analog.c: 96: ADC1->CSR &= ~(ADC1_FLAG_EOC);	// important! clear the flag
      000038 72 1F 54 00      [ 1]   85 	bres	0x5400, #7
                                     86 ;	C:\Users\sineirx\.platformio\packages\framework-arduinoststm8\cores\sduino\wiring_analog.c: 99: low  = ADC1->DRL;
      00003C AE 54 05         [ 2]   87 	ldw	x, #0x5405
      00003F F6               [ 1]   88 	ld	a, (x)
      000040 90 95            [ 1]   89 	ld	yh, a
                                     90 ;	C:\Users\sineirx\.platformio\packages\framework-arduinoststm8\cores\sduino\wiring_analog.c: 100: high = ADC1->DRH;
      000042 AE 54 04         [ 2]   91 	ldw	x, #0x5404
      000045 F6               [ 1]   92 	ld	a, (x)
      000046 90 97            [ 1]   93 	ld	yl, a
                                     94 ;	C:\Users\sineirx\.platformio\packages\framework-arduinoststm8\cores\sduino\wiring_analog.c: 103: bitClear(ADC1->CR1, 0);
      000048 72 11 54 01      [ 1]   95 	bres	0x5401, #0
                                     96 ;	C:\Users\sineirx\.platformio\packages\framework-arduinoststm8\cores\sduino\wiring_analog.c: 126: return (high << 8) | low;
      00004C 4F               [ 1]   97 	clr	a
      00004D 0F 04            [ 1]   98 	clr	(0x04, sp)
      00004F 90 9E            [ 1]   99 	ld	a, yh
      000051 0F 05            [ 1]  100 	clr	(0x05, sp)
      000053 1A 04            [ 1]  101 	or	a, (0x04, sp)
      000055 97               [ 1]  102 	ld	xl, a
      000056 90 9F            [ 1]  103 	ld	a, yl
      000058 1A 05            [ 1]  104 	or	a, (0x05, sp)
      00005A 95               [ 1]  105 	ld	xh, a
      00005B 5B 06            [ 2]  106 	addw	sp, #6
      00005D 81               [ 4]  107 	ret
                                    108 ;	C:\Users\sineirx\.platformio\packages\framework-arduinoststm8\cores\sduino\wiring_analog.c: 138: void analogWrite(uint8_t pin, int val)
                                    109 ;	-----------------------------------------
                                    110 ;	 function analogWrite
                                    111 ;	-----------------------------------------
      00005E                        112 _analogWrite:
                                    113 ;	C:\Users\sineirx\.platformio\packages\framework-arduinoststm8\cores\sduino\wiring_analog.c: 147: pinMode(pin, OUTPUT);
      00005E 4B 01            [ 1]  114 	push	#0x01
      000060 7B 04            [ 1]  115 	ld	a, (0x04, sp)
      000062 88               [ 1]  116 	push	a
      000063 CDr00r00         [ 4]  117 	call	_pinMode
      000066 5B 02            [ 2]  118 	addw	sp, #2
                                    119 ;	C:\Users\sineirx\.platformio\packages\framework-arduinoststm8\cores\sduino\wiring_analog.c: 148: if (val == 0)
      000068 1E 04            [ 2]  120 	ldw	x, (0x04, sp)
      00006A 26 0B            [ 1]  121 	jrne	00116$
                                    122 ;	C:\Users\sineirx\.platformio\packages\framework-arduinoststm8\cores\sduino\wiring_analog.c: 150: digitalWrite(pin, LOW);
      00006C 4B 00            [ 1]  123 	push	#0x00
      00006E 7B 04            [ 1]  124 	ld	a, (0x04, sp)
      000070 88               [ 1]  125 	push	a
      000071 CDr00r00         [ 4]  126 	call	_digitalWrite
      000074 5B 02            [ 2]  127 	addw	sp, #2
      000076 81               [ 4]  128 	ret
      000077                        129 00116$:
                                    130 ;	C:\Users\sineirx\.platformio\packages\framework-arduinoststm8\cores\sduino\wiring_analog.c: 152: else if (val >= 255)
      000077 1E 04            [ 2]  131 	ldw	x, (0x04, sp)
      000079 A3 00 FF         [ 2]  132 	cpw	x, #0x00ff
      00007C 2F 0B            [ 1]  133 	jrslt	00113$
                                    134 ;	C:\Users\sineirx\.platformio\packages\framework-arduinoststm8\cores\sduino\wiring_analog.c: 154: digitalWrite(pin, HIGH);
      00007E 4B 01            [ 1]  135 	push	#0x01
      000080 7B 04            [ 1]  136 	ld	a, (0x04, sp)
      000082 88               [ 1]  137 	push	a
      000083 CDr00r00         [ 4]  138 	call	_digitalWrite
      000086 5B 02            [ 2]  139 	addw	sp, #2
      000088 81               [ 4]  140 	ret
      000089                        141 00113$:
                                    142 ;	C:\Users\sineirx\.platformio\packages\framework-arduinoststm8\cores\sduino\wiring_analog.c: 158: switch(digitalPinToTimer(pin))
      000089 AEr00r00         [ 2]  143 	ldw	x, #_digital_pin_to_timer_PGM+0
      00008C 9F               [ 1]  144 	ld	a, xl
      00008D 1B 03            [ 1]  145 	add	a, (0x03, sp)
      00008F 02               [ 1]  146 	rlwa	x
      000090 A9 00            [ 1]  147 	adc	a, #0x00
      000092 95               [ 1]  148 	ld	xh, a
      000093 F6               [ 1]  149 	ld	a, (x)
      000094 A1 05            [ 1]  150 	cp	a, #0x05
      000096 23 03            [ 2]  151 	jrule	00138$
      000098 CCr01r24         [ 2]  152 	jp	00107$
      00009B                        153 00138$:
                                    154 ;	C:\Users\sineirx\.platformio\packages\framework-arduinoststm8\cores\sduino\wiring_analog.c: 237: TIM1->CCR3L = (uint8_t)(val);
      00009B 61               [ 1]  155 	exg	a, yl
      00009C 7B 05            [ 1]  156 	ld	a, (0x05, sp)
      00009E 61               [ 1]  157 	exg	a, yl
                                    158 ;	C:\Users\sineirx\.platformio\packages\framework-arduinoststm8\cores\sduino\wiring_analog.c: 158: switch(digitalPinToTimer(pin))
      00009F 5F               [ 1]  159 	clrw	x
      0000A0 97               [ 1]  160 	ld	xl, a
      0000A1 58               [ 2]  161 	sllw	x
      0000A2 DEu00uA6         [ 2]  162 	ldw	x, (#00139$, x)
      0000A5 FC               [ 2]  163 	jp	(x)
      0000A6                        164 00139$:
      0000A6r01r24                  165 	.dw	#00106$
      0000A8r00rB2                  166 	.dw	#00101$
      0000AAr00rC5                  167 	.dw	#00102$
      0000ACr00rE0                  168 	.dw	#00103$
      0000AEr00rF3                  169 	.dw	#00104$
      0000B0r01r09                  170 	.dw	#00105$
                                    171 ;	C:\Users\sineirx\.platformio\packages\framework-arduinoststm8\cores\sduino\wiring_analog.c: 214: case TIMER13:
      0000B2                        172 00101$:
                                    173 ;	C:\Users\sineirx\.platformio\packages\framework-arduinoststm8\cores\sduino\wiring_analog.c: 234: TIM1->CCER2 |= TIM2_CCER2_CC3E;
      0000B2 72 10 52 5D      [ 1]  174 	bset	0x525d, #0
                                    175 ;	C:\Users\sineirx\.platformio\packages\framework-arduinoststm8\cores\sduino\wiring_analog.c: 235: TIM1->CCMR3 = TIM1_OCMODE_PWM1 | TIM1_CCMR_OCxPE;
      0000B6 35 68 52 5A      [ 1]  176 	mov	0x525a+0, #0x68
                                    177 ;	C:\Users\sineirx\.platformio\packages\framework-arduinoststm8\cores\sduino\wiring_analog.c: 236: TIM1->CCR3H = 0;
      0000BA 35 00 52 69      [ 1]  178 	mov	0x5269+0, #0x00
                                    179 ;	C:\Users\sineirx\.platformio\packages\framework-arduinoststm8\cores\sduino\wiring_analog.c: 237: TIM1->CCR3L = (uint8_t)(val);
      0000BE AE 52 6A         [ 2]  180 	ldw	x, #0x526a
      0000C1 90 9F            [ 1]  181 	ld	a, yl
      0000C3 F7               [ 1]  182 	ld	(x), a
                                    183 ;	C:\Users\sineirx\.platformio\packages\framework-arduinoststm8\cores\sduino\wiring_analog.c: 239: break;
      0000C4 81               [ 4]  184 	ret
                                    185 ;	C:\Users\sineirx\.platformio\packages\framework-arduinoststm8\cores\sduino\wiring_analog.c: 240: case TIMER14:
      0000C5                        186 00102$:
                                    187 ;	C:\Users\sineirx\.platformio\packages\framework-arduinoststm8\cores\sduino\wiring_analog.c: 252: tmp = TIM1->CCER2 & (uint8_t)(~(TIM1_CCER2_CC4E | TIM1_CCER2_CC4P));
      0000C5 AE 52 5D         [ 2]  188 	ldw	x, #0x525d
      0000C8 F6               [ 1]  189 	ld	a, (x)
      0000C9 A4 CF            [ 1]  190 	and	a, #0xcf
                                    191 ;	C:\Users\sineirx\.platformio\packages\framework-arduinoststm8\cores\sduino\wiring_analog.c: 253: TIM1->CCER2 = tmp | TIM1_CCER2_CC4E;
      0000CB AA 10            [ 1]  192 	or	a, #0x10
      0000CD AE 52 5D         [ 2]  193 	ldw	x, #0x525d
      0000D0 F7               [ 1]  194 	ld	(x), a
                                    195 ;	C:\Users\sineirx\.platformio\packages\framework-arduinoststm8\cores\sduino\wiring_analog.c: 254: TIM1->CCMR4 = TIM1_OCMODE_PWM1 | TIM1_CCMR_OCxPE;
      0000D1 35 68 52 5B      [ 1]  196 	mov	0x525b+0, #0x68
                                    197 ;	C:\Users\sineirx\.platformio\packages\framework-arduinoststm8\cores\sduino\wiring_analog.c: 255: TIM1->CCR4H = 0;
      0000D5 35 00 52 6B      [ 1]  198 	mov	0x526b+0, #0x00
                                    199 ;	C:\Users\sineirx\.platformio\packages\framework-arduinoststm8\cores\sduino\wiring_analog.c: 256: TIM1->CCR4L = (uint8_t)(val);
      0000D9 AE 52 6C         [ 2]  200 	ldw	x, #0x526c
      0000DC 90 9F            [ 1]  201 	ld	a, yl
      0000DE F7               [ 1]  202 	ld	(x), a
                                    203 ;	C:\Users\sineirx\.platformio\packages\framework-arduinoststm8\cores\sduino\wiring_analog.c: 258: break;
      0000DF 81               [ 4]  204 	ret
                                    205 ;	C:\Users\sineirx\.platformio\packages\framework-arduinoststm8\cores\sduino\wiring_analog.c: 259: case TIMER21:
      0000E0                        206 00103$:
                                    207 ;	C:\Users\sineirx\.platformio\packages\framework-arduinoststm8\cores\sduino\wiring_analog.c: 272: TIM2->CCER1 |= TIM2_CCER1_CC1E;
      0000E0 72 10 53 0A      [ 1]  208 	bset	0x530a, #0
                                    209 ;	C:\Users\sineirx\.platformio\packages\framework-arduinoststm8\cores\sduino\wiring_analog.c: 273: TIM2->CCMR1 = TIM2_OCMODE_PWM1 | TIM2_CCMR_OCxPE;
      0000E4 35 68 53 07      [ 1]  210 	mov	0x5307+0, #0x68
                                    211 ;	C:\Users\sineirx\.platformio\packages\framework-arduinoststm8\cores\sduino\wiring_analog.c: 274: TIM2->CCR1H = 0;
      0000E8 35 00 53 11      [ 1]  212 	mov	0x5311+0, #0x00
                                    213 ;	C:\Users\sineirx\.platformio\packages\framework-arduinoststm8\cores\sduino\wiring_analog.c: 275: TIM2->CCR1L = (uint8_t)(val);
      0000EC AE 53 12         [ 2]  214 	ldw	x, #0x5312
      0000EF 90 9F            [ 1]  215 	ld	a, yl
      0000F1 F7               [ 1]  216 	ld	(x), a
                                    217 ;	C:\Users\sineirx\.platformio\packages\framework-arduinoststm8\cores\sduino\wiring_analog.c: 277: break;
      0000F2 81               [ 4]  218 	ret
                                    219 ;	C:\Users\sineirx\.platformio\packages\framework-arduinoststm8\cores\sduino\wiring_analog.c: 278: case TIMER22:
      0000F3                        220 00104$:
                                    221 ;	C:\Users\sineirx\.platformio\packages\framework-arduinoststm8\cores\sduino\wiring_analog.c: 290: TIM2->CCMR2 = TIM2_OCMODE_PWM1 | TIM2_CCMR_OCxPE;
      0000F3 35 68 53 08      [ 1]  222 	mov	0x5308+0, #0x68
                                    223 ;	C:\Users\sineirx\.platformio\packages\framework-arduinoststm8\cores\sduino\wiring_analog.c: 291: TIM2->CCER1 |= TIM2_CCER1_CC2E;
      0000F7 AE 53 0A         [ 2]  224 	ldw	x, #0x530a
      0000FA F6               [ 1]  225 	ld	a, (x)
      0000FB AA 10            [ 1]  226 	or	a, #0x10
      0000FD F7               [ 1]  227 	ld	(x), a
                                    228 ;	C:\Users\sineirx\.platformio\packages\framework-arduinoststm8\cores\sduino\wiring_analog.c: 292: TIM2->CCR2H = 0;
      0000FE 35 00 53 13      [ 1]  229 	mov	0x5313+0, #0x00
                                    230 ;	C:\Users\sineirx\.platformio\packages\framework-arduinoststm8\cores\sduino\wiring_analog.c: 293: TIM2->CCR2L = (uint8_t)(val);
      000102 AE 53 14         [ 2]  231 	ldw	x, #0x5314
      000105 90 9F            [ 1]  232 	ld	a, yl
      000107 F7               [ 1]  233 	ld	(x), a
                                    234 ;	C:\Users\sineirx\.platformio\packages\framework-arduinoststm8\cores\sduino\wiring_analog.c: 295: break;
      000108 81               [ 4]  235 	ret
                                    236 ;	C:\Users\sineirx\.platformio\packages\framework-arduinoststm8\cores\sduino\wiring_analog.c: 297: case TIMER23:
      000109                        237 00105$:
                                    238 ;	C:\Users\sineirx\.platformio\packages\framework-arduinoststm8\cores\sduino\wiring_analog.c: 308: tmp = TIM2->CCER2 & (uint8_t)(~(TIM2_CCER2_CC3E | TIM2_CCER2_CC3P));
      000109 AE 53 0B         [ 2]  239 	ldw	x, #0x530b
      00010C F6               [ 1]  240 	ld	a, (x)
      00010D A4 FC            [ 1]  241 	and	a, #0xfc
                                    242 ;	C:\Users\sineirx\.platformio\packages\framework-arduinoststm8\cores\sduino\wiring_analog.c: 309: TIM2->CCER2 = tmp | TIM2_CCER2_CC3E;
      00010F AA 01            [ 1]  243 	or	a, #0x01
      000111 AE 53 0B         [ 2]  244 	ldw	x, #0x530b
      000114 F7               [ 1]  245 	ld	(x), a
                                    246 ;	C:\Users\sineirx\.platformio\packages\framework-arduinoststm8\cores\sduino\wiring_analog.c: 311: TIM2->CCMR3 = TIM2_OCMODE_PWM1 | TIM2_CCMR_OCxPE;
      000115 35 68 53 09      [ 1]  247 	mov	0x5309+0, #0x68
                                    248 ;	C:\Users\sineirx\.platformio\packages\framework-arduinoststm8\cores\sduino\wiring_analog.c: 312: TIM2->CCR3H = 0;
      000119 35 00 53 15      [ 1]  249 	mov	0x5315+0, #0x00
                                    250 ;	C:\Users\sineirx\.platformio\packages\framework-arduinoststm8\cores\sduino\wiring_analog.c: 313: TIM2->CCR3L = (uint8_t)(val);
      00011D AE 53 16         [ 2]  251 	ldw	x, #0x5316
      000120 90 9F            [ 1]  252 	ld	a, yl
      000122 F7               [ 1]  253 	ld	(x), a
                                    254 ;	C:\Users\sineirx\.platformio\packages\framework-arduinoststm8\cores\sduino\wiring_analog.c: 315: break;
      000123 81               [ 4]  255 	ret
                                    256 ;	C:\Users\sineirx\.platformio\packages\framework-arduinoststm8\cores\sduino\wiring_analog.c: 335: case NOT_ON_TIMER:
      000124                        257 00106$:
                                    258 ;	C:\Users\sineirx\.platformio\packages\framework-arduinoststm8\cores\sduino\wiring_analog.c: 336: default:
      000124                        259 00107$:
                                    260 ;	C:\Users\sineirx\.platformio\packages\framework-arduinoststm8\cores\sduino\wiring_analog.c: 337: if (val < 128) {
      000124 1E 04            [ 2]  261 	ldw	x, (0x04, sp)
      000126 A3 00 80         [ 2]  262 	cpw	x, #0x0080
      000129 2E 0B            [ 1]  263 	jrsge	00109$
                                    264 ;	C:\Users\sineirx\.platformio\packages\framework-arduinoststm8\cores\sduino\wiring_analog.c: 338: digitalWrite(pin, LOW);
      00012B 4B 00            [ 1]  265 	push	#0x00
      00012D 7B 04            [ 1]  266 	ld	a, (0x04, sp)
      00012F 88               [ 1]  267 	push	a
      000130 CDr00r00         [ 4]  268 	call	_digitalWrite
      000133 5B 02            [ 2]  269 	addw	sp, #2
      000135 81               [ 4]  270 	ret
      000136                        271 00109$:
                                    272 ;	C:\Users\sineirx\.platformio\packages\framework-arduinoststm8\cores\sduino\wiring_analog.c: 340: digitalWrite(pin, HIGH);
      000136 4B 01            [ 1]  273 	push	#0x01
      000138 7B 04            [ 1]  274 	ld	a, (0x04, sp)
      00013A 88               [ 1]  275 	push	a
      00013B CDr00r00         [ 4]  276 	call	_digitalWrite
      00013E 5B 02            [ 2]  277 	addw	sp, #2
                                    278 ;	C:\Users\sineirx\.platformio\packages\framework-arduinoststm8\cores\sduino\wiring_analog.c: 342: }
      000140 81               [ 4]  279 	ret
                                    280 	.area CODE
                                    281 	.area INITIALIZER
                                    282 	.area CABS (ABS)
