                                      1 ;--------------------------------------------------------
                                      2 ; File Created by SDCC : free open source ANSI-C Compiler
                                      3 ; Version 3.6.3 #9771 (MINGW32)
                                      4 ;--------------------------------------------------------
                                      5 	.module wiring_digital
                                      6 	.optsdcc -mstm8
                                      7 	
                                      8 ;--------------------------------------------------------
                                      9 ; Public variables in this module
                                     10 ;--------------------------------------------------------
                                     11 	.globl _ccmrx
                                     12 	.globl _digitalPinToAnalogChannelMap
                                     13 	.globl _digital_pin_to_timer_PGM
                                     14 	.globl _digital_pin_to_bit_mask_PGM
                                     15 	.globl _digital_pin_to_port_PGM
                                     16 	.globl _port_to_input_PGM
                                     17 	.globl _port_to_output_PGM
                                     18 	.globl _port_to_mode_PGM
                                     19 	.globl _pinMode
                                     20 	.globl _digitalWrite
                                     21 	.globl _digitalRead
                                     22 ;--------------------------------------------------------
                                     23 ; ram data
                                     24 ;--------------------------------------------------------
                                     25 	.area DATA
                                     26 ;--------------------------------------------------------
                                     27 ; ram data
                                     28 ;--------------------------------------------------------
                                     29 	.area INITIALIZED
                                     30 ;--------------------------------------------------------
                                     31 ; absolute external ram data
                                     32 ;--------------------------------------------------------
                                     33 	.area DABS (ABS)
                                     34 ;--------------------------------------------------------
                                     35 ; global & static initialisations
                                     36 ;--------------------------------------------------------
                                     37 	.area HOME
                                     38 	.area GSINIT
                                     39 	.area GSFINAL
                                     40 	.area GSINIT
                                     41 ;--------------------------------------------------------
                                     42 ; Home
                                     43 ;--------------------------------------------------------
                                     44 	.area HOME
                                     45 	.area HOME
                                     46 ;--------------------------------------------------------
                                     47 ; code
                                     48 ;--------------------------------------------------------
                                     49 	.area CODE
                                     50 ;	C:\Users\sineirx\.platformio\packages\framework-arduinoststm8\cores\sduino\wiring_digital.c: 89: void pinMode(uint8_t pin, uint8_t mode)
                                     51 ;	-----------------------------------------
                                     52 ;	 function pinMode
                                     53 ;	-----------------------------------------
      000000                         54 _pinMode:
      000000 52 10            [ 2]   55 	sub	sp, #16
                                     56 ;	C:\Users\sineirx\.platformio\packages\framework-arduinoststm8\cores\sduino\wiring_digital.c: 91: uint8_t bit = digitalPinToBitMask(pin);
      000002 AEr02r17         [ 2]   57 	ldw	x, #_digital_pin_to_bit_mask_PGM+0
      000005 9F               [ 1]   58 	ld	a, xl
      000006 1B 13            [ 1]   59 	add	a, (0x13, sp)
      000008 02               [ 1]   60 	rlwa	x
      000009 A9 00            [ 1]   61 	adc	a, #0x00
      00000B 95               [ 1]   62 	ld	xh, a
      00000C F6               [ 1]   63 	ld	a, (x)
      00000D 6B 04            [ 1]   64 	ld	(0x04, sp), a
                                     65 ;	C:\Users\sineirx\.platformio\packages\framework-arduinoststm8\cores\sduino\wiring_digital.c: 92: uint8_t port = digitalPinToPort(pin);
      00000F AEr02r07         [ 2]   66 	ldw	x, #_digital_pin_to_port_PGM+0
      000012 9F               [ 1]   67 	ld	a, xl
      000013 1B 13            [ 1]   68 	add	a, (0x13, sp)
      000015 02               [ 1]   69 	rlwa	x
      000016 A9 00            [ 1]   70 	adc	a, #0x00
      000018 95               [ 1]   71 	ld	xh, a
      000019 F6               [ 1]   72 	ld	a, (x)
      00001A 6B 01            [ 1]   73 	ld	(0x01, sp), a
      00001C 7B 01            [ 1]   74 	ld	a, (0x01, sp)
      00001E 6B 05            [ 1]   75 	ld	(0x05, sp), a
                                     76 ;	C:\Users\sineirx\.platformio\packages\framework-arduinoststm8\cores\sduino\wiring_digital.c: 95: if (port == NOT_A_PIN) return;
      000020 0D 01            [ 1]   77 	tnz	(0x01, sp)
      000022 26 03            [ 1]   78 	jrne	00102$
      000024 CCr01r12         [ 2]   79 	jp	00118$
      000027                         80 00102$:
                                     81 ;	C:\Users\sineirx\.platformio\packages\framework-arduinoststm8\cores\sduino\wiring_digital.c: 97: gpio = (GPIO_TypeDef *) portOutputRegister(port);
      000027 AEr01rF3         [ 2]   82 	ldw	x, #_port_to_output_PGM+0
      00002A 1F 0B            [ 2]   83 	ldw	(0x0b, sp), x
      00002C 5F               [ 1]   84 	clrw	x
      00002D 7B 05            [ 1]   85 	ld	a, (0x05, sp)
      00002F 97               [ 1]   86 	ld	xl, a
      000030 58               [ 2]   87 	sllw	x
      000031 72 FB 0B         [ 2]   88 	addw	x, (0x0b, sp)
      000034 FE               [ 2]   89 	ldw	x, (x)
                                     90 ;	C:\Users\sineirx\.platformio\packages\framework-arduinoststm8\cores\sduino\wiring_digital.c: 101: gpio->CR2 &= ~bit;	// first: deactivate interrupt
      000035 1F 0F            [ 2]   91 	ldw	(0x0f, sp), x
      000037 1C 00 04         [ 2]   92 	addw	x, #0x0004
      00003A 1F 09            [ 2]   93 	ldw	(0x09, sp), x
      00003C 7B 04            [ 1]   94 	ld	a, (0x04, sp)
      00003E 43               [ 1]   95 	cpl	a
      00003F 6B 06            [ 1]   96 	ld	(0x06, sp), a
                                     97 ;	C:\Users\sineirx\.platformio\packages\framework-arduinoststm8\cores\sduino\wiring_digital.c: 102: gpio->CR1 &= ~bit;	// release top side
      000041 1E 0F            [ 2]   98 	ldw	x, (0x0f, sp)
      000043 1C 00 03         [ 2]   99 	addw	x, #0x0003
      000046 1F 07            [ 2]  100 	ldw	(0x07, sp), x
                                    101 ;	C:\Users\sineirx\.platformio\packages\framework-arduinoststm8\cores\sduino\wiring_digital.c: 103: gpio->DDR &= ~bit;	// now set direction
      000048 1E 0F            [ 2]  102 	ldw	x, (0x0f, sp)
      00004A 5C               [ 1]  103 	incw	x
      00004B 5C               [ 1]  104 	incw	x
      00004C 1F 0D            [ 2]  105 	ldw	(0x0d, sp), x
                                    106 ;	C:\Users\sineirx\.platformio\packages\framework-arduinoststm8\cores\sduino\wiring_digital.c: 99: if (mode == INPUT) {
      00004E 0D 14            [ 1]  107 	tnz	(0x14, sp)
      000050 26 1D            [ 1]  108 	jrne	00116$
                                    109 ;	C:\Users\sineirx\.platformio\packages\framework-arduinoststm8\cores\sduino\wiring_digital.c: 104: END_CRITICAL
      000052 9B               [ 1]  110 	sim
                                    111 ;	C:\Users\sineirx\.platformio\packages\framework-arduinoststm8\cores\sduino\wiring_digital.c: 101: gpio->CR2 &= ~bit;	// first: deactivate interrupt
      000053 1E 09            [ 2]  112 	ldw	x, (0x09, sp)
      000055 F6               [ 1]  113 	ld	a, (x)
      000056 14 06            [ 1]  114 	and	a, (0x06, sp)
      000058 1E 09            [ 2]  115 	ldw	x, (0x09, sp)
      00005A F7               [ 1]  116 	ld	(x), a
                                    117 ;	C:\Users\sineirx\.platformio\packages\framework-arduinoststm8\cores\sduino\wiring_digital.c: 102: gpio->CR1 &= ~bit;	// release top side
      00005B 1E 07            [ 2]  118 	ldw	x, (0x07, sp)
      00005D F6               [ 1]  119 	ld	a, (x)
      00005E 14 06            [ 1]  120 	and	a, (0x06, sp)
      000060 1E 07            [ 2]  121 	ldw	x, (0x07, sp)
      000062 F7               [ 1]  122 	ld	(x), a
                                    123 ;	C:\Users\sineirx\.platformio\packages\framework-arduinoststm8\cores\sduino\wiring_digital.c: 103: gpio->DDR &= ~bit;	// now set direction
      000063 1E 0D            [ 2]  124 	ldw	x, (0x0d, sp)
      000065 F6               [ 1]  125 	ld	a, (x)
      000066 14 06            [ 1]  126 	and	a, (0x06, sp)
      000068 1E 0D            [ 2]  127 	ldw	x, (0x0d, sp)
      00006A F7               [ 1]  128 	ld	(x), a
      00006B 9A               [ 1]  129 	rim
      00006C CCr01r12         [ 2]  130 	jp	00118$
      00006F                        131 00116$:
                                    132 ;	C:\Users\sineirx\.platformio\packages\framework-arduinoststm8\cores\sduino\wiring_digital.c: 105: } else if (mode == INPUT_PULLUP) {
      00006F 7B 14            [ 1]  133 	ld	a, (0x14, sp)
      000071 A1 02            [ 1]  134 	cp	a, #0x02
      000073 26 1D            [ 1]  135 	jrne	00113$
                                    136 ;	C:\Users\sineirx\.platformio\packages\framework-arduinoststm8\cores\sduino\wiring_digital.c: 110: END_CRITICAL
      000075 9B               [ 1]  137 	sim
                                    138 ;	C:\Users\sineirx\.platformio\packages\framework-arduinoststm8\cores\sduino\wiring_digital.c: 107: gpio->CR2 &= ~bit;	// first: deactivate interrupt
      000076 1E 09            [ 2]  139 	ldw	x, (0x09, sp)
      000078 F6               [ 1]  140 	ld	a, (x)
      000079 14 06            [ 1]  141 	and	a, (0x06, sp)
      00007B 1E 09            [ 2]  142 	ldw	x, (0x09, sp)
      00007D F7               [ 1]  143 	ld	(x), a
                                    144 ;	C:\Users\sineirx\.platformio\packages\framework-arduinoststm8\cores\sduino\wiring_digital.c: 108: gpio->DDR &= ~bit;	// set direction before
      00007E 1E 0D            [ 2]  145 	ldw	x, (0x0d, sp)
      000080 F6               [ 1]  146 	ld	a, (x)
      000081 14 06            [ 1]  147 	and	a, (0x06, sp)
      000083 1E 0D            [ 2]  148 	ldw	x, (0x0d, sp)
      000085 F7               [ 1]  149 	ld	(x), a
                                    150 ;	C:\Users\sineirx\.platformio\packages\framework-arduinoststm8\cores\sduino\wiring_digital.c: 109: gpio->CR1 |=  bit;	// activating the pull up
      000086 1E 07            [ 2]  151 	ldw	x, (0x07, sp)
      000088 F6               [ 1]  152 	ld	a, (x)
      000089 1A 04            [ 1]  153 	or	a, (0x04, sp)
      00008B 1E 07            [ 2]  154 	ldw	x, (0x07, sp)
      00008D F7               [ 1]  155 	ld	(x), a
      00008E 9A               [ 1]  156 	rim
      00008F CCr01r12         [ 2]  157 	jp	00118$
      000092                        158 00113$:
                                    159 ;	C:\Users\sineirx\.platformio\packages\framework-arduinoststm8\cores\sduino\wiring_digital.c: 111: } else if (mode == OUTPUT_FAST) {// output push-pull, fast
      000092 7B 14            [ 1]  160 	ld	a, (0x14, sp)
      000094 A1 05            [ 1]  161 	cp	a, #0x05
      000096 26 1C            [ 1]  162 	jrne	00110$
                                    163 ;	C:\Users\sineirx\.platformio\packages\framework-arduinoststm8\cores\sduino\wiring_digital.c: 116: END_CRITICAL
      000098 9B               [ 1]  164 	sim
                                    165 ;	C:\Users\sineirx\.platformio\packages\framework-arduinoststm8\cores\sduino\wiring_digital.c: 113: gpio->CR1 |=  bit;
      000099 1E 07            [ 2]  166 	ldw	x, (0x07, sp)
      00009B F6               [ 1]  167 	ld	a, (x)
      00009C 1A 04            [ 1]  168 	or	a, (0x04, sp)
      00009E 1E 07            [ 2]  169 	ldw	x, (0x07, sp)
      0000A0 F7               [ 1]  170 	ld	(x), a
                                    171 ;	C:\Users\sineirx\.platformio\packages\framework-arduinoststm8\cores\sduino\wiring_digital.c: 114: gpio->DDR |=  bit;	// direction before setting CR2 to
      0000A1 1E 0D            [ 2]  172 	ldw	x, (0x0d, sp)
      0000A3 F6               [ 1]  173 	ld	a, (x)
      0000A4 1A 04            [ 1]  174 	or	a, (0x04, sp)
      0000A6 1E 0D            [ 2]  175 	ldw	x, (0x0d, sp)
      0000A8 F7               [ 1]  176 	ld	(x), a
                                    177 ;	C:\Users\sineirx\.platformio\packages\framework-arduinoststm8\cores\sduino\wiring_digital.c: 115: gpio->CR2 |=  bit;	// avoid accidental interrupt
      0000A9 1E 09            [ 2]  178 	ldw	x, (0x09, sp)
      0000AB F6               [ 1]  179 	ld	a, (x)
      0000AC 1A 04            [ 1]  180 	or	a, (0x04, sp)
      0000AE 1E 09            [ 2]  181 	ldw	x, (0x09, sp)
      0000B0 F7               [ 1]  182 	ld	(x), a
      0000B1 9A               [ 1]  183 	rim
      0000B2 20 5E            [ 2]  184 	jra	00118$
      0000B4                        185 00110$:
                                    186 ;	C:\Users\sineirx\.platformio\packages\framework-arduinoststm8\cores\sduino\wiring_digital.c: 117: } else if (mode == OUTPUT_OD_FAST) {	// output open drain, fast
      0000B4 7B 14            [ 1]  187 	ld	a, (0x14, sp)
      0000B6 A1 07            [ 1]  188 	cp	a, #0x07
      0000B8 26 1C            [ 1]  189 	jrne	00107$
                                    190 ;	C:\Users\sineirx\.platformio\packages\framework-arduinoststm8\cores\sduino\wiring_digital.c: 122: END_CRITICAL
      0000BA 9B               [ 1]  191 	sim
                                    192 ;	C:\Users\sineirx\.platformio\packages\framework-arduinoststm8\cores\sduino\wiring_digital.c: 119: gpio->CR1 &= ~bit;
      0000BB 1E 07            [ 2]  193 	ldw	x, (0x07, sp)
      0000BD F6               [ 1]  194 	ld	a, (x)
      0000BE 14 06            [ 1]  195 	and	a, (0x06, sp)
      0000C0 1E 07            [ 2]  196 	ldw	x, (0x07, sp)
      0000C2 F7               [ 1]  197 	ld	(x), a
                                    198 ;	C:\Users\sineirx\.platformio\packages\framework-arduinoststm8\cores\sduino\wiring_digital.c: 120: gpio->DDR |=  bit;	// direction before setting CR2 to
      0000C3 1E 0D            [ 2]  199 	ldw	x, (0x0d, sp)
      0000C5 F6               [ 1]  200 	ld	a, (x)
      0000C6 1A 04            [ 1]  201 	or	a, (0x04, sp)
      0000C8 1E 0D            [ 2]  202 	ldw	x, (0x0d, sp)
      0000CA F7               [ 1]  203 	ld	(x), a
                                    204 ;	C:\Users\sineirx\.platformio\packages\framework-arduinoststm8\cores\sduino\wiring_digital.c: 121: gpio->CR2 |=  bit;	// avoid accidental interrupt
      0000CB 1E 09            [ 2]  205 	ldw	x, (0x09, sp)
      0000CD F6               [ 1]  206 	ld	a, (x)
      0000CE 1A 04            [ 1]  207 	or	a, (0x04, sp)
      0000D0 1E 09            [ 2]  208 	ldw	x, (0x09, sp)
      0000D2 F7               [ 1]  209 	ld	(x), a
      0000D3 9A               [ 1]  210 	rim
      0000D4 20 3C            [ 2]  211 	jra	00118$
      0000D6                        212 00107$:
                                    213 ;	C:\Users\sineirx\.platformio\packages\framework-arduinoststm8\cores\sduino\wiring_digital.c: 123: } else if (mode == OUTPUT_OD) {	// output open drain, slow
      0000D6 7B 14            [ 1]  214 	ld	a, (0x14, sp)
      0000D8 A1 03            [ 1]  215 	cp	a, #0x03
      0000DA 26 1C            [ 1]  216 	jrne	00104$
                                    217 ;	C:\Users\sineirx\.platformio\packages\framework-arduinoststm8\cores\sduino\wiring_digital.c: 128: END_CRITICAL
      0000DC 9B               [ 1]  218 	sim
                                    219 ;	C:\Users\sineirx\.platformio\packages\framework-arduinoststm8\cores\sduino\wiring_digital.c: 125: gpio->CR1 &= ~bit;
      0000DD 1E 07            [ 2]  220 	ldw	x, (0x07, sp)
      0000DF F6               [ 1]  221 	ld	a, (x)
      0000E0 14 06            [ 1]  222 	and	a, (0x06, sp)
      0000E2 1E 07            [ 2]  223 	ldw	x, (0x07, sp)
      0000E4 F7               [ 1]  224 	ld	(x), a
                                    225 ;	C:\Users\sineirx\.platformio\packages\framework-arduinoststm8\cores\sduino\wiring_digital.c: 126: gpio->CR2 &= ~bit;
      0000E5 1E 09            [ 2]  226 	ldw	x, (0x09, sp)
      0000E7 F6               [ 1]  227 	ld	a, (x)
      0000E8 14 06            [ 1]  228 	and	a, (0x06, sp)
      0000EA 1E 09            [ 2]  229 	ldw	x, (0x09, sp)
      0000EC F7               [ 1]  230 	ld	(x), a
                                    231 ;	C:\Users\sineirx\.platformio\packages\framework-arduinoststm8\cores\sduino\wiring_digital.c: 127: gpio->DDR |=  bit;
      0000ED 1E 0D            [ 2]  232 	ldw	x, (0x0d, sp)
      0000EF F6               [ 1]  233 	ld	a, (x)
      0000F0 1A 04            [ 1]  234 	or	a, (0x04, sp)
      0000F2 1E 0D            [ 2]  235 	ldw	x, (0x0d, sp)
      0000F4 F7               [ 1]  236 	ld	(x), a
      0000F5 9A               [ 1]  237 	rim
      0000F6 20 1A            [ 2]  238 	jra	00118$
      0000F8                        239 00104$:
                                    240 ;	C:\Users\sineirx\.platformio\packages\framework-arduinoststm8\cores\sduino\wiring_digital.c: 134: END_CRITICAL
      0000F8 9B               [ 1]  241 	sim
                                    242 ;	C:\Users\sineirx\.platformio\packages\framework-arduinoststm8\cores\sduino\wiring_digital.c: 131: gpio->CR1 |=  bit;
      0000F9 1E 07            [ 2]  243 	ldw	x, (0x07, sp)
      0000FB F6               [ 1]  244 	ld	a, (x)
      0000FC 1A 04            [ 1]  245 	or	a, (0x04, sp)
      0000FE 1E 07            [ 2]  246 	ldw	x, (0x07, sp)
      000100 F7               [ 1]  247 	ld	(x), a
                                    248 ;	C:\Users\sineirx\.platformio\packages\framework-arduinoststm8\cores\sduino\wiring_digital.c: 132: gpio->CR2 &= ~bit;
      000101 1E 09            [ 2]  249 	ldw	x, (0x09, sp)
      000103 F6               [ 1]  250 	ld	a, (x)
      000104 14 06            [ 1]  251 	and	a, (0x06, sp)
      000106 1E 09            [ 2]  252 	ldw	x, (0x09, sp)
      000108 F7               [ 1]  253 	ld	(x), a
                                    254 ;	C:\Users\sineirx\.platformio\packages\framework-arduinoststm8\cores\sduino\wiring_digital.c: 133: gpio->DDR |=  bit;
      000109 1E 0D            [ 2]  255 	ldw	x, (0x0d, sp)
      00010B F6               [ 1]  256 	ld	a, (x)
      00010C 1A 04            [ 1]  257 	or	a, (0x04, sp)
      00010E 1E 0D            [ 2]  258 	ldw	x, (0x0d, sp)
      000110 F7               [ 1]  259 	ld	(x), a
      000111 9A               [ 1]  260 	rim
      000112                        261 00118$:
      000112 5B 10            [ 2]  262 	addw	sp, #16
      000114 81               [ 4]  263 	ret
                                    264 ;	C:\Users\sineirx\.platformio\packages\framework-arduinoststm8\cores\sduino\wiring_digital.c: 174: static void turnOffPWM(uint8_t timer)
                                    265 ;	-----------------------------------------
                                    266 ;	 function turnOffPWM
                                    267 ;	-----------------------------------------
      000115                        268 _turnOffPWM:
      000115 52 02            [ 2]  269 	sub	sp, #2
                                    270 ;	C:\Users\sineirx\.platformio\packages\framework-arduinoststm8\cores\sduino\wiring_digital.c: 176: *((unsigned char *) ccmrx[timer-1]) &= ~TIM1_CCMR_OCM;
      000117 AEr02r41         [ 2]  271 	ldw	x, #_ccmrx+0
      00011A 1F 01            [ 2]  272 	ldw	(0x01, sp), x
      00011C 7B 05            [ 1]  273 	ld	a, (0x05, sp)
      00011E 4A               [ 1]  274 	dec	a
      00011F 5F               [ 1]  275 	clrw	x
      000120 97               [ 1]  276 	ld	xl, a
      000121 58               [ 2]  277 	sllw	x
      000122 72 FB 01         [ 2]  278 	addw	x, (0x01, sp)
      000125 FE               [ 2]  279 	ldw	x, (x)
      000126 F6               [ 1]  280 	ld	a, (x)
      000127 A4 8F            [ 1]  281 	and	a, #0x8f
      000129 F7               [ 1]  282 	ld	(x), a
      00012A 5B 02            [ 2]  283 	addw	sp, #2
      00012C 81               [ 4]  284 	ret
                                    285 ;	C:\Users\sineirx\.platformio\packages\framework-arduinoststm8\cores\sduino\wiring_digital.c: 180: void digitalWrite(uint8_t pin, uint8_t val)
                                    286 ;	-----------------------------------------
                                    287 ;	 function digitalWrite
                                    288 ;	-----------------------------------------
      00012D                        289 _digitalWrite:
      00012D 52 08            [ 2]  290 	sub	sp, #8
                                    291 ;	C:\Users\sineirx\.platformio\packages\framework-arduinoststm8\cores\sduino\wiring_digital.c: 182: uint8_t timer = digitalPinToTimer(pin);
      00012F AEr02r27         [ 2]  292 	ldw	x, #_digital_pin_to_timer_PGM+0
      000132 9F               [ 1]  293 	ld	a, xl
      000133 1B 0B            [ 1]  294 	add	a, (0x0b, sp)
      000135 02               [ 1]  295 	rlwa	x
      000136 A9 00            [ 1]  296 	adc	a, #0x00
      000138 95               [ 1]  297 	ld	xh, a
      000139 F6               [ 1]  298 	ld	a, (x)
      00013A 6B 01            [ 1]  299 	ld	(0x01, sp), a
                                    300 ;	C:\Users\sineirx\.platformio\packages\framework-arduinoststm8\cores\sduino\wiring_digital.c: 183: uint8_t bit = digitalPinToBitMask(pin);
      00013C AEr02r17         [ 2]  301 	ldw	x, #_digital_pin_to_bit_mask_PGM+0
      00013F 9F               [ 1]  302 	ld	a, xl
      000140 1B 0B            [ 1]  303 	add	a, (0x0b, sp)
      000142 02               [ 1]  304 	rlwa	x
      000143 A9 00            [ 1]  305 	adc	a, #0x00
      000145 95               [ 1]  306 	ld	xh, a
      000146 F6               [ 1]  307 	ld	a, (x)
      000147 6B 02            [ 1]  308 	ld	(0x02, sp), a
                                    309 ;	C:\Users\sineirx\.platformio\packages\framework-arduinoststm8\cores\sduino\wiring_digital.c: 184: uint8_t port = digitalPinToPort(pin);
      000149 AEr02r07         [ 2]  310 	ldw	x, #_digital_pin_to_port_PGM+0
      00014C 9F               [ 1]  311 	ld	a, xl
      00014D 1B 0B            [ 1]  312 	add	a, (0x0b, sp)
      00014F 02               [ 1]  313 	rlwa	x
      000150 A9 00            [ 1]  314 	adc	a, #0x00
      000152 95               [ 1]  315 	ld	xh, a
      000153 F6               [ 1]  316 	ld	a, (x)
      000154 6B 05            [ 1]  317 	ld	(0x05, sp), a
                                    318 ;	C:\Users\sineirx\.platformio\packages\framework-arduinoststm8\cores\sduino\wiring_digital.c: 187: if (port == NOT_A_PIN) return;
      000156 4D               [ 1]  319 	tnz	a
      000157 27 34            [ 1]  320 	jreq	00108$
                                    321 ;	C:\Users\sineirx\.platformio\packages\framework-arduinoststm8\cores\sduino\wiring_digital.c: 191: if (timer != NOT_ON_TIMER) turnOffPWM(timer);
      000159 0D 01            [ 1]  322 	tnz	(0x01, sp)
      00015B 27 07            [ 1]  323 	jreq	00104$
      00015D 7B 01            [ 1]  324 	ld	a, (0x01, sp)
      00015F 88               [ 1]  325 	push	a
      000160 CDr01r15         [ 4]  326 	call	_turnOffPWM
      000163 84               [ 1]  327 	pop	a
      000164                        328 00104$:
                                    329 ;	C:\Users\sineirx\.platformio\packages\framework-arduinoststm8\cores\sduino\wiring_digital.c: 193: out = portOutputRegister(port);
      000164 90 AEr01rF3      [ 2]  330 	ldw	y, #_port_to_output_PGM+0
      000168 5F               [ 1]  331 	clrw	x
      000169 7B 05            [ 1]  332 	ld	a, (0x05, sp)
      00016B 97               [ 1]  333 	ld	xl, a
      00016C 58               [ 2]  334 	sllw	x
      00016D 1F 06            [ 2]  335 	ldw	(0x06, sp), x
      00016F 72 F9 06         [ 2]  336 	addw	y, (0x06, sp)
      000172 90 FE            [ 2]  337 	ldw	y, (y)
                                    338 ;	C:\Users\sineirx\.platformio\packages\framework-arduinoststm8\cores\sduino\wiring_digital.c: 203: END_CRITICAL
      000174 9B               [ 1]  339 	sim
                                    340 ;	C:\Users\sineirx\.platformio\packages\framework-arduinoststm8\cores\sduino\wiring_digital.c: 197: if (val == LOW) {
      000175 0D 0C            [ 1]  341 	tnz	(0x0c, sp)
      000177 26 0D            [ 1]  342 	jrne	00106$
                                    343 ;	C:\Users\sineirx\.platformio\packages\framework-arduinoststm8\cores\sduino\wiring_digital.c: 198: *out &= ~bit;
      000179 90 F6            [ 1]  344 	ld	a, (y)
      00017B 6B 08            [ 1]  345 	ld	(0x08, sp), a
      00017D 7B 02            [ 1]  346 	ld	a, (0x02, sp)
      00017F 43               [ 1]  347 	cpl	a
      000180 14 08            [ 1]  348 	and	a, (0x08, sp)
      000182 90 F7            [ 1]  349 	ld	(y), a
      000184 20 06            [ 2]  350 	jra	00107$
      000186                        351 00106$:
                                    352 ;	C:\Users\sineirx\.platformio\packages\framework-arduinoststm8\cores\sduino\wiring_digital.c: 200: *out |= bit;
      000186 90 F6            [ 1]  353 	ld	a, (y)
      000188 1A 02            [ 1]  354 	or	a, (0x02, sp)
      00018A 90 F7            [ 1]  355 	ld	(y), a
      00018C                        356 00107$:
      00018C 9A               [ 1]  357 	rim
      00018D                        358 00108$:
      00018D 5B 08            [ 2]  359 	addw	sp, #8
      00018F 81               [ 4]  360 	ret
                                    361 ;	C:\Users\sineirx\.platformio\packages\framework-arduinoststm8\cores\sduino\wiring_digital.c: 206: int digitalRead(uint8_t pin)
                                    362 ;	-----------------------------------------
                                    363 ;	 function digitalRead
                                    364 ;	-----------------------------------------
      000190                        365 _digitalRead:
      000190 52 05            [ 2]  366 	sub	sp, #5
                                    367 ;	C:\Users\sineirx\.platformio\packages\framework-arduinoststm8\cores\sduino\wiring_digital.c: 208: uint8_t timer = digitalPinToTimer(pin);
      000192 AEr02r27         [ 2]  368 	ldw	x, #_digital_pin_to_timer_PGM+0
      000195 9F               [ 1]  369 	ld	a, xl
      000196 1B 08            [ 1]  370 	add	a, (0x08, sp)
      000198 02               [ 1]  371 	rlwa	x
      000199 A9 00            [ 1]  372 	adc	a, #0x00
      00019B 95               [ 1]  373 	ld	xh, a
      00019C F6               [ 1]  374 	ld	a, (x)
      00019D 6B 02            [ 1]  375 	ld	(0x02, sp), a
                                    376 ;	C:\Users\sineirx\.platformio\packages\framework-arduinoststm8\cores\sduino\wiring_digital.c: 209: uint8_t bit = digitalPinToBitMask(pin);
      00019F AEr02r17         [ 2]  377 	ldw	x, #_digital_pin_to_bit_mask_PGM+0
      0001A2 9F               [ 1]  378 	ld	a, xl
      0001A3 1B 08            [ 1]  379 	add	a, (0x08, sp)
      0001A5 02               [ 1]  380 	rlwa	x
      0001A6 A9 00            [ 1]  381 	adc	a, #0x00
      0001A8 95               [ 1]  382 	ld	xh, a
      0001A9 F6               [ 1]  383 	ld	a, (x)
      0001AA 6B 01            [ 1]  384 	ld	(0x01, sp), a
                                    385 ;	C:\Users\sineirx\.platformio\packages\framework-arduinoststm8\cores\sduino\wiring_digital.c: 210: uint8_t port = digitalPinToPort(pin);
      0001AC AEr02r07         [ 2]  386 	ldw	x, #_digital_pin_to_port_PGM+0
      0001AF 9F               [ 1]  387 	ld	a, xl
      0001B0 1B 08            [ 1]  388 	add	a, (0x08, sp)
      0001B2 02               [ 1]  389 	rlwa	x
      0001B3 A9 00            [ 1]  390 	adc	a, #0x00
      0001B5 95               [ 1]  391 	ld	xh, a
      0001B6 F6               [ 1]  392 	ld	a, (x)
      0001B7 6B 05            [ 1]  393 	ld	(0x05, sp), a
                                    394 ;	C:\Users\sineirx\.platformio\packages\framework-arduinoststm8\cores\sduino\wiring_digital.c: 212: if (port == NOT_A_PIN) return LOW;
      0001B9 4D               [ 1]  395 	tnz	a
      0001BA 26 03            [ 1]  396 	jrne	00102$
      0001BC 5F               [ 1]  397 	clrw	x
      0001BD 20 27            [ 2]  398 	jra	00107$
      0001BF                        399 00102$:
                                    400 ;	C:\Users\sineirx\.platformio\packages\framework-arduinoststm8\cores\sduino\wiring_digital.c: 216: if (timer != NOT_ON_TIMER) turnOffPWM(timer);
      0001BF 0D 02            [ 1]  401 	tnz	(0x02, sp)
      0001C1 27 07            [ 1]  402 	jreq	00104$
      0001C3 7B 02            [ 1]  403 	ld	a, (0x02, sp)
      0001C5 88               [ 1]  404 	push	a
      0001C6 CDr01r15         [ 4]  405 	call	_turnOffPWM
      0001C9 84               [ 1]  406 	pop	a
      0001CA                        407 00104$:
                                    408 ;	C:\Users\sineirx\.platformio\packages\framework-arduinoststm8\cores\sduino\wiring_digital.c: 218: if (*portInputRegister(port) & bit) return HIGH;
      0001CA 90 AEr01rFD      [ 2]  409 	ldw	y, #_port_to_input_PGM+0
      0001CE 5F               [ 1]  410 	clrw	x
      0001CF 7B 05            [ 1]  411 	ld	a, (0x05, sp)
      0001D1 97               [ 1]  412 	ld	xl, a
      0001D2 58               [ 2]  413 	sllw	x
      0001D3 1F 03            [ 2]  414 	ldw	(0x03, sp), x
      0001D5 72 F9 03         [ 2]  415 	addw	y, (0x03, sp)
      0001D8 90 FE            [ 2]  416 	ldw	y, (y)
      0001DA 90 F6            [ 1]  417 	ld	a, (y)
      0001DC 14 01            [ 1]  418 	and	a, (0x01, sp)
      0001DE 4D               [ 1]  419 	tnz	a
      0001DF 27 04            [ 1]  420 	jreq	00106$
      0001E1 AE 00 01         [ 2]  421 	ldw	x, #0x0001
                                    422 ;	C:\Users\sineirx\.platformio\packages\framework-arduinoststm8\cores\sduino\wiring_digital.c: 219: return LOW;
      0001E4 21                     423 	.byte 0x21
      0001E5                        424 00106$:
      0001E5 5F               [ 1]  425 	clrw	x
      0001E6                        426 00107$:
      0001E6 5B 05            [ 2]  427 	addw	sp, #5
      0001E8 81               [ 4]  428 	ret
                                    429 	.area CODE
      0001E9                        430 _port_to_mode_PGM:
      0001E9 00 00                  431 	.dw #0x0000
      0001EB 50 02                  432 	.dw #0x5002
      0001ED 50 07                  433 	.dw #0x5007
      0001EF 50 0C                  434 	.dw #0x500c
      0001F1 50 11                  435 	.dw #0x5011
      0001F3                        436 _port_to_output_PGM:
      0001F3 00 00                  437 	.dw #0x0000
      0001F5 50 00                  438 	.dw #0x5000
      0001F7 50 05                  439 	.dw #0x5005
      0001F9 50 0A                  440 	.dw #0x500a
      0001FB 50 0F                  441 	.dw #0x500f
      0001FD                        442 _port_to_input_PGM:
      0001FD 00 00                  443 	.dw #0x0000
      0001FF 50 01                  444 	.dw #0x5001
      000201 50 06                  445 	.dw #0x5006
      000203 50 0B                  446 	.dw #0x500b
      000205 50 10                  447 	.dw #0x5010
      000207                        448 _digital_pin_to_port_PGM:
      000207 01                     449 	.db #0x01	; 1
      000208 01                     450 	.db #0x01	; 1
      000209 01                     451 	.db #0x01	; 1
      00020A 02                     452 	.db #0x02	; 2
      00020B 02                     453 	.db #0x02	; 2
      00020C 03                     454 	.db #0x03	; 3
      00020D 03                     455 	.db #0x03	; 3
      00020E 03                     456 	.db #0x03	; 3
      00020F 03                     457 	.db #0x03	; 3
      000210 03                     458 	.db #0x03	; 3
      000211 04                     459 	.db #0x04	; 4
      000212 04                     460 	.db #0x04	; 4
      000213 04                     461 	.db #0x04	; 4
      000214 04                     462 	.db #0x04	; 4
      000215 04                     463 	.db #0x04	; 4
      000216 04                     464 	.db #0x04	; 4
      000217                        465 _digital_pin_to_bit_mask_PGM:
      000217 02                     466 	.db #0x02	; 2
      000218 04                     467 	.db #0x04	; 4
      000219 08                     468 	.db #0x08	; 8
      00021A 20                     469 	.db #0x20	; 32
      00021B 10                     470 	.db #0x10	; 16
      00021C 08                     471 	.db #0x08	; 8
      00021D 10                     472 	.db #0x10	; 16
      00021E 20                     473 	.db #0x20	; 32
      00021F 40                     474 	.db #0x40	; 64
      000220 80                     475 	.db #0x80	; 128
      000221 02                     476 	.db #0x02	; 2
      000222 04                     477 	.db #0x04	; 4
      000223 08                     478 	.db #0x08	; 8
      000224 10                     479 	.db #0x10	; 16
      000225 20                     480 	.db #0x20	; 32
      000226 40                     481 	.db #0x40	; 64
      000227                        482 _digital_pin_to_timer_PGM:
      000227 00                     483 	.db #0x00	; 0
      000228 00                     484 	.db #0x00	; 0
      000229 05                     485 	.db #0x05	; 5
      00022A 00                     486 	.db #0x00	; 0
      00022B 00                     487 	.db #0x00	; 0
      00022C 01                     488 	.db #0x01	; 1
      00022D 02                     489 	.db #0x02	; 2
      00022E 00                     490 	.db #0x00	; 0
      00022F 00                     491 	.db #0x00	; 0
      000230 00                     492 	.db #0x00	; 0
      000231 00                     493 	.db #0x00	; 0
      000232 00                     494 	.db #0x00	; 0
      000233 04                     495 	.db #0x04	; 4
      000234 03                     496 	.db #0x03	; 3
      000235 00                     497 	.db #0x00	; 0
      000236 00                     498 	.db #0x00	; 0
      000237                        499 _digitalPinToAnalogChannelMap:
      000237 02                     500 	.db #0x02	; 2
      000238 FF                     501 	.db #0xff	; 255
      000239 FF                     502 	.db #0xff	; 255
      00023A FF                     503 	.db #0xff	; 255
      00023B FF                     504 	.db #0xff	; 255
      00023C 03                     505 	.db #0x03	; 3
      00023D 04                     506 	.db #0x04	; 4
      00023E FF                     507 	.db #0xff	; 255
      00023F 05                     508 	.db #0x05	; 5
      000240 06                     509 	.db #0x06	; 6
      000241                        510 _ccmrx:
      000241 52 5A                  511 	.dw 0x525A
      000243 52 5B                  512 	.dw 0x525B
      000245 53 07                  513 	.dw 0x5307
      000247 53 08                  514 	.dw 0x5308
      000249 53 09                  515 	.dw 0x5309
      00024B 00                     516 	.db 0x00
      00024C 00                     517 	.db 0x00
                                    518 	.area INITIALIZER
                                    519 	.area CABS (ABS)
