                                      1 ;--------------------------------------------------------
                                      2 ; File Created by SDCC : free open source ANSI-C Compiler
                                      3 ; Version 3.6.3 #9771 (MINGW32)
                                      4 ;--------------------------------------------------------
                                      5 	.module wiring
                                      6 	.optsdcc -mstm8
                                      7 	
                                      8 ;--------------------------------------------------------
                                      9 ; Public variables in this module
                                     10 ;--------------------------------------------------------
                                     11 	.globl _main
                                     12 	.globl _loop
                                     13 	.globl _setup
                                     14 	.globl _serialEvent
                                     15 	.globl _initVariant
                                     16 	.globl _UART1_DeInit
                                     17 	.globl _TIM4_DeInit
                                     18 	.globl _TIM2_TimeBaseInit
                                     19 	.globl _TIM2_DeInit
                                     20 	.globl _TIM1_TimeBaseInit
                                     21 	.globl _TIM1_DeInit
                                     22 	.globl _GPIO_DeInit
                                     23 	.globl _ADC1_DeInit
                                     24 	.globl _runSerialEvent
                                     25 	.globl _timer4_millis
                                     26 	.globl _timer4_overflow_count
                                     27 	.globl _TIM4_UPD_OVF_IRQHandler
                                     28 	.globl _millis
                                     29 	.globl _micros
                                     30 	.globl _delay
                                     31 	.globl _delayMicroseconds
                                     32 	.globl _init
                                     33 ;--------------------------------------------------------
                                     34 ; ram data
                                     35 ;--------------------------------------------------------
                                     36 	.area DATA
      000000                         37 _timer4_overflow_count::
      000000                         38 	.ds 4
      000004                         39 _timer4_millis::
      000004                         40 	.ds 4
      000008                         41 _timer4_fract:
      000008                         42 	.ds 1
      000009                         43 _runSerialEvent::
      000009                         44 	.ds 1
                                     45 ;--------------------------------------------------------
                                     46 ; ram data
                                     47 ;--------------------------------------------------------
                                     48 	.area INITIALIZED
                                     49 ;--------------------------------------------------------
                                     50 ; Stack segment in internal ram 
                                     51 ;--------------------------------------------------------
                                     52 	.area	SSEG
      000000                         53 __start__stack:
      000000                         54 	.ds	1
                                     55 
                                     56 ;--------------------------------------------------------
                                     57 ; absolute external ram data
                                     58 ;--------------------------------------------------------
                                     59 	.area DABS (ABS)
                                     60 ;--------------------------------------------------------
                                     61 ; interrupt vector 
                                     62 ;--------------------------------------------------------
                                     63 	.area HOME
      000000                         64 __interrupt_vect:
      000000 82v00u00u00             65 	int s_GSINIT ;reset
      000004 82 00 00 00             66 	int 0x0000 ;trap
      000008 82 00 00 00             67 	int 0x0000 ;int0
      00000C 82 00 00 00             68 	int 0x0000 ;int1
      000010 82 00 00 00             69 	int 0x0000 ;int2
      000014 82v00u00u00             70 	int _EXTI_PORTA_IRQHandler ;int3
      000018 82v00u00u00             71 	int _EXTI_PORTB_IRQHandler ;int4
      00001C 82v00u00u00             72 	int _EXTI_PORTC_IRQHandler ;int5
      000020 82v00u00u00             73 	int _EXTI_PORTD_IRQHandler ;int6
      000024 82v00u00u00             74 	int _EXTI_PORTE_IRQHandler ;int7
      000028 82 00 00 00             75 	int 0x0000 ;int8
      00002C 82 00 00 00             76 	int 0x0000 ;int9
      000030 82 00 00 00             77 	int 0x0000 ;int10
      000034 82 00 00 00             78 	int 0x0000 ;int11
      000038 82v00u00u00             79 	int _TIM1_CAP_COM_IRQHandler ;int12
      00003C 82 00 00 00             80 	int 0x0000 ;int13
      000040 82 00 00 00             81 	int 0x0000 ;int14
      000044 82 00 00 00             82 	int 0x0000 ;int15
      000048 82 00 00 00             83 	int 0x0000 ;int16
      00004C 82v00u00u00             84 	int _UART1_TX_IRQHandler ;int17
      000050 82v00u00u00             85 	int _UART1_RX_IRQHandler ;int18
      000054 82 00 00 00             86 	int 0x0000 ;int19
      000058 82 00 00 00             87 	int 0x0000 ;int20
      00005C 82 00 00 00             88 	int 0x0000 ;int21
      000060 82 00 00 00             89 	int 0x0000 ;int22
      000064 82v00u00u00             90 	int _TIM4_UPD_OVF_IRQHandler ;int23
      000068 82 00 00 00             91 	int 0x0000 ;int24
      00006C 82 00 00 00             92 	int 0x0000 ;int25
      000070 82 00 00 00             93 	int 0x0000 ;int26
      000074 82 00 00 00             94 	int 0x0000 ;int27
      000078 82 00 00 00             95 	int 0x0000 ;int28
      00007C 82 00 00 00             96 	int 0x0000 ;int29
                                     97 ;--------------------------------------------------------
                                     98 ; global & static initialisations
                                     99 ;--------------------------------------------------------
                                    100 	.area HOME
                                    101 	.area GSINIT
                                    102 	.area GSFINAL
                                    103 	.area GSINIT
      000000                        104 __sdcc_gs_init_startup:
      000000                        105 __sdcc_init_data:
                                    106 ; stm8_genXINIT() start
      000000 AEr00r00         [ 2]  107 	ldw x, #l_DATA
      000003 27 07            [ 1]  108 	jreq	00002$
      000005                        109 00001$:
      000005 72 4FuFFuFF      [ 1]  110 	clr (s_DATA - 1, x)
      000009 5A               [ 2]  111 	decw x
      00000A 26 F9            [ 1]  112 	jrne	00001$
      00000C                        113 00002$:
      00000C AEr00r00         [ 2]  114 	ldw	x, #l_INITIALIZER
      00000F 27 09            [ 1]  115 	jreq	00004$
      000011                        116 00003$:
      000011 D6uFFuFF         [ 1]  117 	ld	a, (s_INITIALIZER - 1, x)
      000014 D7uFFuFF         [ 1]  118 	ld	(s_INITIALIZED - 1, x), a
      000017 5A               [ 2]  119 	decw	x
      000018 26 F7            [ 1]  120 	jrne	00003$
      00001A                        121 00004$:
                                    122 ; stm8_genXINIT() end
                                    123 	.area GSFINAL
      000000 CCr00r80         [ 2]  124 	jp	__sdcc_program_startup
                                    125 ;--------------------------------------------------------
                                    126 ; Home
                                    127 ;--------------------------------------------------------
                                    128 	.area HOME
                                    129 	.area HOME
      000080                        130 __sdcc_program_startup:
      000080 CCr01rFB         [ 2]  131 	jp	_main
                                    132 ;	return from main will return to caller
                                    133 ;--------------------------------------------------------
                                    134 ; code
                                    135 ;--------------------------------------------------------
                                    136 	.area CODE
                                    137 ;	C:\Users\sineirx\.platformio\packages\framework-arduinoststm8\cores\sduino\wiring.c: 81: INTERRUPT_HANDLER(TIM4_UPD_OVF_IRQHandler, ITC_IRQ_TIM4_OVF) /* TIM4 UPD/OVF */
                                    138 ;	-----------------------------------------
                                    139 ;	 function TIM4_UPD_OVF_IRQHandler
                                    140 ;	-----------------------------------------
      000000                        141 _TIM4_UPD_OVF_IRQHandler:
                                    142 ;	C:\Users\sineirx\.platformio\packages\framework-arduinoststm8\cores\sduino\wiring.c: 85: unsigned long m = timer4_millis;
      000000 90 CEu00u06      [ 2]  143 	ldw	y, _timer4_millis+2
      000004 CEu00u04         [ 2]  144 	ldw	x, _timer4_millis+0
                                    145 ;	C:\Users\sineirx\.platformio\packages\framework-arduinoststm8\cores\sduino\wiring.c: 90: m += MILLIS_INC;
      000007 72 A9 00 01      [ 2]  146 	addw	y, #0x0001
      00000B 9F               [ 1]  147 	ld	a, xl
      00000C A9 00            [ 1]  148 	adc	a, #0x00
      00000E 02               [ 1]  149 	rlwa	x
      00000F A9 00            [ 1]  150 	adc	a, #0x00
      000011 95               [ 1]  151 	ld	xh, a
                                    152 ;	C:\Users\sineirx\.platformio\packages\framework-arduinoststm8\cores\sduino\wiring.c: 100: timer4_millis = m;
      000012 90 CFu00u06      [ 2]  153 	ldw	_timer4_millis+2, y
      000016 CFu00u04         [ 2]  154 	ldw	_timer4_millis+0, x
                                    155 ;	C:\Users\sineirx\.platformio\packages\framework-arduinoststm8\cores\sduino\wiring.c: 101: timer4_overflow_count++;
      000019 CEu00u02         [ 2]  156 	ldw	x, _timer4_overflow_count+2
      00001C 1C 00 01         [ 2]  157 	addw	x, #0x0001
      00001F C6u00u01         [ 1]  158 	ld	a, _timer4_overflow_count+1
      000022 A9 00            [ 1]  159 	adc	a, #0x00
      000024 90 97            [ 1]  160 	ld	yl, a
      000026 C6u00u00         [ 1]  161 	ld	a, _timer4_overflow_count+0
      000029 A9 00            [ 1]  162 	adc	a, #0x00
      00002B 90 95            [ 1]  163 	ld	yh, a
      00002D CFu00u02         [ 2]  164 	ldw	_timer4_overflow_count+2, x
      000030 90 CFu00u00      [ 2]  165 	ldw	_timer4_overflow_count+0, y
                                    166 ;	C:\Users\sineirx\.platformio\packages\framework-arduinoststm8\cores\sduino\wiring.c: 107: TIM4->SR1 = (uint8_t)(~TIM4_IT_UPDATE);
      000034 35 FE 53 44      [ 1]  167 	mov	0x5344+0, #0xfe
      000038 80               [11]  168 	iret
                                    169 ;	C:\Users\sineirx\.platformio\packages\framework-arduinoststm8\cores\sduino\wiring.c: 111: unsigned long millis()
                                    170 ;	-----------------------------------------
                                    171 ;	 function millis
                                    172 ;	-----------------------------------------
      000039                        173 _millis:
                                    174 ;	C:\Users\sineirx\.platformio\packages\framework-arduinoststm8\cores\sduino\wiring.c: 119: END_CRITICAL
      000039 9B               [ 1]  175 	sim
                                    176 ;	C:\Users\sineirx\.platformio\packages\framework-arduinoststm8\cores\sduino\wiring.c: 118: m = timer4_millis;
      00003A CEu00u06         [ 2]  177 	ldw	x, _timer4_millis+2
      00003D 90 CEu00u04      [ 2]  178 	ldw	y, _timer4_millis+0
      000041 9A               [ 1]  179 	rim
                                    180 ;	C:\Users\sineirx\.platformio\packages\framework-arduinoststm8\cores\sduino\wiring.c: 121: return m;
      000042 81               [ 4]  181 	ret
                                    182 ;	C:\Users\sineirx\.platformio\packages\framework-arduinoststm8\cores\sduino\wiring.c: 125: unsigned long micros()
                                    183 ;	-----------------------------------------
                                    184 ;	 function micros
                                    185 ;	-----------------------------------------
      000043                        186 _micros:
      000043 52 0D            [ 2]  187 	sub	sp, #13
                                    188 ;	C:\Users\sineirx\.platformio\packages\framework-arduinoststm8\cores\sduino\wiring.c: 160: END_CRITICAL
      000045 9B               [ 1]  189 	sim
                                    190 ;	C:\Users\sineirx\.platformio\packages\framework-arduinoststm8\cores\sduino\wiring.c: 153: m = timer4_overflow_count;
      000046 90 CEu00u02      [ 2]  191 	ldw	y, _timer4_overflow_count+2
      00004A CEu00u00         [ 2]  192 	ldw	x, _timer4_overflow_count+0
      00004D 1F 0A            [ 2]  193 	ldw	(0x0a, sp), x
                                    194 ;	C:\Users\sineirx\.platformio\packages\framework-arduinoststm8\cores\sduino\wiring.c: 154: t = TIM4->CNTR;
      00004F AE 53 46         [ 2]  195 	ldw	x, #0x5346
      000052 F6               [ 1]  196 	ld	a, (x)
      000053 6B 01            [ 1]  197 	ld	(0x01, sp), a
                                    198 ;	C:\Users\sineirx\.platformio\packages\framework-arduinoststm8\cores\sduino\wiring.c: 158: if ((TIM4->SR1 & (uint8_t)TIM4_IT_UPDATE) && (t < (T4PERIOD-1)))
      000055 AE 53 44         [ 2]  199 	ldw	x, #0x5344
      000058 F6               [ 1]  200 	ld	a, (x)
      000059 44               [ 1]  201 	srl	a
      00005A 24 16            [ 1]  202 	jrnc	00102$
      00005C 7B 01            [ 1]  203 	ld	a, (0x01, sp)
      00005E A1 F9            [ 1]  204 	cp	a, #0xf9
      000060 24 10            [ 1]  205 	jrnc	00102$
                                    206 ;	C:\Users\sineirx\.platformio\packages\framework-arduinoststm8\cores\sduino\wiring.c: 159: m++;
      000062 72 A9 00 01      [ 2]  207 	addw	y, #0x0001
      000066 7B 0B            [ 1]  208 	ld	a, (0x0b, sp)
      000068 A9 00            [ 1]  209 	adc	a, #0x00
      00006A 97               [ 1]  210 	ld	xl, a
      00006B 7B 0A            [ 1]  211 	ld	a, (0x0a, sp)
      00006D A9 00            [ 1]  212 	adc	a, #0x00
      00006F 95               [ 1]  213 	ld	xh, a
      000070 1F 0A            [ 2]  214 	ldw	(0x0a, sp), x
      000072                        215 00102$:
      000072 9A               [ 1]  216 	rim
                                    217 ;	C:\Users\sineirx\.platformio\packages\framework-arduinoststm8\cores\sduino\wiring.c: 164: m *= T4PERIOD;
      000073 90 89            [ 2]  218 	pushw	y
      000075 1E 0C            [ 2]  219 	ldw	x, (0x0c, sp)
      000077 89               [ 2]  220 	pushw	x
      000078 4B FA            [ 1]  221 	push	#0xfa
      00007A 5F               [ 1]  222 	clrw	x
      00007B 89               [ 2]  223 	pushw	x
      00007C 4B 00            [ 1]  224 	push	#0x00
      00007E CDr00r00         [ 4]  225 	call	__mullong
      000081 5B 08            [ 2]  226 	addw	sp, #8
      000083 1F 08            [ 2]  227 	ldw	(0x08, sp), x
      000085 17 06            [ 2]  228 	ldw	(0x06, sp), y
                                    229 ;	C:\Users\sineirx\.platformio\packages\framework-arduinoststm8\cores\sduino\wiring.c: 165: m += t;
      000087 7B 01            [ 1]  230 	ld	a, (0x01, sp)
      000089 0F 04            [ 1]  231 	clr	(0x04, sp)
      00008B 5F               [ 1]  232 	clrw	x
      00008C 90 97            [ 1]  233 	ld	yl, a
      00008E 7B 04            [ 1]  234 	ld	a, (0x04, sp)
      000090 90 95            [ 1]  235 	ld	yh, a
      000092 72 F9 08         [ 2]  236 	addw	y, (0x08, sp)
      000095 9F               [ 1]  237 	ld	a, xl
      000096 19 07            [ 1]  238 	adc	a, (0x07, sp)
      000098 02               [ 1]  239 	rlwa	x
      000099 19 06            [ 1]  240 	adc	a, (0x06, sp)
      00009B 95               [ 1]  241 	ld	xh, a
                                    242 ;	C:\Users\sineirx\.platformio\packages\framework-arduinoststm8\cores\sduino\wiring.c: 167: m *= ((T4PRESCALER_FACTOR*1000000L)/(F_CPU));
      00009C 51               [ 1]  243 	exgw	x, y
      00009D A6 02            [ 1]  244 	ld	a, #0x02
      00009F                        245 00116$:
      00009F 58               [ 2]  246 	sllw	x
      0000A0 90 59            [ 2]  247 	rlcw	y
      0000A2 4A               [ 1]  248 	dec	a
      0000A3 26 FA            [ 1]  249 	jrne	00116$
                                    250 ;	C:\Users\sineirx\.platformio\packages\framework-arduinoststm8\cores\sduino\wiring.c: 168: return m;
      0000A5 5B 0D            [ 2]  251 	addw	sp, #13
      0000A7 81               [ 4]  252 	ret
                                    253 ;	C:\Users\sineirx\.platformio\packages\framework-arduinoststm8\cores\sduino\wiring.c: 184: void delay(unsigned long ms)
                                    254 ;	-----------------------------------------
                                    255 ;	 function delay
                                    256 ;	-----------------------------------------
      0000A8                        257 _delay:
      0000A8 52 0C            [ 2]  258 	sub	sp, #12
                                    259 ;	C:\Users\sineirx\.platformio\packages\framework-arduinoststm8\cores\sduino\wiring.c: 188: start = (uint16_t) micros();	// use the lower 16 bits
      0000AA CDr00r43         [ 4]  260 	call	_micros
                                    261 ;	C:\Users\sineirx\.platformio\packages\framework-arduinoststm8\cores\sduino\wiring.c: 190: while (ms > 0) {
      0000AD                        262 00105$:
      0000AD 16 11            [ 2]  263 	ldw	y, (0x11, sp)
      0000AF 26 04            [ 1]  264 	jrne	00130$
      0000B1 16 0F            [ 2]  265 	ldw	y, (0x0f, sp)
      0000B3 27 4C            [ 1]  266 	jreq	00108$
      0000B5                        267 00130$:
                                    268 ;	C:\Users\sineirx\.platformio\packages\framework-arduinoststm8\cores\sduino\wiring.c: 192: now = (uint16_t) micros();	// use the lower 16 bits
      0000B5 89               [ 2]  269 	pushw	x
      0000B6 CDr00r43         [ 4]  270 	call	_micros
      0000B9 1F 07            [ 2]  271 	ldw	(0x07, sp), x
      0000BB 85               [ 2]  272 	popw	x
      0000BC 16 05            [ 2]  273 	ldw	y, (0x05, sp)
      0000BE 17 01            [ 2]  274 	ldw	(0x01, sp), y
                                    275 ;	C:\Users\sineirx\.platformio\packages\framework-arduinoststm8\cores\sduino\wiring.c: 193: while ( (ms > 0) && ((uint16_t)(now-start) >= 1000) ) {
      0000C0 16 11            [ 2]  276 	ldw	y, (0x11, sp)
      0000C2 17 0B            [ 2]  277 	ldw	(0x0b, sp), y
      0000C4 16 0F            [ 2]  278 	ldw	y, (0x0f, sp)
      0000C6 17 09            [ 2]  279 	ldw	(0x09, sp), y
      0000C8 1F 07            [ 2]  280 	ldw	(0x07, sp), x
      0000CA                        281 00102$:
      0000CA 16 0B            [ 2]  282 	ldw	y, (0x0b, sp)
      0000CC 26 04            [ 1]  283 	jrne	00131$
      0000CE 16 09            [ 2]  284 	ldw	y, (0x09, sp)
      0000D0 27 DB            [ 1]  285 	jreq	00105$
      0000D2                        286 00131$:
      0000D2 16 01            [ 2]  287 	ldw	y, (0x01, sp)
      0000D4 72 F2 07         [ 2]  288 	subw	y, (0x07, sp)
      0000D7 90 A3 03 E8      [ 2]  289 	cpw	y, #0x03e8
      0000DB 25 D0            [ 1]  290 	jrc	00105$
                                    291 ;	C:\Users\sineirx\.platformio\packages\framework-arduinoststm8\cores\sduino\wiring.c: 194: ms--;
      0000DD 1E 0B            [ 2]  292 	ldw	x, (0x0b, sp)
      0000DF 1D 00 01         [ 2]  293 	subw	x, #0x0001
      0000E2 1F 0B            [ 2]  294 	ldw	(0x0b, sp), x
      0000E4 7B 0A            [ 1]  295 	ld	a, (0x0a, sp)
      0000E6 A2 00            [ 1]  296 	sbc	a, #0x00
      0000E8 6B 0A            [ 1]  297 	ld	(0x0a, sp), a
      0000EA 7B 09            [ 1]  298 	ld	a, (0x09, sp)
      0000EC A2 00            [ 1]  299 	sbc	a, #0x00
      0000EE 6B 09            [ 1]  300 	ld	(0x09, sp), a
      0000F0 16 0B            [ 2]  301 	ldw	y, (0x0b, sp)
      0000F2 17 11            [ 2]  302 	ldw	(0x11, sp), y
      0000F4 16 09            [ 2]  303 	ldw	y, (0x09, sp)
      0000F6 17 0F            [ 2]  304 	ldw	(0x0f, sp), y
                                    305 ;	C:\Users\sineirx\.platformio\packages\framework-arduinoststm8\cores\sduino\wiring.c: 195: start += 1000;
      0000F8 1E 07            [ 2]  306 	ldw	x, (0x07, sp)
      0000FA 1C 03 E8         [ 2]  307 	addw	x, #0x03e8
      0000FD 1F 07            [ 2]  308 	ldw	(0x07, sp), x
      0000FF 20 C9            [ 2]  309 	jra	00102$
      000101                        310 00108$:
      000101 5B 0C            [ 2]  311 	addw	sp, #12
      000103 81               [ 4]  312 	ret
                                    313 ;	C:\Users\sineirx\.platformio\packages\framework-arduinoststm8\cores\sduino\wiring.c: 206: void delayMicroseconds(unsigned int us)
                                    314 ;	-----------------------------------------
                                    315 ;	 function delayMicroseconds
                                    316 ;	-----------------------------------------
      000104                        317 _delayMicroseconds:
      000104 52 10            [ 2]  318 	sub	sp, #16
                                    319 ;	C:\Users\sineirx\.platformio\packages\framework-arduinoststm8\cores\sduino\wiring.c: 208: uint32_t start = micros();
      000106 CDr00r43         [ 4]  320 	call	_micros
      000109 1F 03            [ 2]  321 	ldw	(0x03, sp), x
      00010B 17 01            [ 2]  322 	ldw	(0x01, sp), y
                                    323 ;	C:\Users\sineirx\.platformio\packages\framework-arduinoststm8\cores\sduino\wiring.c: 211: while (micros() - start < us)
      00010D                        324 00101$:
      00010D CDr00r43         [ 4]  325 	call	_micros
      000110 61               [ 1]  326 	exg	a, yl
      000111 6B 06            [ 1]  327 	ld	(0x06, sp), a
      000113 61               [ 1]  328 	exg	a, yl
      000114 72 F0 03         [ 2]  329 	subw	x, (0x03, sp)
      000117 7B 06            [ 1]  330 	ld	a, (0x06, sp)
      000119 12 02            [ 1]  331 	sbc	a, (0x02, sp)
      00011B 88               [ 1]  332 	push	a
      00011C 90 9E            [ 1]  333 	ld	a, yh
      00011E 12 02            [ 1]  334 	sbc	a, (0x02, sp)
      000120 6B 0E            [ 1]  335 	ld	(0x0e, sp), a
      000122 84               [ 1]  336 	pop	a
      000123 16 13            [ 2]  337 	ldw	y, (0x13, sp)
      000125 17 0B            [ 2]  338 	ldw	(0x0b, sp), y
      000127 0F 0A            [ 1]  339 	clr	(0x0a, sp)
      000129 0F 09            [ 1]  340 	clr	(0x09, sp)
      00012B 88               [ 1]  341 	push	a
      00012C 13 0C            [ 2]  342 	cpw	x, (0x0c, sp)
      00012E 84               [ 1]  343 	pop	a
      00012F 12 0A            [ 1]  344 	sbc	a, (0x0a, sp)
      000131 7B 0D            [ 1]  345 	ld	a, (0x0d, sp)
      000133 12 09            [ 1]  346 	sbc	a, (0x09, sp)
      000135 24 03            [ 1]  347 	jrnc	00104$
                                    348 ;	C:\Users\sineirx\.platformio\packages\framework-arduinoststm8\cores\sduino\wiring.c: 212: nop();
      000137 9D               [ 1]  349 	nop
      000138 20 D3            [ 2]  350 	jra	00101$
      00013A                        351 00104$:
      00013A 5B 10            [ 2]  352 	addw	sp, #16
      00013C 81               [ 4]  353 	ret
                                    354 ;	C:\Users\sineirx\.platformio\packages\framework-arduinoststm8\cores\sduino\wiring.c: 447: void init()
                                    355 ;	-----------------------------------------
                                    356 ;	 function init
                                    357 ;	-----------------------------------------
      00013D                        358 _init:
                                    359 ;	C:\Users\sineirx\.platformio\packages\framework-arduinoststm8\cores\sduino\wiring.c: 451: CFG->GCR = CFG_GCR_SWD;
      00013D 35 01 7F 60      [ 1]  360 	mov	0x7f60+0, #0x01
                                    361 ;	C:\Users\sineirx\.platformio\packages\framework-arduinoststm8\cores\sduino\wiring.c: 458: CLK->CKDIVR = 0;
      000141 35 00 50 C6      [ 1]  362 	mov	0x50c6+0, #0x00
                                    363 ;	C:\Users\sineirx\.platformio\packages\framework-arduinoststm8\cores\sduino\wiring.c: 461: GPIO_DeInit(GPIOA);
      000145 4B 00            [ 1]  364 	push	#0x00
      000147 4B 50            [ 1]  365 	push	#0x50
      000149 CDr00r00         [ 4]  366 	call	_GPIO_DeInit
      00014C 5B 02            [ 2]  367 	addw	sp, #2
                                    368 ;	C:\Users\sineirx\.platformio\packages\framework-arduinoststm8\cores\sduino\wiring.c: 462: GPIO_DeInit(GPIOB);
      00014E 4B 05            [ 1]  369 	push	#0x05
      000150 4B 50            [ 1]  370 	push	#0x50
      000152 CDr00r00         [ 4]  371 	call	_GPIO_DeInit
      000155 5B 02            [ 2]  372 	addw	sp, #2
                                    373 ;	C:\Users\sineirx\.platformio\packages\framework-arduinoststm8\cores\sduino\wiring.c: 463: GPIO_DeInit(GPIOC);
      000157 4B 0A            [ 1]  374 	push	#0x0a
      000159 4B 50            [ 1]  375 	push	#0x50
      00015B CDr00r00         [ 4]  376 	call	_GPIO_DeInit
      00015E 5B 02            [ 2]  377 	addw	sp, #2
                                    378 ;	C:\Users\sineirx\.platformio\packages\framework-arduinoststm8\cores\sduino\wiring.c: 464: GPIO_DeInit(GPIOD);
      000160 4B 0F            [ 1]  379 	push	#0x0f
      000162 4B 50            [ 1]  380 	push	#0x50
      000164 CDr00r00         [ 4]  381 	call	_GPIO_DeInit
      000167 5B 02            [ 2]  382 	addw	sp, #2
                                    383 ;	C:\Users\sineirx\.platformio\packages\framework-arduinoststm8\cores\sduino\wiring.c: 465: GPIO_DeInit(GPIOE);	// not present on STM8S103
      000169 4B 14            [ 1]  384 	push	#0x14
      00016B 4B 50            [ 1]  385 	push	#0x50
      00016D CDr00r00         [ 4]  386 	call	_GPIO_DeInit
      000170 5B 02            [ 2]  387 	addw	sp, #2
                                    388 ;	C:\Users\sineirx\.platformio\packages\framework-arduinoststm8\cores\sduino\wiring.c: 466: GPIO_DeInit(GPIOF);	// not present on STM8S103
      000172 4B 19            [ 1]  389 	push	#0x19
      000174 4B 50            [ 1]  390 	push	#0x50
      000176 CDr00r00         [ 4]  391 	call	_GPIO_DeInit
      000179 5B 02            [ 2]  392 	addw	sp, #2
                                    393 ;	C:\Users\sineirx\.platformio\packages\framework-arduinoststm8\cores\sduino\wiring.c: 478: UART1_DeInit();
      00017B CDr00r00         [ 4]  394 	call	_UART1_DeInit
                                    395 ;	C:\Users\sineirx\.platformio\packages\framework-arduinoststm8\cores\sduino\wiring.c: 484: TIM4_DeInit();
      00017E CDr00r00         [ 4]  396 	call	_TIM4_DeInit
                                    397 ;	C:\Users\sineirx\.platformio\packages\framework-arduinoststm8\cores\sduino\wiring.c: 496: TIM4->PSCR = (uint8_t)(T4PRESCALER);
      000181 35 06 53 47      [ 1]  398 	mov	0x5347+0, #0x06
                                    399 ;	C:\Users\sineirx\.platformio\packages\framework-arduinoststm8\cores\sduino\wiring.c: 498: TIM4->ARR = (uint8_t)(T4PERIOD-1);
      000185 35 F9 53 48      [ 1]  400 	mov	0x5348+0, #0xf9
                                    401 ;	C:\Users\sineirx\.platformio\packages\framework-arduinoststm8\cores\sduino\wiring.c: 500: TIM4->SR1 = (uint8_t)(~TIM4_FLAG_UPDATE);
      000189 35 FE 53 44      [ 1]  402 	mov	0x5344+0, #0xfe
                                    403 ;	C:\Users\sineirx\.platformio\packages\framework-arduinoststm8\cores\sduino\wiring.c: 502: TIM4->IER |= TIM4_IT_UPDATE;
      00018D 72 10 53 43      [ 1]  404 	bset	0x5343, #0
                                    405 ;	C:\Users\sineirx\.platformio\packages\framework-arduinoststm8\cores\sduino\wiring.c: 504: TIM4->CR1 |= TIM4_CR1_CEN;
      000191 AE 53 40         [ 2]  406 	ldw	x, #0x5340
      000194 F6               [ 1]  407 	ld	a, (x)
      000195 AA 01            [ 1]  408 	or	a, #0x01
      000197 F7               [ 1]  409 	ld	(x), a
                                    410 ;	C:\Users\sineirx\.platformio\packages\framework-arduinoststm8\cores\sduino\wiring.c: 513: TIM1_DeInit();	// keep this
      000198 CDr00r00         [ 4]  411 	call	_TIM1_DeInit
                                    412 ;	C:\Users\sineirx\.platformio\packages\framework-arduinoststm8\cores\sduino\wiring.c: 515: TIM1_TimeBaseInit(63, TIM1_COUNTERMODE_UP, 255, 0);	// keep this
      00019B 4B 00            [ 1]  413 	push	#0x00
      00019D 4B FF            [ 1]  414 	push	#0xff
      00019F 4B 00            [ 1]  415 	push	#0x00
      0001A1 4B 00            [ 1]  416 	push	#0x00
      0001A3 4B 3F            [ 1]  417 	push	#0x3f
      0001A5 4B 00            [ 1]  418 	push	#0x00
      0001A7 CDr00r00         [ 4]  419 	call	_TIM1_TimeBaseInit
      0001AA 5B 06            [ 2]  420 	addw	sp, #6
                                    421 ;	C:\Users\sineirx\.platformio\packages\framework-arduinoststm8\cores\sduino\wiring.c: 559: TIM1->CCER1 = 0;	// channel 1 and 2 disabled
      0001AC 35 00 52 5C      [ 1]  422 	mov	0x525c+0, #0x00
                                    423 ;	C:\Users\sineirx\.platformio\packages\framework-arduinoststm8\cores\sduino\wiring.c: 560: TIM1->CCER2 = 0;	// channel 3 and 4 disabled
      0001B0 35 00 52 5D      [ 1]  424 	mov	0x525d+0, #0x00
                                    425 ;	C:\Users\sineirx\.platformio\packages\framework-arduinoststm8\cores\sduino\wiring.c: 562: TIM1->CCMR1 = TIM1_OCMODE_PWM2 | TIM1_CCMR_OCxPE;
      0001B4 35 78 52 58      [ 1]  426 	mov	0x5258+0, #0x78
                                    427 ;	C:\Users\sineirx\.platformio\packages\framework-arduinoststm8\cores\sduino\wiring.c: 563: TIM1->CCMR2 = TIM1_OCMODE_PWM2 | TIM1_CCMR_OCxPE;
      0001B8 35 78 52 59      [ 1]  428 	mov	0x5259+0, #0x78
                                    429 ;	C:\Users\sineirx\.platformio\packages\framework-arduinoststm8\cores\sduino\wiring.c: 564: TIM1->CCMR3 = TIM1_OCMODE_PWM2 | TIM1_CCMR_OCxPE;
      0001BC 35 78 52 5A      [ 1]  430 	mov	0x525a+0, #0x78
                                    431 ;	C:\Users\sineirx\.platformio\packages\framework-arduinoststm8\cores\sduino\wiring.c: 565: TIM1->CCMR4 = TIM1_OCMODE_PWM2 | TIM1_CCMR_OCxPE;
      0001C0 35 78 52 5B      [ 1]  432 	mov	0x525b+0, #0x78
                                    433 ;	C:\Users\sineirx\.platformio\packages\framework-arduinoststm8\cores\sduino\wiring.c: 576: TIM1->CR1 = TIM1_CR1_CEN;	// TIM1_Cmd(ENABLE);
      0001C4 35 01 52 50      [ 1]  434 	mov	0x5250+0, #0x01
                                    435 ;	C:\Users\sineirx\.platformio\packages\framework-arduinoststm8\cores\sduino\wiring.c: 577: TIM1->BKR = TIM1_BKR_MOE;	// TIM1_CtrlPWMOutputs(ENABLE);
      0001C8 35 80 52 6D      [ 1]  436 	mov	0x526d+0, #0x80
                                    437 ;	C:\Users\sineirx\.platformio\packages\framework-arduinoststm8\cores\sduino\wiring.c: 581: TIM2_DeInit();
      0001CC CDr00r00         [ 4]  438 	call	_TIM2_DeInit
                                    439 ;	C:\Users\sineirx\.platformio\packages\framework-arduinoststm8\cores\sduino\wiring.c: 582: TIM2_TimeBaseInit(TIM2_PRESCALER_64, 255);
      0001CF 4B FF            [ 1]  440 	push	#0xff
      0001D1 4B 00            [ 1]  441 	push	#0x00
      0001D3 4B 06            [ 1]  442 	push	#0x06
      0001D5 CDr00r00         [ 4]  443 	call	_TIM2_TimeBaseInit
      0001D8 5B 03            [ 2]  444 	addw	sp, #3
                                    445 ;	C:\Users\sineirx\.platformio\packages\framework-arduinoststm8\cores\sduino\wiring.c: 610: TIM2->CCER1 = 0;	// channel 1 and 2 disabled
      0001DA 35 00 53 0A      [ 1]  446 	mov	0x530a+0, #0x00
                                    447 ;	C:\Users\sineirx\.platformio\packages\framework-arduinoststm8\cores\sduino\wiring.c: 611: TIM2->CCER2 = 0;	// channel 3 and 4 disabled
      0001DE 35 00 53 0B      [ 1]  448 	mov	0x530b+0, #0x00
                                    449 ;	C:\Users\sineirx\.platformio\packages\framework-arduinoststm8\cores\sduino\wiring.c: 613: TIM2->CCMR1 = TIM2_OCMODE_PWM1 | TIM2_CCMR_OCxPE;
      0001E2 35 68 53 07      [ 1]  450 	mov	0x5307+0, #0x68
                                    451 ;	C:\Users\sineirx\.platformio\packages\framework-arduinoststm8\cores\sduino\wiring.c: 614: TIM2->CCMR2 = TIM2_OCMODE_PWM1 | TIM2_CCMR_OCxPE;
      0001E6 35 68 53 08      [ 1]  452 	mov	0x5308+0, #0x68
                                    453 ;	C:\Users\sineirx\.platformio\packages\framework-arduinoststm8\cores\sduino\wiring.c: 615: TIM2->CCMR3 = TIM2_OCMODE_PWM1 | TIM2_CCMR_OCxPE;
      0001EA 35 68 53 09      [ 1]  454 	mov	0x5309+0, #0x68
                                    455 ;	C:\Users\sineirx\.platformio\packages\framework-arduinoststm8\cores\sduino\wiring.c: 617: TIM2->CR1 = TIM2_CR1_CEN;	// TIM1_Cmd(ENABLE);
      0001EE 35 01 53 00      [ 1]  456 	mov	0x5300+0, #0x01
                                    457 ;	C:\Users\sineirx\.platformio\packages\framework-arduinoststm8\cores\sduino\wiring.c: 659: ADC1_DeInit();
      0001F2 CDr00r00         [ 4]  458 	call	_ADC1_DeInit
                                    459 ;	C:\Users\sineirx\.platformio\packages\framework-arduinoststm8\cores\sduino\wiring.c: 665: ADC1->CR1 = 6 <<4;
      0001F5 35 60 54 01      [ 1]  460 	mov	0x5401+0, #0x60
                                    461 ;	C:\Users\sineirx\.platformio\packages\framework-arduinoststm8\cores\sduino\wiring.c: 712: enableInterrupts();
      0001F9 9A               [ 1]  462 	rim
      0001FA 81               [ 4]  463 	ret
                                    464 ;	C:\Users\sineirx\.platformio\packages\framework-arduinoststm8\cores\sduino\wiring.c: 742: void main(void)
                                    465 ;	-----------------------------------------
                                    466 ;	 function main
                                    467 ;	-----------------------------------------
      0001FB                        468 _main:
                                    469 ;	C:\Users\sineirx\.platformio\packages\framework-arduinoststm8\cores\sduino\wiring.c: 744: init();
      0001FB CDr01r3D         [ 4]  470 	call	_init
                                    471 ;	C:\Users\sineirx\.platformio\packages\framework-arduinoststm8\cores\sduino\wiring.c: 746: initVariant();
      0001FE CDr00r00         [ 4]  472 	call	_initVariant
                                    473 ;	C:\Users\sineirx\.platformio\packages\framework-arduinoststm8\cores\sduino\wiring.c: 748: setup();
      000201 CDr00r00         [ 4]  474 	call	_setup
      000204                        475 00104$:
                                    476 ;	C:\Users\sineirx\.platformio\packages\framework-arduinoststm8\cores\sduino\wiring.c: 751: loop();
      000204 CDr00r00         [ 4]  477 	call	_loop
                                    478 ;	C:\Users\sineirx\.platformio\packages\framework-arduinoststm8\cores\sduino\wiring.c: 752: if (runSerialEvent) serialEvent();
      000207 72 5Du00u09      [ 1]  479 	tnz	_runSerialEvent+0
      00020B 27 F7            [ 1]  480 	jreq	00104$
      00020D CDr00r00         [ 4]  481 	call	_serialEvent
      000210 20 F2            [ 2]  482 	jra	00104$
      000212 81               [ 4]  483 	ret
                                    484 	.area CODE
                                    485 	.area INITIALIZER
                                    486 	.area CABS (ABS)
